<?xml version="1.0" encoding="UTF-8"?>
<!-- Generated by org.testng.reporters.JUnitReportReporter -->
<testsuite name="TestCases.TestCases" tests="43" time="7182.602" ignored="617" failures="4" timestamp="09 Dec 2020 19:12:02 GMT" skipped="0" hostname="xpitax-11568" errors="0">
  <testcase name="UR_IPA_01" time="207.961" classname="TestCases.TestCases">
    <failure type="java.lang.AssertionError" message="null">
      <![CDATA[java.lang.AssertionError: null
	at org.testng.Assert.fail(Assert.java:94)
	at org.testng.Assert.fail(Assert.java:101)
	at utilities.Common.testFailed(Common.java:148)
	at TestCases.TestCases.TestEnd(TestCases.java:10774)
	at TestCases.TestCases.UR_IPA_01(TestCases.java:150)
	at sun.reflect.NativeMethodAccessorImpl.invoke0(Native Method)
	at sun.reflect.NativeMethodAccessorImpl.invoke(Unknown Source)
	at sun.reflect.DelegatingMethodAccessorImpl.invoke(Unknown Source)
	at java.lang.reflect.Method.invoke(Unknown Source)
	at org.testng.internal.MethodInvocationHelper.invokeMethod(MethodInvocationHelper.java:104)
	at org.testng.internal.Invoker.invokeMethod(Invoker.java:645)
	at org.testng.internal.Invoker.invokeTestMethod(Invoker.java:851)
	at org.testng.internal.Invoker.invokeTestMethods(Invoker.java:1177)
	at org.testng.internal.TestMethodWorker.invokeTestMethods(TestMethodWorker.java:129)
	at org.testng.internal.TestMethodWorker.run(TestMethodWorker.java:112)
	at org.testng.TestRunner.privateRun(TestRunner.java:756)
	at org.testng.TestRunner.run(TestRunner.java:610)
	at org.testng.SuiteRunner.runTest(SuiteRunner.java:387)
	at org.testng.SuiteRunner.access$000(SuiteRunner.java:39)
	at org.testng.SuiteRunner$SuiteWorker.run(SuiteRunner.java:421)
	at org.testng.internal.thread.ThreadUtil$2.call(ThreadUtil.java:64)
	at java.util.concurrent.FutureTask.run(Unknown Source)
	at java.util.concurrent.ThreadPoolExecutor.runWorker(Unknown Source)
	at java.util.concurrent.ThreadPoolExecutor$Worker.run(Unknown Source)
	at java.lang.Thread.run(Unknown Source)
]]>
    </failure>
  </testcase> <!-- UR_IPA_01 -->
  <testcase name="CR_ESR_01" time="164.675" classname="TestCases.TestCases"/>
  <testcase name="DDR_SUM_01" time="161.018" classname="TestCases.TestCases"/>
  <testcase name="TDR_SBD_01" time="160.215" classname="TestCases.TestCases"/>
  <testcase name="UR_MCT_01" time="160.550" classname="TestCases.TestCases"/>
  <testcase name="TDR_CAS_01" time="161.416" classname="TestCases.TestCases"/>
  <testcase name="AR_GD_01" time="161.421" classname="TestCases.TestCases"/>
  <testcase name="TDR_TTC_01" time="160.093" classname="TestCases.TestCases"/>
  <testcase name="CR_EDTL_01" time="161.798" classname="TestCases.TestCases"/>
  <testcase name="AR_YTCR_01" time="172.416" classname="TestCases.TestCases"/>
  <testcase name="SR_TTT_01" time="160.361" classname="TestCases.TestCases"/>
  <testcase name="CR_SOD_01" time="165.073" classname="TestCases.TestCases"/>
  <testcase name="AR_RT_01" time="160.428" classname="TestCases.TestCases"/>
  <testcase name="UR_CLD_01" time="161.346" classname="TestCases.TestCases"/>
  <testcase name="SR_UW_01" time="86.760" classname="TestCases.TestCases">
    <failure type="java.lang.AssertionError" message="null">
      <![CDATA[java.lang.AssertionError: null
	at org.testng.Assert.fail(Assert.java:94)
	at org.testng.Assert.fail(Assert.java:101)
	at utilities.Common.testFailed(Common.java:148)
	at TestCases.TestCases.TestEnd(TestCases.java:10774)
	at TestCases.TestCases.SR_UW_01(TestCases.java:6351)
	at sun.reflect.NativeMethodAccessorImpl.invoke0(Native Method)
	at sun.reflect.NativeMethodAccessorImpl.invoke(Unknown Source)
	at sun.reflect.DelegatingMethodAccessorImpl.invoke(Unknown Source)
	at java.lang.reflect.Method.invoke(Unknown Source)
	at org.testng.internal.MethodInvocationHelper.invokeMethod(MethodInvocationHelper.java:104)
	at org.testng.internal.Invoker.invokeMethod(Invoker.java:645)
	at org.testng.internal.Invoker.invokeTestMethod(Invoker.java:851)
	at org.testng.internal.Invoker.invokeTestMethods(Invoker.java:1177)
	at org.testng.internal.TestMethodWorker.invokeTestMethods(TestMethodWorker.java:129)
	at org.testng.internal.TestMethodWorker.run(TestMethodWorker.java:112)
	at org.testng.TestRunner.privateRun(TestRunner.java:756)
	at org.testng.TestRunner.run(TestRunner.java:610)
	at org.testng.SuiteRunner.runTest(SuiteRunner.java:387)
	at org.testng.SuiteRunner.access$000(SuiteRunner.java:39)
	at org.testng.SuiteRunner$SuiteWorker.run(SuiteRunner.java:421)
	at org.testng.internal.thread.ThreadUtil$2.call(ThreadUtil.java:64)
	at java.util.concurrent.FutureTask.run(Unknown Source)
	at java.util.concurrent.ThreadPoolExecutor.runWorker(Unknown Source)
	at java.util.concurrent.ThreadPoolExecutor$Worker.run(Unknown Source)
	at java.lang.Thread.run(Unknown Source)
]]>
    </failure>
  </testcase> <!-- SR_UW_01 -->
  <testcase name="TDR_EA_01" time="216.026" classname="TestCases.TestCases"/>
  <testcase name="DDR_BDDF_01" time="160.226" classname="TestCases.TestCases"/>
  <testcase name="TDR_DET_01" time="162.248" classname="TestCases.TestCases"/>
  <testcase name="TDR_BA_01" time="220.968" classname="TestCases.TestCases"/>
  <testcase name="TDR_OUT_01" time="159.766" classname="TestCases.TestCases"/>
  <testcase name="CR_ED_01" time="160.882" classname="TestCases.TestCases"/>
  <testcase name="AR_UD_01" time="164.297" classname="TestCases.TestCases"/>
  <testcase name="DDR_EXT_01" time="281.628" classname="TestCases.TestCases"/>
  <testcase name="AR_SA_01" time="161.532" classname="TestCases.TestCases"/>
  <testcase name="TC_Logout" time="1.796" classname="TestCases.TestCases"/>
  <testcase name="DDR_BDDS_01" time="161.897" classname="TestCases.TestCases"/>
  <testcase name="SR_TBS_01" time="161.562" classname="TestCases.TestCases"/>
  <testcase name="DDR_BD_01" time="161.334" classname="TestCases.TestCases"/>
  <testcase name="UR_TIM_01" time="159.983" classname="TestCases.TestCases"/>
  <testcase name="DDR_SDF_01" time="160.666" classname="TestCases.TestCases"/>
  <testcase name="AR_CED_01" time="161.166" classname="TestCases.TestCases"/>
  <testcase name="CR_SO_01" time="180.701" classname="TestCases.TestCases"/>
  <testcase name="TDR_TSA_01" time="161.977" classname="TestCases.TestCases"/>
  <testcase name="TC_Login" time="23.218" classname="TestCases.TestCases"/>
  <testcase name="TDR_SBCE_001" time="160.065" classname="TestCases.TestCases"/>
  <testcase name="UR_CLS_01" time="160.088" classname="TestCases.TestCases"/>
  <testcase name="TDR_EFS_01" time="191.320" classname="TestCases.TestCases"/>
  <testcase name="AR_OB_01" time="167.437" classname="TestCases.TestCases"/>
  <testcase name="TDR_SBS_001" time="274.970" classname="TestCases.TestCases">
    <failure type="java.lang.AssertionError" message="null">
      <![CDATA[java.lang.AssertionError: null
	at org.testng.Assert.fail(Assert.java:94)
	at org.testng.Assert.fail(Assert.java:101)
	at utilities.Common.testFailed(Common.java:148)
	at TestCases.TestCases.TestEnd(TestCases.java:10774)
	at TestCases.TestCases.TDR_SBS_001(TestCases.java:2147)
	at sun.reflect.NativeMethodAccessorImpl.invoke0(Native Method)
	at sun.reflect.NativeMethodAccessorImpl.invoke(Unknown Source)
	at sun.reflect.DelegatingMethodAccessorImpl.invoke(Unknown Source)
	at java.lang.reflect.Method.invoke(Unknown Source)
	at org.testng.internal.MethodInvocationHelper.invokeMethod(MethodInvocationHelper.java:104)
	at org.testng.internal.Invoker.invokeMethod(Invoker.java:645)
	at org.testng.internal.Invoker.invokeTestMethod(Invoker.java:851)
	at org.testng.internal.Invoker.invokeTestMethods(Invoker.java:1177)
	at org.testng.internal.TestMethodWorker.invokeTestMethods(TestMethodWorker.java:129)
	at org.testng.internal.TestMethodWorker.run(TestMethodWorker.java:112)
	at org.testng.TestRunner.privateRun(TestRunner.java:756)
	at org.testng.TestRunner.run(TestRunner.java:610)
	at org.testng.SuiteRunner.runTest(SuiteRunner.java:387)
	at org.testng.SuiteRunner.access$000(SuiteRunner.java:39)
	at org.testng.SuiteRunner$SuiteWorker.run(SuiteRunner.java:421)
	at org.testng.internal.thread.ThreadUtil$2.call(ThreadUtil.java:64)
	at java.util.concurrent.FutureTask.run(Unknown Source)
	at java.util.concurrent.ThreadPoolExecutor.runWorker(Unknown Source)
	at java.util.concurrent.ThreadPoolExecutor$Worker.run(Unknown Source)
	at java.lang.Thread.run(Unknown Source)
]]>
    </failure>
  </testcase> <!-- TDR_SBS_001 -->
  <testcase name="AR_WSM_01" time="160.199" classname="TestCases.TestCases"/>
  <testcase name="TDR_BS_01" time="309.950" classname="TestCases.TestCases"/>
  <testcase name="SR_BUD_01" time="170.744" classname="TestCases.TestCases">
    <failure type="java.lang.AssertionError" message="null">
      <![CDATA[java.lang.AssertionError: null
	at org.testng.Assert.fail(Assert.java:94)
	at org.testng.Assert.fail(Assert.java:101)
	at utilities.Common.testFailed(Common.java:148)
	at TestCases.TestCases.TestEnd(TestCases.java:10774)
	at TestCases.TestCases.SR_BUD_01(TestCases.java:6633)
	at sun.reflect.NativeMethodAccessorImpl.invoke0(Native Method)
	at sun.reflect.NativeMethodAccessorImpl.invoke(Unknown Source)
	at sun.reflect.DelegatingMethodAccessorImpl.invoke(Unknown Source)
	at java.lang.reflect.Method.invoke(Unknown Source)
	at org.testng.internal.MethodInvocationHelper.invokeMethod(MethodInvocationHelper.java:104)
	at org.testng.internal.Invoker.invokeMethod(Invoker.java:645)
	at org.testng.internal.Invoker.invokeTestMethod(Invoker.java:851)
	at org.testng.internal.Invoker.invokeTestMethods(Invoker.java:1177)
	at org.testng.internal.TestMethodWorker.invokeTestMethods(TestMethodWorker.java:129)
	at org.testng.internal.TestMethodWorker.run(TestMethodWorker.java:112)
	at org.testng.TestRunner.privateRun(TestRunner.java:756)
	at org.testng.TestRunner.run(TestRunner.java:610)
	at org.testng.SuiteRunner.runTest(SuiteRunner.java:387)
	at org.testng.SuiteRunner.access$000(SuiteRunner.java:39)
	at org.testng.SuiteRunner$SuiteWorker.run(SuiteRunner.java:421)
	at org.testng.internal.thread.ThreadUtil$2.call(ThreadUtil.java:64)
	at java.util.concurrent.FutureTask.run(Unknown Source)
	at java.util.concurrent.ThreadPoolExecutor.runWorker(Unknown Source)
	at java.util.concurrent.ThreadPoolExecutor$Worker.run(Unknown Source)
	at java.lang.Thread.run(Unknown Source)
]]>
    </failure>
  </testcase> <!-- SR_BUD_01 -->
  <testcase name="UR_IPO_01" time="160.425" classname="TestCases.TestCases"/>
  <testcase name="DDR_BDDS_02" classname="TestCases.TestCases">
    <skipped/>
  </testcase> <!-- DDR_BDDS_02 -->
  <testcase name="DDR_BDDS_08" classname="TestCases.TestCases">
    <skipped/>
  </testcase> <!-- DDR_BDDS_08 -->
  <testcase name="DDR_BDDS_09" classname="TestCases.TestCases">
    <skipped/>
  </testcase> <!-- DDR_BDDS_09 -->
  <testcase name="DDR_BDDS_07" classname="TestCases.TestCases">
    <skipped/>
  </testcase> <!-- DDR_BDDS_07 -->
  <testcase name="DDR_BDDS_04" classname="TestCases.TestCases">
    <skipped/>
  </testcase> <!-- DDR_BDDS_04 -->
  <testcase name="DDR_BDDS_05" classname="TestCases.TestCases">
    <skipped/>
  </testcase> <!-- DDR_BDDS_05 -->
  <testcase name="DDR_BDDS_03" classname="TestCases.TestCases">
    <skipped/>
  </testcase> <!-- DDR_BDDS_03 -->
  <testcase name="CR_ESR_22" classname="TestCases.TestCases">
    <skipped/>
  </testcase> <!-- CR_ESR_22 -->
  <testcase name="DDR_BDDS_06" classname="TestCases.TestCases">
    <skipped/>
  </testcase> <!-- DDR_BDDS_06 -->
  <testcase name="UR_CLD_16" classname="TestCases.TestCases">
    <skipped/>
  </testcase> <!-- UR_CLD_16 -->
  <testcase name="TDR_BS_14" classname="TestCases.TestCases">
    <skipped/>
  </testcase> <!-- TDR_BS_14 -->
  <testcase name="UR_IPA_04" classname="TestCases.TestCases">
    <skipped/>
  </testcase> <!-- UR_IPA_04 -->
  <testcase name="DDR_BDDS_13" classname="TestCases.TestCases">
    <skipped/>
  </testcase> <!-- DDR_BDDS_13 -->
  <testcase name="SR_TTT_09" classname="TestCases.TestCases">
    <skipped/>
  </testcase> <!-- SR_TTT_09 -->
  <testcase name="SR_TTT_06" classname="TestCases.TestCases">
    <skipped/>
  </testcase> <!-- SR_TTT_06 -->
  <testcase name="SR_TTT_07" classname="TestCases.TestCases">
    <skipped/>
  </testcase> <!-- SR_TTT_07 -->
  <testcase name="SR_TTT_05" classname="TestCases.TestCases">
    <skipped/>
  </testcase> <!-- SR_TTT_05 -->
  <testcase name="DDR_BDDS_15" classname="TestCases.TestCases">
    <skipped/>
  </testcase> <!-- DDR_BDDS_15 -->
  <testcase name="DDR_BDDS_16" classname="TestCases.TestCases">
    <skipped/>
  </testcase> <!-- DDR_BDDS_16 -->
  <testcase name="SR_TTT_08" classname="TestCases.TestCases">
    <skipped/>
  </testcase> <!-- SR_TTT_08 -->
  <testcase name="DDR_BDDS_14" classname="TestCases.TestCases">
    <skipped/>
  </testcase> <!-- DDR_BDDS_14 -->
  <testcase name="DDR_BDDS_11" classname="TestCases.TestCases">
    <skipped/>
  </testcase> <!-- DDR_BDDS_11 -->
  <testcase name="DDR_BDDS_12" classname="TestCases.TestCases">
    <skipped/>
  </testcase> <!-- DDR_BDDS_12 -->
  <testcase name="DDR_BDDS_17" classname="TestCases.TestCases">
    <skipped/>
  </testcase> <!-- DDR_BDDS_17 -->
  <testcase name="DDR_BDDS_10" classname="TestCases.TestCases">
    <skipped/>
  </testcase> <!-- DDR_BDDS_10 -->
  <testcase name="SR_TTT_02" classname="TestCases.TestCases">
    <skipped/>
  </testcase> <!-- SR_TTT_02 -->
  <testcase name="SR_TTT_03" classname="TestCases.TestCases">
    <skipped/>
  </testcase> <!-- SR_TTT_03 -->
  <testcase name="SR_TTT_04" classname="TestCases.TestCases">
    <skipped/>
  </testcase> <!-- SR_TTT_04 -->
  <testcase name="UR_CLD_20" classname="TestCases.TestCases">
    <skipped/>
  </testcase> <!-- UR_CLD_20 -->
  <testcase name="UR_IPA_12" classname="TestCases.TestCases">
    <skipped/>
  </testcase> <!-- UR_IPA_12 -->
  <testcase name="DDR_BDDF_12" classname="TestCases.TestCases">
    <skipped/>
  </testcase> <!-- DDR_BDDF_12 -->
  <testcase name="UR_CLD_22" classname="TestCases.TestCases">
    <skipped/>
  </testcase> <!-- UR_CLD_22 -->
  <testcase name="UR_IPA_14" classname="TestCases.TestCases">
    <skipped/>
  </testcase> <!-- UR_IPA_14 -->
  <testcase name="UR_CLD_21" classname="TestCases.TestCases">
    <skipped/>
  </testcase> <!-- UR_CLD_21 -->
  <testcase name="UR_IPA_13" classname="TestCases.TestCases">
    <skipped/>
  </testcase> <!-- UR_IPA_13 -->
  <testcase name="UR_IPA_16" classname="TestCases.TestCases">
    <skipped/>
  </testcase> <!-- UR_IPA_16 -->
  <testcase name="DDR_BDDF_11" classname="TestCases.TestCases">
    <skipped/>
  </testcase> <!-- DDR_BDDF_11 -->
  <testcase name="UR_IPA_17" classname="TestCases.TestCases">
    <skipped/>
  </testcase> <!-- UR_IPA_17 -->
  <testcase name="DDR_BDDF_10" classname="TestCases.TestCases">
    <skipped/>
  </testcase> <!-- DDR_BDDF_10 -->
  <testcase name="UR_IPA_11" classname="TestCases.TestCases">
    <skipped/>
  </testcase> <!-- UR_IPA_11 -->
  <testcase name="UR_IPA_10" classname="TestCases.TestCases">
    <skipped/>
  </testcase> <!-- UR_IPA_10 -->
  <testcase name="CR_SO_16" classname="TestCases.TestCases">
    <skipped/>
  </testcase> <!-- CR_SO_16 -->
  <testcase name="CR_SO_17" classname="TestCases.TestCases">
    <skipped/>
  </testcase> <!-- CR_SO_17 -->
  <testcase name="DDR_BDDF_16" classname="TestCases.TestCases">
    <skipped/>
  </testcase> <!-- DDR_BDDF_16 -->
  <testcase name="DDR_BDDF_13" classname="TestCases.TestCases">
    <skipped/>
  </testcase> <!-- DDR_BDDF_13 -->
  <testcase name="CR_SO_15" classname="TestCases.TestCases">
    <skipped/>
  </testcase> <!-- CR_SO_15 -->
  <testcase name="DDR_BDDF_15" classname="TestCases.TestCases">
    <skipped/>
  </testcase> <!-- DDR_BDDF_15 -->
  <testcase name="CR_SO_10" classname="TestCases.TestCases">
    <skipped/>
  </testcase> <!-- CR_SO_10 -->
  <testcase name="DDR_BDDF_14" classname="TestCases.TestCases">
    <skipped/>
  </testcase> <!-- DDR_BDDF_14 -->
  <testcase name="DDR_BDDF_17" classname="TestCases.TestCases">
    <skipped/>
  </testcase> <!-- DDR_BDDF_17 -->
  <testcase name="CR_SO_14" classname="TestCases.TestCases">
    <skipped/>
  </testcase> <!-- CR_SO_14 -->
  <testcase name="CR_SO_13" classname="TestCases.TestCases">
    <skipped/>
  </testcase> <!-- CR_SO_13 -->
  <testcase name="UR_IPA_08" classname="TestCases.TestCases">
    <skipped/>
  </testcase> <!-- UR_IPA_08 -->
  <testcase name="UR_IPA_03" classname="TestCases.TestCases">
    <skipped/>
  </testcase> <!-- UR_IPA_03 -->
  <testcase name="UR_CLD_11" classname="TestCases.TestCases">
    <skipped/>
  </testcase> <!-- UR_CLD_11 -->
  <testcase name="UR_IPA_02" classname="TestCases.TestCases">
    <skipped/>
  </testcase> <!-- UR_IPA_02 -->
  <testcase name="UR_CLD_10" classname="TestCases.TestCases">
    <skipped/>
  </testcase> <!-- UR_CLD_10 -->
  <testcase name="UR_IPA_05" classname="TestCases.TestCases">
    <skipped/>
  </testcase> <!-- UR_IPA_05 -->
  <testcase name="UR_CLD_12" classname="TestCases.TestCases">
    <skipped/>
  </testcase> <!-- UR_CLD_12 -->
  <testcase name="DDR_BDDF_22" classname="TestCases.TestCases">
    <skipped/>
  </testcase> <!-- DDR_BDDF_22 -->
  <testcase name="UR_IPA_07" classname="TestCases.TestCases">
    <skipped/>
  </testcase> <!-- UR_IPA_07 -->
  <testcase name="UR_IPA_06" classname="TestCases.TestCases">
    <skipped/>
  </testcase> <!-- UR_IPA_06 -->
  <testcase name="UR_CLD_17" classname="TestCases.TestCases">
    <skipped/>
  </testcase> <!-- UR_CLD_17 -->
  <testcase name="UR_CLD_19" classname="TestCases.TestCases">
    <skipped/>
  </testcase> <!-- UR_CLD_19 -->
  <testcase name="UR_CLD_18" classname="TestCases.TestCases">
    <skipped/>
  </testcase> <!-- UR_CLD_18 -->
  <testcase name="UR_CLD_13" classname="TestCases.TestCases">
    <skipped/>
  </testcase> <!-- UR_CLD_13 -->
  <testcase name="UR_CLD_15" classname="TestCases.TestCases">
    <skipped/>
  </testcase> <!-- UR_CLD_15 -->
  <testcase name="UR_CLD_14" classname="TestCases.TestCases">
    <skipped/>
  </testcase> <!-- UR_CLD_14 -->
  <testcase name="CR_SO_22" classname="TestCases.TestCases">
    <skipped/>
  </testcase> <!-- CR_SO_22 -->
  <testcase name="UR_IPA_09" classname="TestCases.TestCases">
    <skipped/>
  </testcase> <!-- UR_IPA_09 -->
  <testcase name="TDR_PORT_14" classname="TestCases.TestCases">
    <skipped/>
  </testcase> <!-- TDR_PORT_14 -->
  <testcase name="UR_IPA_15" classname="TestCases.TestCases">
    <skipped/>
  </testcase> <!-- UR_IPA_15 -->
  <testcase name="SR_TBS_05" classname="TestCases.TestCases">
    <skipped/>
  </testcase> <!-- SR_TBS_05 -->
  <testcase name="SR_TBS_02" classname="TestCases.TestCases">
    <skipped/>
  </testcase> <!-- SR_TBS_02 -->
  <testcase name="SR_TBS_03" classname="TestCases.TestCases">
    <skipped/>
  </testcase> <!-- SR_TBS_03 -->
  <testcase name="SR_TBS_04" classname="TestCases.TestCases">
    <skipped/>
  </testcase> <!-- SR_TBS_04 -->
  <testcase name="TDR_PORT_01" classname="TestCases.TestCases">
    <skipped/>
  </testcase> <!-- TDR_PORT_01 -->
  <testcase name="SR_TTT_11" classname="TestCases.TestCases">
    <skipped/>
  </testcase> <!-- SR_TTT_11 -->
  <testcase name="SR_BUD_22" classname="TestCases.TestCases">
    <skipped/>
  </testcase> <!-- SR_BUD_22 -->
  <testcase name="TDR_EXPAND_01" classname="TestCases.TestCases">
    <skipped/>
  </testcase> <!-- TDR_EXPAND_01 -->
  <testcase name="AR_GD_04" classname="TestCases.TestCases">
    <skipped/>
  </testcase> <!-- AR_GD_04 -->
  <testcase name="AR_GD_05" classname="TestCases.TestCases">
    <skipped/>
  </testcase> <!-- AR_GD_05 -->
  <testcase name="AR_GD_06" classname="TestCases.TestCases">
    <skipped/>
  </testcase> <!-- AR_GD_06 -->
  <testcase name="SR_TTT_17" classname="TestCases.TestCases">
    <skipped/>
  </testcase> <!-- SR_TTT_17 -->
  <testcase name="AR_OB_16" classname="TestCases.TestCases">
    <skipped/>
  </testcase> <!-- AR_OB_16 -->
  <testcase name="AR_GD_08" classname="TestCases.TestCases">
    <skipped/>
  </testcase> <!-- AR_GD_08 -->
  <testcase name="AR_GD_09" classname="TestCases.TestCases">
    <skipped/>
  </testcase> <!-- AR_GD_09 -->
  <testcase name="SR_TTT_16" classname="TestCases.TestCases">
    <skipped/>
  </testcase> <!-- SR_TTT_16 -->
  <testcase name="AR_GD_03" classname="TestCases.TestCases">
    <skipped/>
  </testcase> <!-- AR_GD_03 -->
  <testcase name="AR_OB_13" classname="TestCases.TestCases">
    <skipped/>
  </testcase> <!-- AR_OB_13 -->
  <testcase name="AR_OB_14" classname="TestCases.TestCases">
    <skipped/>
  </testcase> <!-- AR_OB_14 -->
  <testcase name="AR_OB_15" classname="TestCases.TestCases">
    <skipped/>
  </testcase> <!-- AR_OB_15 -->
  <testcase name="AR_GD_02" classname="TestCases.TestCases">
    <skipped/>
  </testcase> <!-- AR_GD_02 -->
  <testcase name="SR_TTT_13" classname="TestCases.TestCases">
    <skipped/>
  </testcase> <!-- SR_TTT_13 -->
  <testcase name="SR_TTT_14" classname="TestCases.TestCases">
    <skipped/>
  </testcase> <!-- SR_TTT_14 -->
  <testcase name="SR_TTT_12" classname="TestCases.TestCases">
    <skipped/>
  </testcase> <!-- SR_TTT_12 -->
  <testcase name="AR_GD_07" classname="TestCases.TestCases">
    <skipped/>
  </testcase> <!-- AR_GD_07 -->
  <testcase name="SR_TTT_10" classname="TestCases.TestCases">
    <skipped/>
  </testcase> <!-- SR_TTT_10 -->
  <testcase name="SR_TTT_15" classname="TestCases.TestCases">
    <skipped/>
  </testcase> <!-- SR_TTT_15 -->
  <testcase name="AR_GD_15" classname="TestCases.TestCases">
    <skipped/>
  </testcase> <!-- AR_GD_15 -->
  <testcase name="AR_GD_16" classname="TestCases.TestCases">
    <skipped/>
  </testcase> <!-- AR_GD_16 -->
  <testcase name="AR_GD_10" classname="TestCases.TestCases">
    <skipped/>
  </testcase> <!-- AR_GD_10 -->
  <testcase name="AR_YTCR_04" classname="TestCases.TestCases">
    <skipped/>
  </testcase> <!-- AR_YTCR_04 -->
  <testcase name="AR_GD_14" classname="TestCases.TestCases">
    <skipped/>
  </testcase> <!-- AR_GD_14 -->
  <testcase name="TDR_SBCE_010" classname="TestCases.TestCases">
    <skipped/>
  </testcase> <!-- TDR_SBCE_010 -->
  <testcase name="AR_GD_11" classname="TestCases.TestCases">
    <skipped/>
  </testcase> <!-- AR_GD_11 -->
  <testcase name="TDR_SBCE_011" classname="TestCases.TestCases">
    <skipped/>
  </testcase> <!-- TDR_SBCE_011 -->
  <testcase name="AR_GD_12" classname="TestCases.TestCases">
    <skipped/>
  </testcase> <!-- AR_GD_12 -->
  <testcase name="AR_GD_13" classname="TestCases.TestCases">
    <skipped/>
  </testcase> <!-- AR_GD_13 -->
  <testcase name="TDR_SBCE_006" classname="TestCases.TestCases">
    <skipped/>
  </testcase> <!-- TDR_SBCE_006 -->
  <testcase name="TDR_SBCE_007" classname="TestCases.TestCases">
    <skipped/>
  </testcase> <!-- TDR_SBCE_007 -->
  <testcase name="TDR_SBCE_005" classname="TestCases.TestCases">
    <skipped/>
  </testcase> <!-- TDR_SBCE_005 -->
  <testcase name="TDR_SBCE_002" classname="TestCases.TestCases">
    <skipped/>
  </testcase> <!-- TDR_SBCE_002 -->
  <testcase name="TDR_SBCE_003" classname="TestCases.TestCases">
    <skipped/>
  </testcase> <!-- TDR_SBCE_003 -->
  <testcase name="TDR_SBCE_008" classname="TestCases.TestCases">
    <skipped/>
  </testcase> <!-- TDR_SBCE_008 -->
  <testcase name="TDR_SBCE_004" classname="TestCases.TestCases">
    <skipped/>
  </testcase> <!-- TDR_SBCE_004 -->
  <testcase name="TDR_SBCE_009" classname="TestCases.TestCases">
    <skipped/>
  </testcase> <!-- TDR_SBCE_009 -->
  <testcase name="CR_ED_14" classname="TestCases.TestCases">
    <skipped/>
  </testcase> <!-- CR_ED_14 -->
  <testcase name="CR_ED_16" classname="TestCases.TestCases">
    <skipped/>
  </testcase> <!-- CR_ED_16 -->
  <testcase name="UR_TIM_06" classname="TestCases.TestCases">
    <skipped/>
  </testcase> <!-- UR_TIM_06 -->
  <testcase name="CR_ED_17" classname="TestCases.TestCases">
    <skipped/>
  </testcase> <!-- CR_ED_17 -->
  <testcase name="CR_ED_15" classname="TestCases.TestCases">
    <skipped/>
  </testcase> <!-- CR_ED_15 -->
  <testcase name="UR_TIM_03" classname="TestCases.TestCases">
    <skipped/>
  </testcase> <!-- UR_TIM_03 -->
  <testcase name="CR_ED_12" classname="TestCases.TestCases">
    <skipped/>
  </testcase> <!-- CR_ED_12 -->
  <testcase name="CR_ED_13" classname="TestCases.TestCases">
    <skipped/>
  </testcase> <!-- CR_ED_13 -->
  <testcase name="UR_TIM_05" classname="TestCases.TestCases">
    <skipped/>
  </testcase> <!-- UR_TIM_05 -->
  <testcase name="UR_TIM_04" classname="TestCases.TestCases">
    <skipped/>
  </testcase> <!-- UR_TIM_04 -->
  <testcase name="CR_ED_11" classname="TestCases.TestCases">
    <skipped/>
  </testcase> <!-- CR_ED_11 -->
  <testcase name="UR_TIM_07" classname="TestCases.TestCases">
    <skipped/>
  </testcase> <!-- UR_TIM_07 -->
  <testcase name="UR_TIM_09" classname="TestCases.TestCases">
    <skipped/>
  </testcase> <!-- UR_TIM_09 -->
  <testcase name="UR_TIM_08" classname="TestCases.TestCases">
    <skipped/>
  </testcase> <!-- UR_TIM_08 -->
  <testcase name="UR_TIM_13" classname="TestCases.TestCases">
    <skipped/>
  </testcase> <!-- UR_TIM_13 -->
  <testcase name="CR_ED_10" classname="TestCases.TestCases">
    <skipped/>
  </testcase> <!-- CR_ED_10 -->
  <testcase name="TDR_CAS_04" classname="TestCases.TestCases">
    <skipped/>
  </testcase> <!-- TDR_CAS_04 -->
  <testcase name="DDR_SUM_22" classname="TestCases.TestCases">
    <skipped/>
  </testcase> <!-- DDR_SUM_22 -->
  <testcase name="CR_ED_03" classname="TestCases.TestCases">
    <skipped/>
  </testcase> <!-- CR_ED_03 -->
  <testcase name="CR_ED_09" classname="TestCases.TestCases">
    <skipped/>
  </testcase> <!-- CR_ED_09 -->
  <testcase name="CR_ED_08" classname="TestCases.TestCases">
    <skipped/>
  </testcase> <!-- CR_ED_08 -->
  <testcase name="CR_ED_05" classname="TestCases.TestCases">
    <skipped/>
  </testcase> <!-- CR_ED_05 -->
  <testcase name="UR_TIM_10" classname="TestCases.TestCases">
    <skipped/>
  </testcase> <!-- UR_TIM_10 -->
  <testcase name="CR_ED_06" classname="TestCases.TestCases">
    <skipped/>
  </testcase> <!-- CR_ED_06 -->
  <testcase name="UR_TIM_12" classname="TestCases.TestCases">
    <skipped/>
  </testcase> <!-- UR_TIM_12 -->
  <testcase name="CR_ED_04" classname="TestCases.TestCases">
    <skipped/>
  </testcase> <!-- CR_ED_04 -->
  <testcase name="UR_TIM_11" classname="TestCases.TestCases">
    <skipped/>
  </testcase> <!-- UR_TIM_11 -->
  <testcase name="UR_TIM_14" classname="TestCases.TestCases">
    <skipped/>
  </testcase> <!-- UR_TIM_14 -->
  <testcase name="CR_ED_02" classname="TestCases.TestCases">
    <skipped/>
  </testcase> <!-- CR_ED_02 -->
  <testcase name="CR_SO_08" classname="TestCases.TestCases">
    <skipped/>
  </testcase> <!-- CR_SO_08 -->
  <testcase name="CR_ED_07" classname="TestCases.TestCases">
    <skipped/>
  </testcase> <!-- CR_ED_07 -->
  <testcase name="UR_TIM_16" classname="TestCases.TestCases">
    <skipped/>
  </testcase> <!-- UR_TIM_16 -->
  <testcase name="UR_TIM_15" classname="TestCases.TestCases">
    <skipped/>
  </testcase> <!-- UR_TIM_15 -->
  <testcase name="CR_SO_05" classname="TestCases.TestCases">
    <skipped/>
  </testcase> <!-- CR_SO_05 -->
  <testcase name="DDR_SUM_13" classname="TestCases.TestCases">
    <skipped/>
  </testcase> <!-- DDR_SUM_13 -->
  <testcase name="CR_SO_07" classname="TestCases.TestCases">
    <skipped/>
  </testcase> <!-- CR_SO_07 -->
  <testcase name="CR_SO_06" classname="TestCases.TestCases">
    <skipped/>
  </testcase> <!-- CR_SO_06 -->
  <testcase name="CR_SO_09" classname="TestCases.TestCases">
    <skipped/>
  </testcase> <!-- CR_SO_09 -->
  <testcase name="DDR_BDDF_05" classname="TestCases.TestCases">
    <skipped/>
  </testcase> <!-- DDR_BDDF_05 -->
  <testcase name="DDR_BDDF_02" classname="TestCases.TestCases">
    <skipped/>
  </testcase> <!-- DDR_BDDF_02 -->
  <testcase name="CR_SO_04" classname="TestCases.TestCases">
    <skipped/>
  </testcase> <!-- CR_SO_04 -->
  <testcase name="DDR_BDDF_09" classname="TestCases.TestCases">
    <skipped/>
  </testcase> <!-- DDR_BDDF_09 -->
  <testcase name="DDR_SUM_14" classname="TestCases.TestCases">
    <skipped/>
  </testcase> <!-- DDR_SUM_14 -->
  <testcase name="DDR_BDDF_04" classname="TestCases.TestCases">
    <skipped/>
  </testcase> <!-- DDR_BDDF_04 -->
  <testcase name="DDR_SUM_15" classname="TestCases.TestCases">
    <skipped/>
  </testcase> <!-- DDR_SUM_15 -->
  <testcase name="DDR_SUM_16" classname="TestCases.TestCases">
    <skipped/>
  </testcase> <!-- DDR_SUM_16 -->
  <testcase name="DDR_BDDF_03" classname="TestCases.TestCases">
    <skipped/>
  </testcase> <!-- DDR_BDDF_03 -->
  <testcase name="DDR_SUM_17" classname="TestCases.TestCases">
    <skipped/>
  </testcase> <!-- DDR_SUM_17 -->
  <testcase name="DDR_BDDF_06" classname="TestCases.TestCases">
    <skipped/>
  </testcase> <!-- DDR_BDDF_06 -->
  <testcase name="DDR_SUM_10" classname="TestCases.TestCases">
    <skipped/>
  </testcase> <!-- DDR_SUM_10 -->
  <testcase name="CR_SO_03" classname="TestCases.TestCases">
    <skipped/>
  </testcase> <!-- CR_SO_03 -->
  <testcase name="DDR_SUM_11" classname="TestCases.TestCases">
    <skipped/>
  </testcase> <!-- DDR_SUM_11 -->
  <testcase name="DDR_BDDF_08" classname="TestCases.TestCases">
    <skipped/>
  </testcase> <!-- DDR_BDDF_08 -->
  <testcase name="CR_SO_02" classname="TestCases.TestCases">
    <skipped/>
  </testcase> <!-- CR_SO_02 -->
  <testcase name="DDR_SUM_12" classname="TestCases.TestCases">
    <skipped/>
  </testcase> <!-- DDR_SUM_12 -->
  <testcase name="DDR_BDDF_07" classname="TestCases.TestCases">
    <skipped/>
  </testcase> <!-- DDR_BDDF_07 -->
  <testcase name="TDR_CAS_16" classname="TestCases.TestCases">
    <skipped/>
  </testcase> <!-- TDR_CAS_16 -->
  <testcase name="TDR_CAS_13" classname="TestCases.TestCases">
    <skipped/>
  </testcase> <!-- TDR_CAS_13 -->
  <testcase name="TDR_CAS_14" classname="TestCases.TestCases">
    <skipped/>
  </testcase> <!-- TDR_CAS_14 -->
  <testcase name="TDR_CAS_12" classname="TestCases.TestCases">
    <skipped/>
  </testcase> <!-- TDR_CAS_12 -->
  <testcase name="SR_BUD_10" classname="TestCases.TestCases">
    <skipped/>
  </testcase> <!-- SR_BUD_10 -->
  <testcase name="SR_TBS_17" classname="TestCases.TestCases">
    <skipped/>
  </testcase> <!-- SR_TBS_17 -->
  <testcase name="TDR_CAS_10" classname="TestCases.TestCases">
    <skipped/>
  </testcase> <!-- TDR_CAS_10 -->
  <testcase name="UR_IPO_02" classname="TestCases.TestCases">
    <skipped/>
  </testcase> <!-- UR_IPO_02 -->
  <testcase name="TDR_CAS_11" classname="TestCases.TestCases">
    <skipped/>
  </testcase> <!-- TDR_CAS_11 -->
  <testcase name="UR_IPO_05" classname="TestCases.TestCases">
    <skipped/>
  </testcase> <!-- UR_IPO_05 -->
  <testcase name="UR_IPO_04" classname="TestCases.TestCases">
    <skipped/>
  </testcase> <!-- UR_IPO_04 -->
  <testcase name="UR_IPO_03" classname="TestCases.TestCases">
    <skipped/>
  </testcase> <!-- UR_IPO_03 -->
  <testcase name="SR_TBS_22" classname="TestCases.TestCases">
    <skipped/>
  </testcase> <!-- SR_TBS_22 -->
  <testcase name="SR_BUD_14" classname="TestCases.TestCases">
    <skipped/>
  </testcase> <!-- SR_BUD_14 -->
  <testcase name="SR_BUD_15" classname="TestCases.TestCases">
    <skipped/>
  </testcase> <!-- SR_BUD_15 -->
  <testcase name="UR_IPO_06" classname="TestCases.TestCases">
    <skipped/>
  </testcase> <!-- UR_IPO_06 -->
  <testcase name="SR_BUD_13" classname="TestCases.TestCases">
    <skipped/>
  </testcase> <!-- SR_BUD_13 -->
  <testcase name="SR_BUD_16" classname="TestCases.TestCases">
    <skipped/>
  </testcase> <!-- SR_BUD_16 -->
  <testcase name="TDR_CAS_06" classname="TestCases.TestCases">
    <skipped/>
  </testcase> <!-- TDR_CAS_06 -->
  <testcase name="TDR_CAS_07" classname="TestCases.TestCases">
    <skipped/>
  </testcase> <!-- TDR_CAS_07 -->
  <testcase name="TDR_CAS_05" classname="TestCases.TestCases">
    <skipped/>
  </testcase> <!-- TDR_CAS_05 -->
  <testcase name="SR_TBS_09" classname="TestCases.TestCases">
    <skipped/>
  </testcase> <!-- SR_TBS_09 -->
  <testcase name="TDR_CAS_02" classname="TestCases.TestCases">
    <skipped/>
  </testcase> <!-- TDR_CAS_02 -->
  <testcase name="TDR_CAS_03" classname="TestCases.TestCases">
    <skipped/>
  </testcase> <!-- TDR_CAS_03 -->
  <testcase name="TDR_CAS_08" classname="TestCases.TestCases">
    <skipped/>
  </testcase> <!-- TDR_CAS_08 -->
  <testcase name="SR_TBS_06" classname="TestCases.TestCases">
    <skipped/>
  </testcase> <!-- SR_TBS_06 -->
  <testcase name="SR_TBS_07" classname="TestCases.TestCases">
    <skipped/>
  </testcase> <!-- SR_TBS_07 -->
  <testcase name="SR_TBS_08" classname="TestCases.TestCases">
    <skipped/>
  </testcase> <!-- SR_TBS_08 -->
  <testcase name="SR_TBS_12" classname="TestCases.TestCases">
    <skipped/>
  </testcase> <!-- SR_TBS_12 -->
  <testcase name="SR_BUD_07" classname="TestCases.TestCases">
    <skipped/>
  </testcase> <!-- SR_BUD_07 -->
  <testcase name="SR_TBS_16" classname="TestCases.TestCases">
    <skipped/>
  </testcase> <!-- SR_TBS_16 -->
  <testcase name="SR_BUD_08" classname="TestCases.TestCases">
    <skipped/>
  </testcase> <!-- SR_BUD_08 -->
  <testcase name="SR_TBS_10" classname="TestCases.TestCases">
    <skipped/>
  </testcase> <!-- SR_TBS_10 -->
  <testcase name="SR_TBS_11" classname="TestCases.TestCases">
    <skipped/>
  </testcase> <!-- SR_TBS_11 -->
  <testcase name="SR_BUD_06" classname="TestCases.TestCases">
    <skipped/>
  </testcase> <!-- SR_BUD_06 -->
  <testcase name="SR_BUD_03" classname="TestCases.TestCases">
    <skipped/>
  </testcase> <!-- SR_BUD_03 -->
  <testcase name="SR_TBS_13" classname="TestCases.TestCases">
    <skipped/>
  </testcase> <!-- SR_TBS_13 -->
  <testcase name="SR_BUD_04" classname="TestCases.TestCases">
    <skipped/>
  </testcase> <!-- SR_BUD_04 -->
  <testcase name="SR_TBS_14" classname="TestCases.TestCases">
    <skipped/>
  </testcase> <!-- SR_TBS_14 -->
  <testcase name="SR_BUD_09" classname="TestCases.TestCases">
    <skipped/>
  </testcase> <!-- SR_BUD_09 -->
  <testcase name="SR_TBS_15" classname="TestCases.TestCases">
    <skipped/>
  </testcase> <!-- SR_TBS_15 -->
  <testcase name="SR_BUD_02" classname="TestCases.TestCases">
    <skipped/>
  </testcase> <!-- SR_BUD_02 -->
  <testcase name="TDR_CAS_15" classname="TestCases.TestCases">
    <skipped/>
  </testcase> <!-- TDR_CAS_15 -->
  <testcase name="SR_BUD_05" classname="TestCases.TestCases">
    <skipped/>
  </testcase> <!-- SR_BUD_05 -->
  <testcase name="TDR_CAS_09" classname="TestCases.TestCases">
    <skipped/>
  </testcase> <!-- TDR_CAS_09 -->
  <testcase name="SR_UW_" classname="TestCases.TestCases">
    <skipped/>
  </testcase> <!-- SR_UW_ -->
  <testcase name="DDR_SDF_09" classname="TestCases.TestCases">
    <skipped/>
  </testcase> <!-- DDR_SDF_09 -->
  <testcase name="CR_ESR_16" classname="TestCases.TestCases">
    <skipped/>
  </testcase> <!-- CR_ESR_16 -->
  <testcase name="CR_ESR_17" classname="TestCases.TestCases">
    <skipped/>
  </testcase> <!-- CR_ESR_17 -->
  <testcase name="DDR_SDF_15" classname="TestCases.TestCases">
    <skipped/>
  </testcase> <!-- DDR_SDF_15 -->
  <testcase name="DDR_SDF_12" classname="TestCases.TestCases">
    <skipped/>
  </testcase> <!-- DDR_SDF_12 -->
  <testcase name="CR_ESR_15" classname="TestCases.TestCases">
    <skipped/>
  </testcase> <!-- CR_ESR_15 -->
  <testcase name="DDR_SDF_14" classname="TestCases.TestCases">
    <skipped/>
  </testcase> <!-- DDR_SDF_14 -->
  <testcase name="DDR_SDF_13" classname="TestCases.TestCases">
    <skipped/>
  </testcase> <!-- DDR_SDF_13 -->
  <testcase name="CR_ESR_10" classname="TestCases.TestCases">
    <skipped/>
  </testcase> <!-- CR_ESR_10 -->
  <testcase name="DDR_SDF_16" classname="TestCases.TestCases">
    <skipped/>
  </testcase> <!-- DDR_SDF_16 -->
  <testcase name="CR_ESR_12" classname="TestCases.TestCases">
    <skipped/>
  </testcase> <!-- CR_ESR_12 -->
  <testcase name="CR_ESR_13" classname="TestCases.TestCases">
    <skipped/>
  </testcase> <!-- CR_ESR_13 -->
  <testcase name="CR_ESR_14" classname="TestCases.TestCases">
    <skipped/>
  </testcase> <!-- CR_ESR_14 -->
  <testcase name="DDR_SDF_17" classname="TestCases.TestCases">
    <skipped/>
  </testcase> <!-- DDR_SDF_17 -->
  <testcase name="DDR_SDF_11" classname="TestCases.TestCases">
    <skipped/>
  </testcase> <!-- DDR_SDF_11 -->
  <testcase name="DDR_SDF_10" classname="TestCases.TestCases">
    <skipped/>
  </testcase> <!-- DDR_SDF_10 -->
  <testcase name="CR_ESR_08" classname="TestCases.TestCases">
    <skipped/>
  </testcase> <!-- CR_ESR_08 -->
  <testcase name="AR_OB_05" classname="TestCases.TestCases">
    <skipped/>
  </testcase> <!-- AR_OB_05 -->
  <testcase name="TDR_SBS_003" classname="TestCases.TestCases">
    <skipped/>
  </testcase> <!-- TDR_SBS_003 -->
  <testcase name="AR_OB_09" classname="TestCases.TestCases">
    <skipped/>
  </testcase> <!-- AR_OB_09 -->
  <testcase name="CR_ESR_05" classname="TestCases.TestCases">
    <skipped/>
  </testcase> <!-- CR_ESR_05 -->
  <testcase name="AR_OB_02" classname="TestCases.TestCases">
    <skipped/>
  </testcase> <!-- AR_OB_02 -->
  <testcase name="CR_ESR_06" classname="TestCases.TestCases">
    <skipped/>
  </testcase> <!-- CR_ESR_06 -->
  <testcase name="AR_OB_03" classname="TestCases.TestCases">
    <skipped/>
  </testcase> <!-- AR_OB_03 -->
  <testcase name="CR_ESR_07" classname="TestCases.TestCases">
    <skipped/>
  </testcase> <!-- CR_ESR_07 -->
  <testcase name="AR_OB_04" classname="TestCases.TestCases">
    <skipped/>
  </testcase> <!-- AR_OB_04 -->
  <testcase name="CR_ESR_11" classname="TestCases.TestCases">
    <skipped/>
  </testcase> <!-- CR_ESR_11 -->
  <testcase name="CR_ESR_09" classname="TestCases.TestCases">
    <skipped/>
  </testcase> <!-- CR_ESR_09 -->
  <testcase name="AR_OB_06" classname="TestCases.TestCases">
    <skipped/>
  </testcase> <!-- AR_OB_06 -->
  <testcase name="AR_OB_07" classname="TestCases.TestCases">
    <skipped/>
  </testcase> <!-- AR_OB_07 -->
  <testcase name="AR_OB_08" classname="TestCases.TestCases">
    <skipped/>
  </testcase> <!-- AR_OB_08 -->
  <testcase name="AR_OB_12" classname="TestCases.TestCases">
    <skipped/>
  </testcase> <!-- AR_OB_12 -->
  <testcase name="CR_ESR_04" classname="TestCases.TestCases">
    <skipped/>
  </testcase> <!-- CR_ESR_04 -->
  <testcase name="TDR_SBD_11" classname="TestCases.TestCases">
    <skipped/>
  </testcase> <!-- TDR_SBD_11 -->
  <testcase name="TDR_SBD_10" classname="TestCases.TestCases">
    <skipped/>
  </testcase> <!-- TDR_SBD_10 -->
  <testcase name="CR_ESR_02" classname="TestCases.TestCases">
    <skipped/>
  </testcase> <!-- CR_ESR_02 -->
  <testcase name="AR_OB_10" classname="TestCases.TestCases">
    <skipped/>
  </testcase> <!-- AR_OB_10 -->
  <testcase name="CR_ESR_03" classname="TestCases.TestCases">
    <skipped/>
  </testcase> <!-- CR_ESR_03 -->
  <testcase name="AR_OB_11" classname="TestCases.TestCases">
    <skipped/>
  </testcase> <!-- AR_OB_11 -->
  <testcase name="TDR_SBD_14" classname="TestCases.TestCases">
    <skipped/>
  </testcase> <!-- TDR_SBD_14 -->
  <testcase name="TDR_SBD_13" classname="TestCases.TestCases">
    <skipped/>
  </testcase> <!-- TDR_SBD_13 -->
  <testcase name="TDR_SBS_002" classname="TestCases.TestCases">
    <skipped/>
  </testcase> <!-- TDR_SBS_002 -->
  <testcase name="DDR_SDF_22" classname="TestCases.TestCases">
    <skipped/>
  </testcase> <!-- DDR_SDF_22 -->
  <testcase name="TDR_SBD_12" classname="TestCases.TestCases">
    <skipped/>
  </testcase> <!-- TDR_SBD_12 -->
  <testcase name="TDR_SBS_007" classname="TestCases.TestCases">
    <skipped/>
  </testcase> <!-- TDR_SBS_007 -->
  <testcase name="TDR_SBS_005" classname="TestCases.TestCases">
    <skipped/>
  </testcase> <!-- TDR_SBS_005 -->
  <testcase name="TDR_SBS_006" classname="TestCases.TestCases">
    <skipped/>
  </testcase> <!-- TDR_SBS_006 -->
  <testcase name="TDR_SBD_16" classname="TestCases.TestCases">
    <skipped/>
  </testcase> <!-- TDR_SBD_16 -->
  <testcase name="TDR_SBS_004" classname="TestCases.TestCases">
    <skipped/>
  </testcase> <!-- TDR_SBS_004 -->
  <testcase name="TDR_EFS_09" classname="TestCases.TestCases">
    <skipped/>
  </testcase> <!-- TDR_EFS_09 -->
  <testcase name="TDR_SBD_15" classname="TestCases.TestCases">
    <skipped/>
  </testcase> <!-- TDR_SBD_15 -->
  <testcase name="AR_WSM_22" classname="TestCases.TestCases">
    <skipped/>
  </testcase> <!-- AR_WSM_22 -->
  <testcase name="TDR_EFS_12" classname="TestCases.TestCases">
    <skipped/>
  </testcase> <!-- TDR_EFS_12 -->
  <testcase name="TDR_EFS_07" classname="TestCases.TestCases">
    <skipped/>
  </testcase> <!-- TDR_EFS_07 -->
  <testcase name="TDR_EFS_08" classname="TestCases.TestCases">
    <skipped/>
  </testcase> <!-- TDR_EFS_08 -->
  <testcase name="TDR_EFS_06" classname="TestCases.TestCases">
    <skipped/>
  </testcase> <!-- TDR_EFS_06 -->
  <testcase name="TDR_EFS_03" classname="TestCases.TestCases">
    <skipped/>
  </testcase> <!-- TDR_EFS_03 -->
  <testcase name="TDR_EFS_04" classname="TestCases.TestCases">
    <skipped/>
  </testcase> <!-- TDR_EFS_04 -->
  <testcase name="TDR_EFS_02" classname="TestCases.TestCases">
    <skipped/>
  </testcase> <!-- TDR_EFS_02 -->
  <testcase name="AR_WSM_15" classname="TestCases.TestCases">
    <skipped/>
  </testcase> <!-- AR_WSM_15 -->
  <testcase name="AR_WSM_16" classname="TestCases.TestCases">
    <skipped/>
  </testcase> <!-- AR_WSM_16 -->
  <testcase name="TDR_EFS_05" classname="TestCases.TestCases">
    <skipped/>
  </testcase> <!-- TDR_EFS_05 -->
  <testcase name="TDR_OUT_15" classname="TestCases.TestCases">
    <skipped/>
  </testcase> <!-- TDR_OUT_15 -->
  <testcase name="TDR_OUT_14" classname="TestCases.TestCases">
    <skipped/>
  </testcase> <!-- TDR_OUT_14 -->
  <testcase name="TDR_OUT_13" classname="TestCases.TestCases">
    <skipped/>
  </testcase> <!-- TDR_OUT_13 -->
  <testcase name="TDR_EFS_17" classname="TestCases.TestCases">
    <skipped/>
  </testcase> <!-- TDR_EFS_17 -->
  <testcase name="TDR_OUT_16" classname="TestCases.TestCases">
    <skipped/>
  </testcase> <!-- TDR_OUT_16 -->
  <testcase name="TDR_EFS_14" classname="TestCases.TestCases">
    <skipped/>
  </testcase> <!-- TDR_EFS_14 -->
  <testcase name="TDR_EFS_15" classname="TestCases.TestCases">
    <skipped/>
  </testcase> <!-- TDR_EFS_15 -->
  <testcase name="TDR_EFS_13" classname="TestCases.TestCases">
    <skipped/>
  </testcase> <!-- TDR_EFS_13 -->
  <testcase name="TDR_EFS_10" classname="TestCases.TestCases">
    <skipped/>
  </testcase> <!-- TDR_EFS_10 -->
  <testcase name="TDR_EFS_11" classname="TestCases.TestCases">
    <skipped/>
  </testcase> <!-- TDR_EFS_11 -->
  <testcase name="UR_TIM_02" classname="TestCases.TestCases">
    <skipped/>
  </testcase> <!-- UR_TIM_02 -->
  <testcase name="TDR_EFS_16" classname="TestCases.TestCases">
    <skipped/>
  </testcase> <!-- TDR_EFS_16 -->
  <testcase name="TDR_OUT_12" classname="TestCases.TestCases">
    <skipped/>
  </testcase> <!-- TDR_OUT_12 -->
  <testcase name="TDR_OUT_11" classname="TestCases.TestCases">
    <skipped/>
  </testcase> <!-- TDR_OUT_11 -->
  <testcase name="TDR_OUT_10" classname="TestCases.TestCases">
    <skipped/>
  </testcase> <!-- TDR_OUT_10 -->
  <testcase name="TDR_OUT_04" classname="TestCases.TestCases">
    <skipped/>
  </testcase> <!-- TDR_OUT_04 -->
  <testcase name="UR_CLS_05" classname="TestCases.TestCases">
    <skipped/>
  </testcase> <!-- UR_CLS_05 -->
  <testcase name="TDR_OUT_03" classname="TestCases.TestCases">
    <skipped/>
  </testcase> <!-- TDR_OUT_03 -->
  <testcase name="UR_CLS_06" classname="TestCases.TestCases">
    <skipped/>
  </testcase> <!-- UR_CLS_06 -->
  <testcase name="TDR_OUT_02" classname="TestCases.TestCases">
    <skipped/>
  </testcase> <!-- TDR_OUT_02 -->
  <testcase name="UR_CLS_07" classname="TestCases.TestCases">
    <skipped/>
  </testcase> <!-- UR_CLS_07 -->
  <testcase name="TDR_OUT_09" classname="TestCases.TestCases">
    <skipped/>
  </testcase> <!-- TDR_OUT_09 -->
  <testcase name="UR_CLS_08" classname="TestCases.TestCases">
    <skipped/>
  </testcase> <!-- UR_CLS_08 -->
  <testcase name="DDR_EXT_16" classname="TestCases.TestCases">
    <skipped/>
  </testcase> <!-- DDR_EXT_16 -->
  <testcase name="TDR_OUT_08" classname="TestCases.TestCases">
    <skipped/>
  </testcase> <!-- TDR_OUT_08 -->
  <testcase name="TDR_OUT_07" classname="TestCases.TestCases">
    <skipped/>
  </testcase> <!-- TDR_OUT_07 -->
  <testcase name="UR_CLS_02" classname="TestCases.TestCases">
    <skipped/>
  </testcase> <!-- UR_CLS_02 -->
  <testcase name="TDR_OUT_06" classname="TestCases.TestCases">
    <skipped/>
  </testcase> <!-- TDR_OUT_06 -->
  <testcase name="DDR_EXT_17" classname="TestCases.TestCases">
    <skipped/>
  </testcase> <!-- DDR_EXT_17 -->
  <testcase name="UR_CLS_03" classname="TestCases.TestCases">
    <skipped/>
  </testcase> <!-- UR_CLS_03 -->
  <testcase name="TDR_OUT_05" classname="TestCases.TestCases">
    <skipped/>
  </testcase> <!-- TDR_OUT_05 -->
  <testcase name="DDR_EXT_12" classname="TestCases.TestCases">
    <skipped/>
  </testcase> <!-- DDR_EXT_12 -->
  <testcase name="UR_CLS_04" classname="TestCases.TestCases">
    <skipped/>
  </testcase> <!-- UR_CLS_04 -->
  <testcase name="DDR_EXT_14" classname="TestCases.TestCases">
    <skipped/>
  </testcase> <!-- DDR_EXT_14 -->
  <testcase name="DDR_EXT_13" classname="TestCases.TestCases">
    <skipped/>
  </testcase> <!-- DDR_EXT_13 -->
  <testcase name="DDR_EXT_15" classname="TestCases.TestCases">
    <skipped/>
  </testcase> <!-- DDR_EXT_15 -->
  <testcase name="DDR_EXT_10" classname="TestCases.TestCases">
    <skipped/>
  </testcase> <!-- DDR_EXT_10 -->
  <testcase name="DDR_EXT_09" classname="TestCases.TestCases">
    <skipped/>
  </testcase> <!-- DDR_EXT_09 -->
  <testcase name="DDR_EXT_11" classname="TestCases.TestCases">
    <skipped/>
  </testcase> <!-- DDR_EXT_11 -->
  <testcase name="DDR_EXT_05" classname="TestCases.TestCases">
    <skipped/>
  </testcase> <!-- DDR_EXT_05 -->
  <testcase name="DDR_EXT_07" classname="TestCases.TestCases">
    <skipped/>
  </testcase> <!-- DDR_EXT_07 -->
  <testcase name="DDR_EXT_06" classname="TestCases.TestCases">
    <skipped/>
  </testcase> <!-- DDR_EXT_06 -->
  <testcase name="TDR_DET_02" classname="TestCases.TestCases">
    <skipped/>
  </testcase> <!-- TDR_DET_02 -->
  <testcase name="DDR_EXT_08" classname="TestCases.TestCases">
    <skipped/>
  </testcase> <!-- DDR_EXT_08 -->
  <testcase name="UR_IPO_13" classname="TestCases.TestCases">
    <skipped/>
  </testcase> <!-- UR_IPO_13 -->
  <testcase name="UR_IPO_09" classname="TestCases.TestCases">
    <skipped/>
  </testcase> <!-- UR_IPO_09 -->
  <testcase name="UR_IPO_08" classname="TestCases.TestCases">
    <skipped/>
  </testcase> <!-- UR_IPO_08 -->
  <testcase name="UR_IPO_07" classname="TestCases.TestCases">
    <skipped/>
  </testcase> <!-- UR_IPO_07 -->
  <testcase name="TDR_CAS_22" classname="TestCases.TestCases">
    <skipped/>
  </testcase> <!-- TDR_CAS_22 -->
  <testcase name="UR_IPO_16" classname="TestCases.TestCases">
    <skipped/>
  </testcase> <!-- UR_IPO_16 -->
  <testcase name="UR_IPO_15" classname="TestCases.TestCases">
    <skipped/>
  </testcase> <!-- UR_IPO_15 -->
  <testcase name="UR_IPO_14" classname="TestCases.TestCases">
    <skipped/>
  </testcase> <!-- UR_IPO_14 -->
  <testcase name="UR_IPO_12" classname="TestCases.TestCases">
    <skipped/>
  </testcase> <!-- UR_IPO_12 -->
  <testcase name="UR_IPO_11" classname="TestCases.TestCases">
    <skipped/>
  </testcase> <!-- UR_IPO_11 -->
  <testcase name="UR_IPO_10" classname="TestCases.TestCases">
    <skipped/>
  </testcase> <!-- UR_IPO_10 -->
  <testcase name="UR_IPO_17" classname="TestCases.TestCases">
    <skipped/>
  </testcase> <!-- UR_IPO_17 -->
  <testcase name="DDR_EXT_03" classname="TestCases.TestCases">
    <skipped/>
  </testcase> <!-- DDR_EXT_03 -->
  <testcase name="DDR_EXT_02" classname="TestCases.TestCases">
    <skipped/>
  </testcase> <!-- DDR_EXT_02 -->
  <testcase name="DDR_EXT_04" classname="TestCases.TestCases">
    <skipped/>
  </testcase> <!-- DDR_EXT_04 -->
  <testcase name="TDR_TTC_02" classname="TestCases.TestCases">
    <skipped/>
  </testcase> <!-- TDR_TTC_02 -->
  <testcase name="TDR_SBD_09" classname="TestCases.TestCases">
    <skipped/>
  </testcase> <!-- TDR_SBD_09 -->
  <testcase name="TDR_TSA_14" classname="TestCases.TestCases">
    <skipped/>
  </testcase> <!-- TDR_TSA_14 -->
  <testcase name="TDR_DET_13" classname="TestCases.TestCases">
    <skipped/>
  </testcase> <!-- TDR_DET_13 -->
  <testcase name="TDR_TSA_15" classname="TestCases.TestCases">
    <skipped/>
  </testcase> <!-- TDR_TSA_15 -->
  <testcase name="CR_SOD_15" classname="TestCases.TestCases">
    <skipped/>
  </testcase> <!-- CR_SOD_15 -->
  <testcase name="TDR_TSA_13" classname="TestCases.TestCases">
    <skipped/>
  </testcase> <!-- TDR_TSA_13 -->
  <testcase name="CR_SOD_09" classname="TestCases.TestCases">
    <skipped/>
  </testcase> <!-- CR_SOD_09 -->
  <testcase name="TDR_TSA_10" classname="TestCases.TestCases">
    <skipped/>
  </testcase> <!-- TDR_TSA_10 -->
  <testcase name="TDR_TSA_11" classname="TestCases.TestCases">
    <skipped/>
  </testcase> <!-- TDR_TSA_11 -->
  <testcase name="TDR_DET_07" classname="TestCases.TestCases">
    <skipped/>
  </testcase> <!-- TDR_DET_07 -->
  <testcase name="TDR_DET_08" classname="TestCases.TestCases">
    <skipped/>
  </testcase> <!-- TDR_DET_08 -->
  <testcase name="TDR_TSA_16" classname="TestCases.TestCases">
    <skipped/>
  </testcase> <!-- TDR_TSA_16 -->
  <testcase name="TDR_DET_09" classname="TestCases.TestCases">
    <skipped/>
  </testcase> <!-- TDR_DET_09 -->
  <testcase name="CR_SOD_05" classname="TestCases.TestCases">
    <skipped/>
  </testcase> <!-- CR_SOD_05 -->
  <testcase name="TDR_DET_03" classname="TestCases.TestCases">
    <skipped/>
  </testcase> <!-- TDR_DET_03 -->
  <testcase name="TDR_TSA_12" classname="TestCases.TestCases">
    <skipped/>
  </testcase> <!-- TDR_TSA_12 -->
  <testcase name="CR_SOD_07" classname="TestCases.TestCases">
    <skipped/>
  </testcase> <!-- CR_SOD_07 -->
  <testcase name="TDR_DET_04" classname="TestCases.TestCases">
    <skipped/>
  </testcase> <!-- TDR_DET_04 -->
  <testcase name="CR_SOD_06" classname="TestCases.TestCases">
    <skipped/>
  </testcase> <!-- CR_SOD_06 -->
  <testcase name="TDR_DET_05" classname="TestCases.TestCases">
    <skipped/>
  </testcase> <!-- TDR_DET_05 -->
  <testcase name="TDR_TSA_07" classname="TestCases.TestCases">
    <skipped/>
  </testcase> <!-- TDR_TSA_07 -->
  <testcase name="TDR_DET_06" classname="TestCases.TestCases">
    <skipped/>
  </testcase> <!-- TDR_DET_06 -->
  <testcase name="CR_SOD_08" classname="TestCases.TestCases">
    <skipped/>
  </testcase> <!-- CR_SOD_08 -->
  <testcase name="TDR_TSA_08" classname="TestCases.TestCases">
    <skipped/>
  </testcase> <!-- TDR_TSA_08 -->
  <testcase name="CR_SOD_03" classname="TestCases.TestCases">
    <skipped/>
  </testcase> <!-- CR_SOD_03 -->
  <testcase name="TDR_TSA_06" classname="TestCases.TestCases">
    <skipped/>
  </testcase> <!-- TDR_TSA_06 -->
  <testcase name="CR_SOD_02" classname="TestCases.TestCases">
    <skipped/>
  </testcase> <!-- CR_SOD_02 -->
  <testcase name="TDR_TTC_03" classname="TestCases.TestCases">
    <skipped/>
  </testcase> <!-- TDR_TTC_03 -->
  <testcase name="TDR_SBD_03" classname="TestCases.TestCases">
    <skipped/>
  </testcase> <!-- TDR_SBD_03 -->
  <testcase name="TDR_SBD_02" classname="TestCases.TestCases">
    <skipped/>
  </testcase> <!-- TDR_SBD_02 -->
  <testcase name="TDR_TSA_09" classname="TestCases.TestCases">
    <skipped/>
  </testcase> <!-- TDR_TSA_09 -->
  <testcase name="TDR_TTC_05" classname="TestCases.TestCases">
    <skipped/>
  </testcase> <!-- TDR_TTC_05 -->
  <testcase name="TDR_SBD_08" classname="TestCases.TestCases">
    <skipped/>
  </testcase> <!-- TDR_SBD_08 -->
  <testcase name="TDR_TTC_04" classname="TestCases.TestCases">
    <skipped/>
  </testcase> <!-- TDR_TTC_04 -->
  <testcase name="TDR_SBD_07" classname="TestCases.TestCases">
    <skipped/>
  </testcase> <!-- TDR_SBD_07 -->
  <testcase name="TDR_TTC_06" classname="TestCases.TestCases">
    <skipped/>
  </testcase> <!-- TDR_TTC_06 -->
  <testcase name="TDR_SBD_06" classname="TestCases.TestCases">
    <skipped/>
  </testcase> <!-- TDR_SBD_06 -->
  <testcase name="TDR_SBD_05" classname="TestCases.TestCases">
    <skipped/>
  </testcase> <!-- TDR_SBD_05 -->
  <testcase name="SR_UW_22" classname="TestCases.TestCases">
    <skipped/>
  </testcase> <!-- SR_UW_22 -->
  <testcase name="TDR_SBD_04" classname="TestCases.TestCases">
    <skipped/>
  </testcase> <!-- TDR_SBD_04 -->
  <testcase name="CR_ED_22" classname="TestCases.TestCases">
    <skipped/>
  </testcase> <!-- CR_ED_22 -->
  <testcase name="CR_SOD_16" classname="TestCases.TestCases">
    <skipped/>
  </testcase> <!-- CR_SOD_16 -->
  <testcase name="TDR_DET_14" classname="TestCases.TestCases">
    <skipped/>
  </testcase> <!-- TDR_DET_14 -->
  <testcase name="TDR_DET_15" classname="TestCases.TestCases">
    <skipped/>
  </testcase> <!-- TDR_DET_15 -->
  <testcase name="CR_SOD_18" classname="TestCases.TestCases">
    <skipped/>
  </testcase> <!-- CR_SOD_18 -->
  <testcase name="TDR_DET_16" classname="TestCases.TestCases">
    <skipped/>
  </testcase> <!-- TDR_DET_16 -->
  <testcase name="CR_SOD_17" classname="TestCases.TestCases">
    <skipped/>
  </testcase> <!-- CR_SOD_17 -->
  <testcase name="TDR_DET_17" classname="TestCases.TestCases">
    <skipped/>
  </testcase> <!-- TDR_DET_17 -->
  <testcase name="TDR_DET_10" classname="TestCases.TestCases">
    <skipped/>
  </testcase> <!-- TDR_DET_10 -->
  <testcase name="CR_SOD_19" classname="TestCases.TestCases">
    <skipped/>
  </testcase> <!-- CR_SOD_19 -->
  <testcase name="TDR_DET_11" classname="TestCases.TestCases">
    <skipped/>
  </testcase> <!-- TDR_DET_11 -->
  <testcase name="CR_SOD_14" classname="TestCases.TestCases">
    <skipped/>
  </testcase> <!-- CR_SOD_14 -->
  <testcase name="TDR_DET_12" classname="TestCases.TestCases">
    <skipped/>
  </testcase> <!-- TDR_DET_12 -->
  <testcase name="CR_SOD_13" classname="TestCases.TestCases">
    <skipped/>
  </testcase> <!-- CR_SOD_13 -->
  <testcase name="SR_UW_16" classname="TestCases.TestCases">
    <skipped/>
  </testcase> <!-- SR_UW_16 -->
  <testcase name="SR_UW_15" classname="TestCases.TestCases">
    <skipped/>
  </testcase> <!-- SR_UW_15 -->
  <testcase name="SR_UW_14" classname="TestCases.TestCases">
    <skipped/>
  </testcase> <!-- SR_UW_14 -->
  <testcase name="CR_SOD_10" classname="TestCases.TestCases">
    <skipped/>
  </testcase> <!-- CR_SOD_10 -->
  <testcase name="SR_UW_19" classname="TestCases.TestCases">
    <skipped/>
  </testcase> <!-- SR_UW_19 -->
  <testcase name="SR_UW_20" classname="TestCases.TestCases">
    <skipped/>
  </testcase> <!-- SR_UW_20 -->
  <testcase name="DDR_EXT_22" classname="TestCases.TestCases">
    <skipped/>
  </testcase> <!-- DDR_EXT_22 -->
  <testcase name="UR_MCT_09" classname="TestCases.TestCases">
    <skipped/>
  </testcase> <!-- UR_MCT_09 -->
  <testcase name="UR_MCT_06" classname="TestCases.TestCases">
    <skipped/>
  </testcase> <!-- UR_MCT_06 -->
  <testcase name="UR_MCT_07" classname="TestCases.TestCases">
    <skipped/>
  </testcase> <!-- UR_MCT_07 -->
  <testcase name="UR_MCT_05" classname="TestCases.TestCases">
    <skipped/>
  </testcase> <!-- UR_MCT_05 -->
  <testcase name="UR_MCT_02" classname="TestCases.TestCases">
    <skipped/>
  </testcase> <!-- UR_MCT_02 -->
  <testcase name="UR_MCT_03" classname="TestCases.TestCases">
    <skipped/>
  </testcase> <!-- UR_MCT_03 -->
  <testcase name="AR_WSM_02" classname="TestCases.TestCases">
    <skipped/>
  </testcase> <!-- AR_WSM_02 -->
  <testcase name="AR_WSM_03" classname="TestCases.TestCases">
    <skipped/>
  </testcase> <!-- AR_WSM_03 -->
  <testcase name="UR_MCT_04" classname="TestCases.TestCases">
    <skipped/>
  </testcase> <!-- UR_MCT_04 -->
  <testcase name="CR_SOD_20" classname="TestCases.TestCases">
    <skipped/>
  </testcase> <!-- CR_SOD_20 -->
  <testcase name="CR_SOD_22" classname="TestCases.TestCases">
    <skipped/>
  </testcase> <!-- CR_SOD_22 -->
  <testcase name="DDR_BD_02" classname="TestCases.TestCases">
    <skipped/>
  </testcase> <!-- DDR_BD_02 -->
  <testcase name="UR_MCT_11" classname="TestCases.TestCases">
    <skipped/>
  </testcase> <!-- UR_MCT_11 -->
  <testcase name="DDR_BD_07" classname="TestCases.TestCases">
    <skipped/>
  </testcase> <!-- DDR_BD_07 -->
  <testcase name="DDR_BD_06" classname="TestCases.TestCases">
    <skipped/>
  </testcase> <!-- DDR_BD_06 -->
  <testcase name="DDR_BD_05" classname="TestCases.TestCases">
    <skipped/>
  </testcase> <!-- DDR_BD_05 -->
  <testcase name="DDR_BD_04" classname="TestCases.TestCases">
    <skipped/>
  </testcase> <!-- DDR_BD_04 -->
  <testcase name="UR_MCT_16" classname="TestCases.TestCases">
    <skipped/>
  </testcase> <!-- UR_MCT_16 -->
  <testcase name="UR_MCT_13" classname="TestCases.TestCases">
    <skipped/>
  </testcase> <!-- UR_MCT_13 -->
  <testcase name="DDR_BD_09" classname="TestCases.TestCases">
    <skipped/>
  </testcase> <!-- DDR_BD_09 -->
  <testcase name="CR_SOD_04" classname="TestCases.TestCases">
    <skipped/>
  </testcase> <!-- CR_SOD_04 -->
  <testcase name="UR_MCT_14" classname="TestCases.TestCases">
    <skipped/>
  </testcase> <!-- UR_MCT_14 -->
  <testcase name="DDR_BD_08" classname="TestCases.TestCases">
    <skipped/>
  </testcase> <!-- DDR_BD_08 -->
  <testcase name="AR_WSM_13" classname="TestCases.TestCases">
    <skipped/>
  </testcase> <!-- AR_WSM_13 -->
  <testcase name="UR_MCT_12" classname="TestCases.TestCases">
    <skipped/>
  </testcase> <!-- UR_MCT_12 -->
  <testcase name="AR_WSM_14" classname="TestCases.TestCases">
    <skipped/>
  </testcase> <!-- AR_WSM_14 -->
  <testcase name="UR_MCT_10" classname="TestCases.TestCases">
    <skipped/>
  </testcase> <!-- UR_MCT_10 -->
  <testcase name="UR_MCT_15" classname="TestCases.TestCases">
    <skipped/>
  </testcase> <!-- UR_MCT_15 -->
  <testcase name="TDR_BA_14" classname="TestCases.TestCases">
    <skipped/>
  </testcase> <!-- TDR_BA_14 -->
  <testcase name="DDR_BD_03" classname="TestCases.TestCases">
    <skipped/>
  </testcase> <!-- DDR_BD_03 -->
  <testcase name="AR_WSM_10" classname="TestCases.TestCases">
    <skipped/>
  </testcase> <!-- AR_WSM_10 -->
  <testcase name="AR_WSM_08" classname="TestCases.TestCases">
    <skipped/>
  </testcase> <!-- AR_WSM_08 -->
  <testcase name="AR_WSM_09" classname="TestCases.TestCases">
    <skipped/>
  </testcase> <!-- AR_WSM_09 -->
  <testcase name="AR_WSM_04" classname="TestCases.TestCases">
    <skipped/>
  </testcase> <!-- AR_WSM_04 -->
  <testcase name="AR_WSM_05" classname="TestCases.TestCases">
    <skipped/>
  </testcase> <!-- AR_WSM_05 -->
  <testcase name="AR_WSM_06" classname="TestCases.TestCases">
    <skipped/>
  </testcase> <!-- AR_WSM_06 -->
  <testcase name="AR_WSM_07" classname="TestCases.TestCases">
    <skipped/>
  </testcase> <!-- AR_WSM_07 -->
  <testcase name="TDR_SBS_009" classname="TestCases.TestCases">
    <skipped/>
  </testcase> <!-- TDR_SBS_009 -->
  <testcase name="TDR_SBS_008" classname="TestCases.TestCases">
    <skipped/>
  </testcase> <!-- TDR_SBS_008 -->
  <testcase name="TDR_SBS_014" classname="TestCases.TestCases">
    <skipped/>
  </testcase> <!-- TDR_SBS_014 -->
  <testcase name="DDR_SUM_02" classname="TestCases.TestCases">
    <skipped/>
  </testcase> <!-- DDR_SUM_02 -->
  <testcase name="TDR_SBS_010" classname="TestCases.TestCases">
    <skipped/>
  </testcase> <!-- TDR_SBS_010 -->
  <testcase name="DDR_SUM_07" classname="TestCases.TestCases">
    <skipped/>
  </testcase> <!-- DDR_SUM_07 -->
  <testcase name="DDR_SUM_08" classname="TestCases.TestCases">
    <skipped/>
  </testcase> <!-- DDR_SUM_08 -->
  <testcase name="DDR_SUM_09" classname="TestCases.TestCases">
    <skipped/>
  </testcase> <!-- DDR_SUM_09 -->
  <testcase name="TDR_SBS_012" classname="TestCases.TestCases">
    <skipped/>
  </testcase> <!-- TDR_SBS_012 -->
  <testcase name="TDR_SBS_013" classname="TestCases.TestCases">
    <skipped/>
  </testcase> <!-- TDR_SBS_013 -->
  <testcase name="DDR_SUM_03" classname="TestCases.TestCases">
    <skipped/>
  </testcase> <!-- DDR_SUM_03 -->
  <testcase name="DDR_SUM_04" classname="TestCases.TestCases">
    <skipped/>
  </testcase> <!-- DDR_SUM_04 -->
  <testcase name="TDR_SBS_011" classname="TestCases.TestCases">
    <skipped/>
  </testcase> <!-- TDR_SBS_011 -->
  <testcase name="DDR_SUM_05" classname="TestCases.TestCases">
    <skipped/>
  </testcase> <!-- DDR_SUM_05 -->
  <testcase name="TDR_SBS_016" classname="TestCases.TestCases">
    <skipped/>
  </testcase> <!-- TDR_SBS_016 -->
  <testcase name="DDR_SUM_06" classname="TestCases.TestCases">
    <skipped/>
  </testcase> <!-- DDR_SUM_06 -->
  <testcase name="TDR_SBS_015" classname="TestCases.TestCases">
    <skipped/>
  </testcase> <!-- TDR_SBS_015 -->
  <testcase name="UR_CLS_16" classname="TestCases.TestCases">
    <skipped/>
  </testcase> <!-- UR_CLS_16 -->
  <testcase name="UR_CLS_17" classname="TestCases.TestCases">
    <skipped/>
  </testcase> <!-- UR_CLS_17 -->
  <testcase name="UR_CLS_12" classname="TestCases.TestCases">
    <skipped/>
  </testcase> <!-- UR_CLS_12 -->
  <testcase name="UR_CLS_13" classname="TestCases.TestCases">
    <skipped/>
  </testcase> <!-- UR_CLS_13 -->
  <testcase name="UR_CLS_14" classname="TestCases.TestCases">
    <skipped/>
  </testcase> <!-- UR_CLS_14 -->
  <testcase name="UR_CLS_10" classname="TestCases.TestCases">
    <skipped/>
  </testcase> <!-- UR_CLS_10 -->
  <testcase name="UR_CLS_11" classname="TestCases.TestCases">
    <skipped/>
  </testcase> <!-- UR_CLS_11 -->
  <testcase name="DDR_SDF_04" classname="TestCases.TestCases">
    <skipped/>
  </testcase> <!-- DDR_SDF_04 -->
  <testcase name="DDR_SDF_08" classname="TestCases.TestCases">
    <skipped/>
  </testcase> <!-- DDR_SDF_08 -->
  <testcase name="DDR_SDF_03" classname="TestCases.TestCases">
    <skipped/>
  </testcase> <!-- DDR_SDF_03 -->
  <testcase name="DDR_SDF_02" classname="TestCases.TestCases">
    <skipped/>
  </testcase> <!-- DDR_SDF_02 -->
  <testcase name="DDR_SDF_05" classname="TestCases.TestCases">
    <skipped/>
  </testcase> <!-- DDR_SDF_05 -->
  <testcase name="DDR_SDF_07" classname="TestCases.TestCases">
    <skipped/>
  </testcase> <!-- DDR_SDF_07 -->
  <testcase name="DDR_SDF_06" classname="TestCases.TestCases">
    <skipped/>
  </testcase> <!-- DDR_SDF_06 -->
  <testcase name="UR_CLS_15" classname="TestCases.TestCases">
    <skipped/>
  </testcase> <!-- UR_CLS_15 -->
  <testcase name="UR_MCT_08" classname="TestCases.TestCases">
    <skipped/>
  </testcase> <!-- UR_MCT_08 -->
  <testcase name="TDR_SBS_022" classname="TestCases.TestCases">
    <skipped/>
  </testcase> <!-- TDR_SBS_022 -->
  <testcase name="UR_CLS_09" classname="TestCases.TestCases">
    <skipped/>
  </testcase> <!-- UR_CLS_09 -->
  <testcase name="AR_YTCR_09" classname="TestCases.TestCases">
    <skipped/>
  </testcase> <!-- AR_YTCR_09 -->
  <testcase name="SR_UW_13" classname="TestCases.TestCases">
    <skipped/>
  </testcase> <!-- SR_UW_13 -->
  <testcase name="AR_YTCR_15" classname="TestCases.TestCases">
    <skipped/>
  </testcase> <!-- AR_YTCR_15 -->
  <testcase name="SR_UW_10" classname="TestCases.TestCases">
    <skipped/>
  </testcase> <!-- SR_UW_10 -->
  <testcase name="AR_UD_09" classname="TestCases.TestCases">
    <skipped/>
  </testcase> <!-- AR_UD_09 -->
  <testcase name="TDR_SBCE_016" classname="TestCases.TestCases">
    <skipped/>
  </testcase> <!-- TDR_SBCE_016 -->
  <testcase name="TDR_SBCE_013" classname="TestCases.TestCases">
    <skipped/>
  </testcase> <!-- TDR_SBCE_013 -->
  <testcase name="TDR_SBCE_014" classname="TestCases.TestCases">
    <skipped/>
  </testcase> <!-- TDR_SBCE_014 -->
  <testcase name="TDR_DET_22" classname="TestCases.TestCases">
    <skipped/>
  </testcase> <!-- TDR_DET_22 -->
  <testcase name="SR_UW_06" classname="TestCases.TestCases">
    <skipped/>
  </testcase> <!-- SR_UW_06 -->
  <testcase name="TDR_SBCE_012" classname="TestCases.TestCases">
    <skipped/>
  </testcase> <!-- TDR_SBCE_012 -->
  <testcase name="SR_UW_05" classname="TestCases.TestCases">
    <skipped/>
  </testcase> <!-- SR_UW_05 -->
  <testcase name="SR_UW_04" classname="TestCases.TestCases">
    <skipped/>
  </testcase> <!-- SR_UW_04 -->
  <testcase name="AR_YTCR_08" classname="TestCases.TestCases">
    <skipped/>
  </testcase> <!-- AR_YTCR_08 -->
  <testcase name="SR_UW_03" classname="TestCases.TestCases">
    <skipped/>
  </testcase> <!-- SR_UW_03 -->
  <testcase name="AR_YTCR_03" classname="TestCases.TestCases">
    <skipped/>
  </testcase> <!-- AR_YTCR_03 -->
  <testcase name="TDR_SBCE_015" classname="TestCases.TestCases">
    <skipped/>
  </testcase> <!-- TDR_SBCE_015 -->
  <testcase name="AR_YTCR_02" classname="TestCases.TestCases">
    <skipped/>
  </testcase> <!-- AR_YTCR_02 -->
  <testcase name="AR_YTCR_05" classname="TestCases.TestCases">
    <skipped/>
  </testcase> <!-- AR_YTCR_05 -->
  <testcase name="SR_UW_09" classname="TestCases.TestCases">
    <skipped/>
  </testcase> <!-- SR_UW_09 -->
  <testcase name="SR_UW_08" classname="TestCases.TestCases">
    <skipped/>
  </testcase> <!-- SR_UW_08 -->
  <testcase name="AR_YTCR_07" classname="TestCases.TestCases">
    <skipped/>
  </testcase> <!-- AR_YTCR_07 -->
  <testcase name="SR_UW_07" classname="TestCases.TestCases">
    <skipped/>
  </testcase> <!-- SR_UW_07 -->
  <testcase name="AR_YTCR_06" classname="TestCases.TestCases">
    <skipped/>
  </testcase> <!-- AR_YTCR_06 -->
  <testcase name="TDR_TTC_13" classname="TestCases.TestCases">
    <skipped/>
  </testcase> <!-- TDR_TTC_13 -->
  <testcase name="SR_UW_02" classname="TestCases.TestCases">
    <skipped/>
  </testcase> <!-- SR_UW_02 -->
  <testcase name="TDR_TTC_07" classname="TestCases.TestCases">
    <skipped/>
  </testcase> <!-- TDR_TTC_07 -->
  <testcase name="TDR_TTC_09" classname="TestCases.TestCases">
    <skipped/>
  </testcase> <!-- TDR_TTC_09 -->
  <testcase name="TDR_TTC_08" classname="TestCases.TestCases">
    <skipped/>
  </testcase> <!-- TDR_TTC_08 -->
  <testcase name="AR_UD_06" classname="TestCases.TestCases">
    <skipped/>
  </testcase> <!-- AR_UD_06 -->
  <testcase name="AR_UD_08" classname="TestCases.TestCases">
    <skipped/>
  </testcase> <!-- AR_UD_08 -->
  <testcase name="AR_YTCR_10" classname="TestCases.TestCases">
    <skipped/>
  </testcase> <!-- AR_YTCR_10 -->
  <testcase name="AR_UD_07" classname="TestCases.TestCases">
    <skipped/>
  </testcase> <!-- AR_UD_07 -->
  <testcase name="AR_UD_02" classname="TestCases.TestCases">
    <skipped/>
  </testcase> <!-- AR_UD_02 -->
  <testcase name="TDR_TTC_14" classname="TestCases.TestCases">
    <skipped/>
  </testcase> <!-- TDR_TTC_14 -->
  <testcase name="TDR_TTC_16" classname="TestCases.TestCases">
    <skipped/>
  </testcase> <!-- TDR_TTC_16 -->
  <testcase name="AR_UD_04" classname="TestCases.TestCases">
    <skipped/>
  </testcase> <!-- AR_UD_04 -->
  <testcase name="AR_YTCR_14" classname="TestCases.TestCases">
    <skipped/>
  </testcase> <!-- AR_YTCR_14 -->
  <testcase name="TDR_TTC_15" classname="TestCases.TestCases">
    <skipped/>
  </testcase> <!-- TDR_TTC_15 -->
  <testcase name="AR_UD_03" classname="TestCases.TestCases">
    <skipped/>
  </testcase> <!-- AR_UD_03 -->
  <testcase name="AR_YTCR_13" classname="TestCases.TestCases">
    <skipped/>
  </testcase> <!-- AR_YTCR_13 -->
  <testcase name="TDR_TTC_10" classname="TestCases.TestCases">
    <skipped/>
  </testcase> <!-- TDR_TTC_10 -->
  <testcase name="AR_YTCR_16" classname="TestCases.TestCases">
    <skipped/>
  </testcase> <!-- AR_YTCR_16 -->
  <testcase name="TDR_TTC_17" classname="TestCases.TestCases">
    <skipped/>
  </testcase> <!-- TDR_TTC_17 -->
  <testcase name="AR_UD_05" classname="TestCases.TestCases">
    <skipped/>
  </testcase> <!-- AR_UD_05 -->
  <testcase name="TDR_TTC_12" classname="TestCases.TestCases">
    <skipped/>
  </testcase> <!-- TDR_TTC_12 -->
  <testcase name="TDR_TTC_11" classname="TestCases.TestCases">
    <skipped/>
  </testcase> <!-- TDR_TTC_11 -->
  <testcase name="AR_YTCR_17" classname="TestCases.TestCases">
    <skipped/>
  </testcase> <!-- AR_YTCR_17 -->
  <testcase name="CR_EDTL_03" classname="TestCases.TestCases">
    <skipped/>
  </testcase> <!-- CR_EDTL_03 -->
  <testcase name="DDR_BDDS_22" classname="TestCases.TestCases">
    <skipped/>
  </testcase> <!-- DDR_BDDS_22 -->
  <testcase name="AR_SA_15" classname="TestCases.TestCases">
    <skipped/>
  </testcase> <!-- AR_SA_15 -->
  <testcase name="AR_SA_10" classname="TestCases.TestCases">
    <skipped/>
  </testcase> <!-- AR_SA_10 -->
  <testcase name="AR_SA_12" classname="TestCases.TestCases">
    <skipped/>
  </testcase> <!-- AR_SA_12 -->
  <testcase name="AR_SA_13" classname="TestCases.TestCases">
    <skipped/>
  </testcase> <!-- AR_SA_13 -->
  <testcase name="AR_SA_14" classname="TestCases.TestCases">
    <skipped/>
  </testcase> <!-- AR_SA_14 -->
  <testcase name="CR_EDTL_06" classname="TestCases.TestCases">
    <skipped/>
  </testcase> <!-- CR_EDTL_06 -->
  <testcase name="CR_EDTL_05" classname="TestCases.TestCases">
    <skipped/>
  </testcase> <!-- CR_EDTL_05 -->
  <testcase name="AR_SA_16" classname="TestCases.TestCases">
    <skipped/>
  </testcase> <!-- AR_SA_16 -->
  <testcase name="CR_EDTL_04" classname="TestCases.TestCases">
    <skipped/>
  </testcase> <!-- CR_EDTL_04 -->
  <testcase name="CR_EDTL_02" classname="TestCases.TestCases">
    <skipped/>
  </testcase> <!-- CR_EDTL_02 -->
  <testcase name="AR_SA_11" classname="TestCases.TestCases">
    <skipped/>
  </testcase> <!-- AR_SA_11 -->
  <testcase name="CR_EDTL_07" classname="TestCases.TestCases">
    <skipped/>
  </testcase> <!-- CR_EDTL_07 -->
  <testcase name="CR_EDTL_14" classname="TestCases.TestCases">
    <skipped/>
  </testcase> <!-- CR_EDTL_14 -->
  <testcase name="AR_SA_19" classname="TestCases.TestCases">
    <skipped/>
  </testcase> <!-- AR_SA_19 -->
  <testcase name="CR_EDTL_09" classname="TestCases.TestCases">
    <skipped/>
  </testcase> <!-- CR_EDTL_09 -->
  <testcase name="CR_EDTL_08" classname="TestCases.TestCases">
    <skipped/>
  </testcase> <!-- CR_EDTL_08 -->
  <testcase name="AR_SA_04" classname="TestCases.TestCases">
    <skipped/>
  </testcase> <!-- AR_SA_04 -->
  <testcase name="AR_SA_02" classname="TestCases.TestCases">
    <skipped/>
  </testcase> <!-- AR_SA_02 -->
  <testcase name="DDR_SUM_022" classname="TestCases.TestCases">
    <skipped/>
  </testcase> <!-- DDR_SUM_022 -->
  <testcase name="AR_SA_03" classname="TestCases.TestCases">
    <skipped/>
  </testcase> <!-- AR_SA_03 -->
  <testcase name="CR_EDTL_10" classname="TestCases.TestCases">
    <skipped/>
  </testcase> <!-- CR_EDTL_10 -->
  <testcase name="CR_EDTL_17" classname="TestCases.TestCases">
    <skipped/>
  </testcase> <!-- CR_EDTL_17 -->
  <testcase name="AR_SA_05" classname="TestCases.TestCases">
    <skipped/>
  </testcase> <!-- AR_SA_05 -->
  <testcase name="CR_EDTL_16" classname="TestCases.TestCases">
    <skipped/>
  </testcase> <!-- CR_EDTL_16 -->
  <testcase name="AR_SA_06" classname="TestCases.TestCases">
    <skipped/>
  </testcase> <!-- AR_SA_06 -->
  <testcase name="CR_EDTL_15" classname="TestCases.TestCases">
    <skipped/>
  </testcase> <!-- CR_EDTL_15 -->
  <testcase name="AR_SA_07" classname="TestCases.TestCases">
    <skipped/>
  </testcase> <!-- AR_SA_07 -->
  <testcase name="CR_EDTL_13" classname="TestCases.TestCases">
    <skipped/>
  </testcase> <!-- CR_EDTL_13 -->
  <testcase name="AR_SA_09" classname="TestCases.TestCases">
    <skipped/>
  </testcase> <!-- AR_SA_09 -->
  <testcase name="CR_EDTL_12" classname="TestCases.TestCases">
    <skipped/>
  </testcase> <!-- CR_EDTL_12 -->
  <testcase name="CR_EDTL_11" classname="TestCases.TestCases">
    <skipped/>
  </testcase> <!-- CR_EDTL_11 -->
  <testcase name="AR_SA_08" classname="TestCases.TestCases">
    <skipped/>
  </testcase> <!-- AR_SA_08 -->
  <testcase name="UR_CLD_06" classname="TestCases.TestCases">
    <skipped/>
  </testcase> <!-- UR_CLD_06 -->
  <testcase name="UR_CLD_08" classname="TestCases.TestCases">
    <skipped/>
  </testcase> <!-- UR_CLD_08 -->
  <testcase name="UR_CLD_07" classname="TestCases.TestCases">
    <skipped/>
  </testcase> <!-- UR_CLD_07 -->
  <testcase name="UR_CLD_02" classname="TestCases.TestCases">
    <skipped/>
  </testcase> <!-- UR_CLD_02 -->
  <testcase name="UR_CLD_09" classname="TestCases.TestCases">
    <skipped/>
  </testcase> <!-- UR_CLD_09 -->
  <testcase name="UR_CLD_04" classname="TestCases.TestCases">
    <skipped/>
  </testcase> <!-- UR_CLD_04 -->
  <testcase name="UR_CLD_03" classname="TestCases.TestCases">
    <skipped/>
  </testcase> <!-- UR_CLD_03 -->
  <testcase name="CR_EDTL_22" classname="TestCases.TestCases">
    <skipped/>
  </testcase> <!-- CR_EDTL_22 -->
  <testcase name="TDR_TSA_03" classname="TestCases.TestCases">
    <skipped/>
  </testcase> <!-- TDR_TSA_03 -->
  <testcase name="TDR_TSA_04" classname="TestCases.TestCases">
    <skipped/>
  </testcase> <!-- TDR_TSA_04 -->
  <testcase name="TDR_TSA_02" classname="TestCases.TestCases">
    <skipped/>
  </testcase> <!-- TDR_TSA_02 -->
  <testcase name="TDR_TSA_05" classname="TestCases.TestCases">
    <skipped/>
  </testcase> <!-- TDR_TSA_05 -->
  <testcase name="UR_CLD_05" classname="TestCases.TestCases">
    <skipped/>
  </testcase> <!-- UR_CLD_05 -->
  <testcase name="AR_SA_20" classname="TestCases.TestCases">
    <skipped/>
  </testcase> <!-- AR_SA_20 -->
  <testcase name="AR_SA_21" classname="TestCases.TestCases">
    <skipped/>
  </testcase> <!-- AR_SA_21 -->
  <testcase name="DDR_BD_13" classname="TestCases.TestCases">
    <skipped/>
  </testcase> <!-- DDR_BD_13 -->
  <testcase name="DDR_BD_12" classname="TestCases.TestCases">
    <skipped/>
  </testcase> <!-- DDR_BD_12 -->
  <testcase name="DDR_BD_11" classname="TestCases.TestCases">
    <skipped/>
  </testcase> <!-- DDR_BD_11 -->
  <testcase name="DDR_BD_17" classname="TestCases.TestCases">
    <skipped/>
  </testcase> <!-- DDR_BD_17 -->
  <testcase name="DDR_BD_16" classname="TestCases.TestCases">
    <skipped/>
  </testcase> <!-- DDR_BD_16 -->
  <testcase name="DDR_BD_15" classname="TestCases.TestCases">
    <skipped/>
  </testcase> <!-- DDR_BD_15 -->
  <testcase name="AR_RT_15" classname="TestCases.TestCases">
    <skipped/>
  </testcase> <!-- AR_RT_15 -->
  <testcase name="AR_RT_13" classname="TestCases.TestCases">
    <skipped/>
  </testcase> <!-- AR_RT_13 -->
  <testcase name="AR_CED_16" classname="TestCases.TestCases">
    <skipped/>
  </testcase> <!-- AR_CED_16 -->
  <testcase name="AR_RT_14" classname="TestCases.TestCases">
    <skipped/>
  </testcase> <!-- AR_RT_14 -->
  <testcase name="TDR_EA_14" classname="TestCases.TestCases">
    <skipped/>
  </testcase> <!-- TDR_EA_14 -->
  <testcase name="AR_RT_12" classname="TestCases.TestCases">
    <skipped/>
  </testcase> <!-- AR_RT_12 -->
  <testcase name="DDR_BD_14" classname="TestCases.TestCases">
    <skipped/>
  </testcase> <!-- DDR_BD_14 -->
  <testcase name="AR_RT_16" classname="TestCases.TestCases">
    <skipped/>
  </testcase> <!-- AR_RT_16 -->
  <testcase name="AR_CED_15" classname="TestCases.TestCases">
    <skipped/>
  </testcase> <!-- AR_CED_15 -->
  <testcase name="AR_CED_10" classname="TestCases.TestCases">
    <skipped/>
  </testcase> <!-- AR_CED_10 -->
  <testcase name="AR_RT_11" classname="TestCases.TestCases">
    <skipped/>
  </testcase> <!-- AR_RT_11 -->
  <testcase name="AR_CED_12" classname="TestCases.TestCases">
    <skipped/>
  </testcase> <!-- AR_CED_12 -->
  <testcase name="AR_RT_10" classname="TestCases.TestCases">
    <skipped/>
  </testcase> <!-- AR_RT_10 -->
  <testcase name="AR_CED_14" classname="TestCases.TestCases">
    <skipped/>
  </testcase> <!-- AR_CED_14 -->
  <testcase name="AR_CED_13" classname="TestCases.TestCases">
    <skipped/>
  </testcase> <!-- AR_CED_13 -->
  <testcase name="AR_UD_13" classname="TestCases.TestCases">
    <skipped/>
  </testcase> <!-- AR_UD_13 -->
  <testcase name="AR_UD_15" classname="TestCases.TestCases">
    <skipped/>
  </testcase> <!-- AR_UD_15 -->
  <testcase name="AR_UD_14" classname="TestCases.TestCases">
    <skipped/>
  </testcase> <!-- AR_UD_14 -->
  <testcase name="DDR_BD_10" classname="TestCases.TestCases">
    <skipped/>
  </testcase> <!-- DDR_BD_10 -->
  <testcase name="AR_UD_16" classname="TestCases.TestCases">
    <skipped/>
  </testcase> <!-- AR_UD_16 -->
  <testcase name="AR_UD_10" classname="TestCases.TestCases">
    <skipped/>
  </testcase> <!-- AR_UD_10 -->
  <testcase name="DDR_BD_22" classname="TestCases.TestCases">
    <skipped/>
  </testcase> <!-- DDR_BD_22 -->
  <testcase name="AR_RT_09" classname="TestCases.TestCases">
    <skipped/>
  </testcase> <!-- AR_RT_09 -->
  <testcase name="AR_CED_08" classname="TestCases.TestCases">
    <skipped/>
  </testcase> <!-- AR_CED_08 -->
  <testcase name="AR_RT_04" classname="TestCases.TestCases">
    <skipped/>
  </testcase> <!-- AR_RT_04 -->
  <testcase name="AR_RT_02" classname="TestCases.TestCases">
    <skipped/>
  </testcase> <!-- AR_RT_02 -->
  <testcase name="AR_CED_05" classname="TestCases.TestCases">
    <skipped/>
  </testcase> <!-- AR_CED_05 -->
  <testcase name="AR_RT_03" classname="TestCases.TestCases">
    <skipped/>
  </testcase> <!-- AR_RT_03 -->
  <testcase name="AR_CED_07" classname="TestCases.TestCases">
    <skipped/>
  </testcase> <!-- AR_CED_07 -->
  <testcase name="AR_RT_08" classname="TestCases.TestCases">
    <skipped/>
  </testcase> <!-- AR_RT_08 -->
  <testcase name="AR_CED_06" classname="TestCases.TestCases">
    <skipped/>
  </testcase> <!-- AR_CED_06 -->
  <testcase name="AR_RT_06" classname="TestCases.TestCases">
    <skipped/>
  </testcase> <!-- AR_RT_06 -->
  <testcase name="AR_CED_09" classname="TestCases.TestCases">
    <skipped/>
  </testcase> <!-- AR_CED_09 -->
  <testcase name="TestEnd" classname="TestCases.TestCases">
    <skipped/>
  </testcase> <!-- TestEnd -->
  <testcase name="AR_RT_07" classname="TestCases.TestCases">
    <skipped/>
  </testcase> <!-- AR_RT_07 -->
  <testcase name="AR_CED_11" classname="TestCases.TestCases">
    <skipped/>
  </testcase> <!-- AR_CED_11 -->
  <testcase name="AR_RT_05" classname="TestCases.TestCases">
    <skipped/>
  </testcase> <!-- AR_RT_05 -->
  <testcase name="AR_CED_04" classname="TestCases.TestCases">
    <skipped/>
  </testcase> <!-- AR_CED_04 -->
  <testcase name="AR_CED_03" classname="TestCases.TestCases">
    <skipped/>
  </testcase> <!-- AR_CED_03 -->
  <testcase name="AR_CED_02" classname="TestCases.TestCases">
    <skipped/>
  </testcase> <!-- AR_CED_02 -->
</testsuite> <!-- TestCases.TestCases -->
