<?xml version="1.0" encoding="UTF-8"?>
<testsuite xmlns:xsi="http://www.w3.org/2001/XMLSchema-instance" xsi:noNamespaceSchemaLocation="https://maven.apache.org/surefire/maven-surefire-plugin/xsd/surefire-test-report-3.0.xsd" version="3.0" name="TestSuite" time="13.1" tests="1266" errors="0" skipped="1265" failures="1">
  <properties>
    <property name="sun.desktop" value="windows"/>
    <property name="awt.toolkit" value="sun.awt.windows.WToolkit"/>
    <property name="testNGFile" value="Regression_TestNG.xml"/>
    <property name="java.specification.version" value="1.8"/>
    <property name="file.encoding.pkg" value="sun.io"/>
    <property name="sun.cpu.isalist" value="amd64"/>
    <property name="sun.jnu.encoding" value="Cp1252"/>
    <property name="java.class.path" value="E:\Naveenkumar-11568\REPORTSautomation\ScriptVersions\Script6\target\test-classes;E:\Naveenkumar-11568\REPORTSautomation\ScriptVersions\Script6\target\classes;C:\Users\NThimmaiah\.m2\repository\com\iSafe\maven\iSafe\1.0\iSafe-1.0.jar;C:\Users\NThimmaiah\.m2\repository\org\json\json\20180130\json-20180130.jar;C:\Users\NThimmaiah\.m2\repository\org\apache\clerezza\ext\org.json.simple\0.4\org.json.simple-0.4.jar;C:\Users\NThimmaiah\.m2\repository\com\googlecode\json-simple\json-simple\1.1\json-simple-1.1.jar;C:\Users\NThimmaiah\.m2\repository\org\apache\directory\studio\org.apache.commons.lang\2.6\org.apache.commons.lang-2.6.jar;C:\Users\NThimmaiah\.m2\repository\commons-lang\commons-lang\2.6\commons-lang-2.6.jar;C:\Users\NThimmaiah\.m2\repository\org\apache\poi\poi\3.17\poi-3.17.jar;C:\Users\NThimmaiah\.m2\repository\commons-codec\commons-codec\1.10\commons-codec-1.10.jar;C:\Users\NThimmaiah\.m2\repository\org\apache\commons\commons-collections4\4.1\commons-collections4-4.1.jar;C:\Users\NThimmaiah\.m2\repository\org\apache\poi\poi-ooxml\3.17\poi-ooxml-3.17.jar;C:\Users\NThimmaiah\.m2\repository\org\apache\poi\poi-ooxml-schemas\3.17\poi-ooxml-schemas-3.17.jar;C:\Users\NThimmaiah\.m2\repository\org\apache\xmlbeans\xmlbeans\2.6.0\xmlbeans-2.6.0.jar;C:\Users\NThimmaiah\.m2\repository\stax\stax-api\1.0.1\stax-api-1.0.1.jar;C:\Users\NThimmaiah\.m2\repository\com\github\virtuald\curvesapi\1.04\curvesapi-1.04.jar;C:\Users\NThimmaiah\.m2\repository\org\seleniumhq\selenium\selenium-java\3.6.0\selenium-java-3.6.0.jar;C:\Users\NThimmaiah\.m2\repository\org\seleniumhq\selenium\selenium-api\3.6.0\selenium-api-3.6.0.jar;C:\Users\NThimmaiah\.m2\repository\org\seleniumhq\selenium\selenium-edge-driver\3.6.0\selenium-edge-driver-3.6.0.jar;C:\Users\NThimmaiah\.m2\repository\org\seleniumhq\selenium\selenium-firefox-driver\3.6.0\selenium-firefox-driver-3.6.0.jar;C:\Users\NThimmaiah\.m2\repository\org\seleniumhq\selenium\selenium-ie-driver\3.6.0\selenium-ie-driver-3.6.0.jar;C:\Users\NThimmaiah\.m2\repository\org\seleniumhq\selenium\selenium-opera-driver\3.6.0\selenium-opera-driver-3.6.0.jar;C:\Users\NThimmaiah\.m2\repository\org\seleniumhq\selenium\selenium-remote-driver\3.6.0\selenium-remote-driver-3.6.0.jar;C:\Users\NThimmaiah\.m2\repository\org\seleniumhq\selenium\selenium-safari-driver\3.6.0\selenium-safari-driver-3.6.0.jar;C:\Users\NThimmaiah\.m2\repository\org\seleniumhq\selenium\selenium-support\3.6.0\selenium-support-3.6.0.jar;C:\Users\NThimmaiah\.m2\repository\net\bytebuddy\byte-buddy\1.7.5\byte-buddy-1.7.5.jar;C:\Users\NThimmaiah\.m2\repository\org\apache\commons\commons-exec\1.3\commons-exec-1.3.jar;C:\Users\NThimmaiah\.m2\repository\commons-logging\commons-logging\1.2\commons-logging-1.2.jar;C:\Users\NThimmaiah\.m2\repository\com\google\code\gson\gson\2.8.0\gson-2.8.0.jar;C:\Users\NThimmaiah\.m2\repository\com\google\guava\guava\23.0\guava-23.0.jar;C:\Users\NThimmaiah\.m2\repository\com\google\code\findbugs\jsr305\1.3.9\jsr305-1.3.9.jar;C:\Users\NThimmaiah\.m2\repository\com\google\errorprone\error_prone_annotations\2.0.18\error_prone_annotations-2.0.18.jar;C:\Users\NThimmaiah\.m2\repository\com\google\j2objc\j2objc-annotations\1.1\j2objc-annotations-1.1.jar;C:\Users\NThimmaiah\.m2\repository\org\codehaus\mojo\animal-sniffer-annotations\1.14\animal-sniffer-annotations-1.14.jar;C:\Users\NThimmaiah\.m2\repository\org\apache\httpcomponents\httpclient\4.5.3\httpclient-4.5.3.jar;C:\Users\NThimmaiah\.m2\repository\org\apache\httpcomponents\httpcore\4.4.6\httpcore-4.4.6.jar;C:\Users\NThimmaiah\.m2\repository\net\java\dev\jna\jna\4.1.0\jna-4.1.0.jar;C:\Users\NThimmaiah\.m2\repository\net\java\dev\jna\jna-platform\4.1.0\jna-platform-4.1.0.jar;C:\Users\NThimmaiah\.m2\repository\org\testng\testng\6.10\testng-6.10.jar;C:\Users\NThimmaiah\.m2\repository\com\beust\jcommander\1.48\jcommander-1.48.jar;C:\Users\NThimmaiah\.m2\repository\io\appium\java-client\5.0.0-BETA6\java-client-5.0.0-BETA6.jar;C:\Users\NThimmaiah\.m2\repository\cglib\cglib\3.2.4\cglib-3.2.4.jar;C:\Users\NThimmaiah\.m2\repository\org\ow2\asm\asm\5.1\asm-5.1.jar;C:\Users\NThimmaiah\.m2\repository\org\apache\ant\ant\1.9.6\ant-1.9.6.jar;C:\Users\NThimmaiah\.m2\repository\org\apache\ant\ant-launcher\1.9.6\ant-launcher-1.9.6.jar;C:\Users\NThimmaiah\.m2\repository\commons-validator\commons-validator\1.5.1\commons-validator-1.5.1.jar;C:\Users\NThimmaiah\.m2\repository\commons-beanutils\commons-beanutils\1.9.2\commons-beanutils-1.9.2.jar;C:\Users\NThimmaiah\.m2\repository\commons-digester\commons-digester\1.8.1\commons-digester-1.8.1.jar;C:\Users\NThimmaiah\.m2\repository\commons-collections\commons-collections\3.2.2\commons-collections-3.2.2.jar;C:\Users\NThimmaiah\.m2\repository\org\apache\commons\commons-lang3\3.5\commons-lang3-3.5.jar;C:\Users\NThimmaiah\.m2\repository\commons-io\commons-io\2.5\commons-io-2.5.jar;C:\Users\NThimmaiah\.m2\repository\org\springframework\spring-context\4.3.5.RELEASE\spring-context-4.3.5.RELEASE.jar;C:\Users\NThimmaiah\.m2\repository\org\springframework\spring-aop\4.3.5.RELEASE\spring-aop-4.3.5.RELEASE.jar;C:\Users\NThimmaiah\.m2\repository\org\springframework\spring-beans\4.3.5.RELEASE\spring-beans-4.3.5.RELEASE.jar;C:\Users\NThimmaiah\.m2\repository\org\springframework\spring-core\4.3.5.RELEASE\spring-core-4.3.5.RELEASE.jar;C:\Users\NThimmaiah\.m2\repository\org\springframework\spring-expression\4.3.5.RELEASE\spring-expression-4.3.5.RELEASE.jar;C:\Users\NThimmaiah\.m2\repository\org\aspectj\aspectjweaver\1.8.10\aspectjweaver-1.8.10.jar;C:\Users\NThimmaiah\.m2\repository\log4j\log4j\1.2.17\log4j-1.2.17.jar;C:\Users\NThimmaiah\.m2\repository\net\sourceforge\jexcelapi\jxl\2.6.12\jxl-2.6.12.jar;C:\Users\NThimmaiah\.m2\repository\javax\mail\javax.mail-api\1.6.0-rc2\javax.mail-api-1.6.0-rc2.jar;C:\Users\NThimmaiah\.m2\repository\org\seleniumhq\selenium\selenium-chrome-driver\3.4.0\selenium-chrome-driver-3.4.0.jar;C:\Users\NThimmaiah\.m2\repository\cglib\cglib-nodep\3.2.4\cglib-nodep-3.2.4.jar;"/>
    <property name="java.vm.vendor" value="Oracle Corporation"/>
    <property name="screenshotPath" value="E:\Naveenkumar-11568\REPORTSautomation\ScriptVersions\Script6/SureFireReports/20201118-180424/Screenshots"/>
    <property name="sun.arch.data.model" value="64"/>
    <property name="user.variant" value=""/>
    <property name="java.vendor.url" value="http://java.oracle.com/"/>
    <property name="user.timezone" value="Asia/Calcutta"/>
    <property name="environmentName" value="LOCAL"/>
    <property name="java.vm.specification.version" value="1.8"/>
    <property name="os.name" value="Windows 10"/>
    <property name="user.country" value="IN"/>
    <property name="sun.java.launcher" value="SUN_STANDARD"/>
    <property name="suiteName" value=""/>
    <property name="environmentURL" value="https://uat.xcmsolutions.com/xcmv2"/>
    <property name="sun.boot.library.path" value="C:\Program Files\Java\jre1.8.0_191\bin"/>
    <property name="sun.java.command" value="C:\Users\NThimmaiah\AppData\Local\Temp\surefire6779325295608356346\surefirebooter4280433223084050432.jar C:\Users\NThimmaiah\AppData\Local\Temp\surefire6779325295608356346 2020-11-18T23-34-27_613-jvmRun1 surefire8859427237258193764tmp surefire_01821365043151136661tmp"/>
    <property name="surefire.test.class.path" value="E:\Naveenkumar-11568\REPORTSautomation\ScriptVersions\Script6\target\test-classes;E:\Naveenkumar-11568\REPORTSautomation\ScriptVersions\Script6\target\classes;C:\Users\NThimmaiah\.m2\repository\com\iSafe\maven\iSafe\1.0\iSafe-1.0.jar;C:\Users\NThimmaiah\.m2\repository\org\json\json\20180130\json-20180130.jar;C:\Users\NThimmaiah\.m2\repository\org\apache\clerezza\ext\org.json.simple\0.4\org.json.simple-0.4.jar;C:\Users\NThimmaiah\.m2\repository\com\googlecode\json-simple\json-simple\1.1\json-simple-1.1.jar;C:\Users\NThimmaiah\.m2\repository\org\apache\directory\studio\org.apache.commons.lang\2.6\org.apache.commons.lang-2.6.jar;C:\Users\NThimmaiah\.m2\repository\commons-lang\commons-lang\2.6\commons-lang-2.6.jar;C:\Users\NThimmaiah\.m2\repository\org\apache\poi\poi\3.17\poi-3.17.jar;C:\Users\NThimmaiah\.m2\repository\commons-codec\commons-codec\1.10\commons-codec-1.10.jar;C:\Users\NThimmaiah\.m2\repository\org\apache\commons\commons-collections4\4.1\commons-collections4-4.1.jar;C:\Users\NThimmaiah\.m2\repository\org\apache\poi\poi-ooxml\3.17\poi-ooxml-3.17.jar;C:\Users\NThimmaiah\.m2\repository\org\apache\poi\poi-ooxml-schemas\3.17\poi-ooxml-schemas-3.17.jar;C:\Users\NThimmaiah\.m2\repository\org\apache\xmlbeans\xmlbeans\2.6.0\xmlbeans-2.6.0.jar;C:\Users\NThimmaiah\.m2\repository\stax\stax-api\1.0.1\stax-api-1.0.1.jar;C:\Users\NThimmaiah\.m2\repository\com\github\virtuald\curvesapi\1.04\curvesapi-1.04.jar;C:\Users\NThimmaiah\.m2\repository\org\seleniumhq\selenium\selenium-java\3.6.0\selenium-java-3.6.0.jar;C:\Users\NThimmaiah\.m2\repository\org\seleniumhq\selenium\selenium-api\3.6.0\selenium-api-3.6.0.jar;C:\Users\NThimmaiah\.m2\repository\org\seleniumhq\selenium\selenium-edge-driver\3.6.0\selenium-edge-driver-3.6.0.jar;C:\Users\NThimmaiah\.m2\repository\org\seleniumhq\selenium\selenium-firefox-driver\3.6.0\selenium-firefox-driver-3.6.0.jar;C:\Users\NThimmaiah\.m2\repository\org\seleniumhq\selenium\selenium-ie-driver\3.6.0\selenium-ie-driver-3.6.0.jar;C:\Users\NThimmaiah\.m2\repository\org\seleniumhq\selenium\selenium-opera-driver\3.6.0\selenium-opera-driver-3.6.0.jar;C:\Users\NThimmaiah\.m2\repository\org\seleniumhq\selenium\selenium-remote-driver\3.6.0\selenium-remote-driver-3.6.0.jar;C:\Users\NThimmaiah\.m2\repository\org\seleniumhq\selenium\selenium-safari-driver\3.6.0\selenium-safari-driver-3.6.0.jar;C:\Users\NThimmaiah\.m2\repository\org\seleniumhq\selenium\selenium-support\3.6.0\selenium-support-3.6.0.jar;C:\Users\NThimmaiah\.m2\repository\net\bytebuddy\byte-buddy\1.7.5\byte-buddy-1.7.5.jar;C:\Users\NThimmaiah\.m2\repository\org\apache\commons\commons-exec\1.3\commons-exec-1.3.jar;C:\Users\NThimmaiah\.m2\repository\commons-logging\commons-logging\1.2\commons-logging-1.2.jar;C:\Users\NThimmaiah\.m2\repository\com\google\code\gson\gson\2.8.0\gson-2.8.0.jar;C:\Users\NThimmaiah\.m2\repository\com\google\guava\guava\23.0\guava-23.0.jar;C:\Users\NThimmaiah\.m2\repository\com\google\code\findbugs\jsr305\1.3.9\jsr305-1.3.9.jar;C:\Users\NThimmaiah\.m2\repository\com\google\errorprone\error_prone_annotations\2.0.18\error_prone_annotations-2.0.18.jar;C:\Users\NThimmaiah\.m2\repository\com\google\j2objc\j2objc-annotations\1.1\j2objc-annotations-1.1.jar;C:\Users\NThimmaiah\.m2\repository\org\codehaus\mojo\animal-sniffer-annotations\1.14\animal-sniffer-annotations-1.14.jar;C:\Users\NThimmaiah\.m2\repository\org\apache\httpcomponents\httpclient\4.5.3\httpclient-4.5.3.jar;C:\Users\NThimmaiah\.m2\repository\org\apache\httpcomponents\httpcore\4.4.6\httpcore-4.4.6.jar;C:\Users\NThimmaiah\.m2\repository\net\java\dev\jna\jna\4.1.0\jna-4.1.0.jar;C:\Users\NThimmaiah\.m2\repository\net\java\dev\jna\jna-platform\4.1.0\jna-platform-4.1.0.jar;C:\Users\NThimmaiah\.m2\repository\org\testng\testng\6.10\testng-6.10.jar;C:\Users\NThimmaiah\.m2\repository\com\beust\jcommander\1.48\jcommander-1.48.jar;C:\Users\NThimmaiah\.m2\repository\io\appium\java-client\5.0.0-BETA6\java-client-5.0.0-BETA6.jar;C:\Users\NThimmaiah\.m2\repository\cglib\cglib\3.2.4\cglib-3.2.4.jar;C:\Users\NThimmaiah\.m2\repository\org\ow2\asm\asm\5.1\asm-5.1.jar;C:\Users\NThimmaiah\.m2\repository\org\apache\ant\ant\1.9.6\ant-1.9.6.jar;C:\Users\NThimmaiah\.m2\repository\org\apache\ant\ant-launcher\1.9.6\ant-launcher-1.9.6.jar;C:\Users\NThimmaiah\.m2\repository\commons-validator\commons-validator\1.5.1\commons-validator-1.5.1.jar;C:\Users\NThimmaiah\.m2\repository\commons-beanutils\commons-beanutils\1.9.2\commons-beanutils-1.9.2.jar;C:\Users\NThimmaiah\.m2\repository\commons-digester\commons-digester\1.8.1\commons-digester-1.8.1.jar;C:\Users\NThimmaiah\.m2\repository\commons-collections\commons-collections\3.2.2\commons-collections-3.2.2.jar;C:\Users\NThimmaiah\.m2\repository\org\apache\commons\commons-lang3\3.5\commons-lang3-3.5.jar;C:\Users\NThimmaiah\.m2\repository\commons-io\commons-io\2.5\commons-io-2.5.jar;C:\Users\NThimmaiah\.m2\repository\org\springframework\spring-context\4.3.5.RELEASE\spring-context-4.3.5.RELEASE.jar;C:\Users\NThimmaiah\.m2\repository\org\springframework\spring-aop\4.3.5.RELEASE\spring-aop-4.3.5.RELEASE.jar;C:\Users\NThimmaiah\.m2\repository\org\springframework\spring-beans\4.3.5.RELEASE\spring-beans-4.3.5.RELEASE.jar;C:\Users\NThimmaiah\.m2\repository\org\springframework\spring-core\4.3.5.RELEASE\spring-core-4.3.5.RELEASE.jar;C:\Users\NThimmaiah\.m2\repository\org\springframework\spring-expression\4.3.5.RELEASE\spring-expression-4.3.5.RELEASE.jar;C:\Users\NThimmaiah\.m2\repository\org\aspectj\aspectjweaver\1.8.10\aspectjweaver-1.8.10.jar;C:\Users\NThimmaiah\.m2\repository\log4j\log4j\1.2.17\log4j-1.2.17.jar;C:\Users\NThimmaiah\.m2\repository\net\sourceforge\jexcelapi\jxl\2.6.12\jxl-2.6.12.jar;C:\Users\NThimmaiah\.m2\repository\javax\mail\javax.mail-api\1.6.0-rc2\javax.mail-api-1.6.0-rc2.jar;C:\Users\NThimmaiah\.m2\repository\org\seleniumhq\selenium\selenium-chrome-driver\3.4.0\selenium-chrome-driver-3.4.0.jar;C:\Users\NThimmaiah\.m2\repository\cglib\cglib-nodep\3.2.4\cglib-nodep-3.2.4.jar;"/>
    <property name="sun.cpu.endian" value="little"/>
    <property name="user.home" value="C:\Users\NThimmaiah"/>
    <property name="user.language" value="en"/>
    <property name="java.specification.vendor" value="Oracle Corporation"/>
    <property name="java.home" value="C:\Program Files\Java\jre1.8.0_191"/>
    <property name="basedir" value="E:\Naveenkumar-11568\REPORTSautomation\ScriptVersions\Script6"/>
    <property name="file.separator" value="\"/>
    <property name="line.separator" value="&#10;"/>
    <property name="java.vm.specification.vendor" value="Oracle Corporation"/>
    <property name="java.specification.name" value="Java Platform API Specification"/>
    <property name="java.awt.graphicsenv" value="sun.awt.Win32GraphicsEnvironment"/>
    <property name="surefire.real.class.path" value="C:\Users\NThimmaiah\AppData\Local\Temp\surefire6779325295608356346\surefirebooter4280433223084050432.jar"/>
    <property name="sun.boot.class.path" value="C:\Program Files\Java\jre1.8.0_191\lib\resources.jar;C:\Program Files\Java\jre1.8.0_191\lib\rt.jar;C:\Program Files\Java\jre1.8.0_191\lib\sunrsasign.jar;C:\Program Files\Java\jre1.8.0_191\lib\jsse.jar;C:\Program Files\Java\jre1.8.0_191\lib\jce.jar;C:\Program Files\Java\jre1.8.0_191\lib\charsets.jar;C:\Program Files\Java\jre1.8.0_191\lib\jfr.jar;C:\Program Files\Java\jre1.8.0_191\classes"/>
    <property name="user.script" value=""/>
    <property name="sun.management.compiler" value="HotSpot 64-Bit Tiered Compilers"/>
    <property name="java.runtime.version" value="1.8.0_191-b12"/>
    <property name="user.name" value="NThimmaiah"/>
    <property name="path.separator" value=";"/>
    <property name="os.version" value="10.0"/>
    <property name="java.endorsed.dirs" value="C:\Program Files\Java\jre1.8.0_191\lib\endorsed"/>
    <property name="java.runtime.name" value="Java(TM) SE Runtime Environment"/>
    <property name="file.encoding" value="Cp1252"/>
    <property name="java.vm.name" value="Java HotSpot(TM) 64-Bit Server VM"/>
    <property name="localRepository" value="C:\Users\NThimmaiah\.m2\repository"/>
    <property name="java.vendor.url.bug" value="http://bugreport.sun.com/bugreport/"/>
    <property name="java.io.tmpdir" value="C:\Users\NTHIMM~1\AppData\Local\Temp\"/>
    <property name="java.version" value="1.8.0_191"/>
    <property name="user.dir" value="E:\Naveenkumar-11568\REPORTSautomation\ScriptVersions\Script6"/>
    <property name="os.arch" value="amd64"/>
    <property name="java.vm.specification.name" value="Java Virtual Machine Specification"/>
    <property name="java.awt.printerjob" value="sun.awt.windows.WPrinterJob"/>
    <property name="sun.os.patch.level" value=""/>
    <property name="java.library.path" value="C:\Program Files\Java\jre1.8.0_191\bin;C:\WINDOWS\Sun\Java\bin;C:\WINDOWS\system32;C:\WINDOWS;C:/Program Files/Java/jre1.8.0_191/bin/server;C:/Program Files/Java/jre1.8.0_191/bin;C:/Program Files/Java/jre1.8.0_191/lib/amd64;C:\Program Files (x86)\Common Files\Oracle\Java\javapath;C:\WINDOWS\system32;C:\WINDOWS;C:\WINDOWS\System32\Wbem;C:\WINDOWS\System32\WindowsPowerShell\v1.0\;C:\WINDOWS\System32\OpenSSH\;C:\Program Files (x86)\Microsoft SQL Server\Client SDK\ODBC\130\Tools\Binn\;C:\Program Files (x86)\Microsoft SQL Server\140\Tools\Binn\;C:\Program Files (x86)\Microsoft SQL Server\140\DTS\Binn\;C:\Program Files (x86)\Microsoft SQL Server\140\Tools\Binn\ManagementStudio\;C:\Program Files\Java\jdk1.8.0_191\bin;E:\XCMFrameWork\apache-maven-3.6.1\bin;C:\Program Files\dotnet\;C:\Program Files\Microsoft SQL Server\130\Tools\Binn\;C:\Program Files\nodejs\;C:\Users\NThimmaiah\AppData\Local\Programs\Python\Python38\Scripts\;C:\Users\NThimmaiah\AppData\Local\Programs\Python\Python38\;C:\Users\NThimmaiah\AppData\Local\Microsoft\WindowsApps;C:\Users\NThimmaiah\AppData\Local\Programs\Microsoft VS Code\bin;C:\Users\NThimmaiah\AppData\Local\Programs\Git\cmd;;C:\Users\NThimmaiah\AppData\Local\JetBrains\PyCharm Community Edition 2019.3.1\bin;;C:\Users\NThimmaiah\AppData\Roaming\npm;E:\AutoBackup\eclipse-java-2019-03-R-win32-x86_64\eclipse;;."/>
    <property name="java.vm.info" value="mixed mode"/>
    <property name="java.vendor" value="Oracle Corporation"/>
    <property name="java.vm.version" value="25.191-b12"/>
    <property name="java.ext.dirs" value="C:\Program Files\Java\jre1.8.0_191\lib\ext;C:\WINDOWS\Sun\Java\lib\ext"/>
    <property name="sun.io.unicode.encoding" value="UnicodeLittle"/>
    <property name="java.class.version" value="52.0"/>
  </properties>
  <testcase name="precondition" classname="TestCases.TestCases" time="10.642">
    <failure type="java.lang.NullPointerException">java.lang.NullPointerException
	at TestCases.TestCases.precondition(TestCases.java:112)
</failure>
    <system-out><![CDATA[[TestNGContentHandler] [WARN] It is strongly recommended to add "<!DOCTYPE suite SYSTEM "http://testng.org/testng-1.0.dtd" >" at the top of your file, otherwise TestNG may fail or not work as expected.
4059 [TestNG] ERROR ./TestResults/2020_11_18_11_34_33_PM/LogFile.log  - Browser: Open Failure/Navigation cancelled, please check the application window. Error: org.openqa.selenium.remote.UnreachableBrowserException: Could not start a new session. Possible causes are invalid address of the remote server or browser start-up failure.
Build info: version: '3.6.0', revision: '6fbf3ec767', time: '2017-09-27T15:28:36.4Z'
System info: host: 'XPITAX-11568', ip: '192.168.0.105', os.name: 'Windows 10', os.arch: 'amd64', os.version: '10.0', java.version: '1.8.0_191'
Driver info: driver.version: RemoteWebDriver
Screenshot path: E:\Naveenkumar-11568\REPORTSautomation\ScriptVersions\Script6/SureFireReports/20201118-180424/Screenshots/
]]></system-out>
  </testcase>
  <testcase name="before" classname="TestCases.TestCases" time="0">
    <skipped/>
  </testcase>
  <testcase name="before" classname="TestCases.TestCases" time="0">
    <skipped/>
  </testcase>
  <testcase name="before" classname="TestCases.TestCases" time="0">
    <skipped/>
  </testcase>
  <testcase name="before" classname="TestCases.TestCases" time="0">
    <skipped/>
  </testcase>
  <testcase name="before" classname="TestCases.TestCases" time="0">
    <skipped/>
  </testcase>
  <testcase name="before" classname="TestCases.TestCases" time="0">
    <skipped/>
  </testcase>
  <testcase name="before" classname="TestCases.TestCases" time="0">
    <skipped/>
  </testcase>
  <testcase name="before" classname="TestCases.TestCases" time="0">
    <skipped/>
  </testcase>
  <testcase name="before" classname="TestCases.TestCases" time="0">
    <skipped/>
  </testcase>
  <testcase name="before" classname="TestCases.TestCases" time="0">
    <skipped/>
  </testcase>
  <testcase name="before" classname="TestCases.TestCases" time="0">
    <skipped/>
  </testcase>
  <testcase name="before" classname="TestCases.TestCases" time="0">
    <skipped/>
  </testcase>
  <testcase name="before" classname="TestCases.TestCases" time="0">
    <skipped/>
  </testcase>
  <testcase name="before" classname="TestCases.TestCases" time="0">
    <skipped/>
  </testcase>
  <testcase name="before" classname="TestCases.TestCases" time="0">
    <skipped/>
  </testcase>
  <testcase name="before" classname="TestCases.TestCases" time="0">
    <skipped/>
  </testcase>
  <testcase name="before" classname="TestCases.TestCases" time="0">
    <skipped/>
  </testcase>
  <testcase name="before" classname="TestCases.TestCases" time="0">
    <skipped/>
  </testcase>
  <testcase name="before" classname="TestCases.TestCases" time="0">
    <skipped/>
  </testcase>
  <testcase name="before" classname="TestCases.TestCases" time="0">
    <skipped/>
  </testcase>
  <testcase name="before" classname="TestCases.TestCases" time="0">
    <skipped/>
  </testcase>
  <testcase name="before" classname="TestCases.TestCases" time="0">
    <skipped/>
  </testcase>
  <testcase name="before" classname="TestCases.TestCases" time="0">
    <skipped/>
  </testcase>
  <testcase name="before" classname="TestCases.TestCases" time="0">
    <skipped/>
  </testcase>
  <testcase name="before" classname="TestCases.TestCases" time="0">
    <skipped/>
  </testcase>
  <testcase name="before" classname="TestCases.TestCases" time="0">
    <skipped/>
  </testcase>
  <testcase name="before" classname="TestCases.TestCases" time="0">
    <skipped/>
  </testcase>
  <testcase name="before" classname="TestCases.TestCases" time="0">
    <skipped/>
  </testcase>
  <testcase name="before" classname="TestCases.TestCases" time="0">
    <skipped/>
  </testcase>
  <testcase name="before" classname="TestCases.TestCases" time="0">
    <skipped/>
  </testcase>
  <testcase name="before" classname="TestCases.TestCases" time="0">
    <skipped/>
  </testcase>
  <testcase name="before" classname="TestCases.TestCases" time="0">
    <skipped/>
  </testcase>
  <testcase name="before" classname="TestCases.TestCases" time="0">
    <skipped/>
  </testcase>
  <testcase name="before" classname="TestCases.TestCases" time="0">
    <skipped/>
  </testcase>
  <testcase name="before" classname="TestCases.TestCases" time="0">
    <skipped/>
  </testcase>
  <testcase name="before" classname="TestCases.TestCases" time="0">
    <skipped/>
  </testcase>
  <testcase name="before" classname="TestCases.TestCases" time="0">
    <skipped/>
  </testcase>
  <testcase name="before" classname="TestCases.TestCases" time="0">
    <skipped/>
  </testcase>
  <testcase name="before" classname="TestCases.TestCases" time="0">
    <skipped/>
  </testcase>
  <testcase name="before" classname="TestCases.TestCases" time="0">
    <skipped/>
  </testcase>
  <testcase name="before" classname="TestCases.TestCases" time="0">
    <skipped/>
  </testcase>
  <testcase name="before" classname="TestCases.TestCases" time="0">
    <skipped/>
  </testcase>
  <testcase name="before" classname="TestCases.TestCases" time="0">
    <skipped/>
  </testcase>
  <testcase name="before" classname="TestCases.TestCases" time="0">
    <skipped/>
  </testcase>
  <testcase name="before" classname="TestCases.TestCases" time="0">
    <skipped/>
  </testcase>
  <testcase name="before" classname="TestCases.TestCases" time="0">
    <skipped/>
  </testcase>
  <testcase name="before" classname="TestCases.TestCases" time="0">
    <skipped/>
  </testcase>
  <testcase name="before" classname="TestCases.TestCases" time="0">
    <skipped/>
  </testcase>
  <testcase name="before" classname="TestCases.TestCases" time="0">
    <skipped/>
  </testcase>
  <testcase name="before" classname="TestCases.TestCases" time="0">
    <skipped/>
  </testcase>
  <testcase name="before" classname="TestCases.TestCases" time="0">
    <skipped/>
  </testcase>
  <testcase name="before" classname="TestCases.TestCases" time="0">
    <skipped/>
  </testcase>
  <testcase name="before" classname="TestCases.TestCases" time="0">
    <skipped/>
  </testcase>
  <testcase name="before" classname="TestCases.TestCases" time="0">
    <skipped/>
  </testcase>
  <testcase name="before" classname="TestCases.TestCases" time="0">
    <skipped/>
  </testcase>
  <testcase name="before" classname="TestCases.TestCases" time="0">
    <skipped/>
  </testcase>
  <testcase name="before" classname="TestCases.TestCases" time="0">
    <skipped/>
  </testcase>
  <testcase name="before" classname="TestCases.TestCases" time="0">
    <skipped/>
  </testcase>
  <testcase name="before" classname="TestCases.TestCases" time="0">
    <skipped/>
  </testcase>
  <testcase name="before" classname="TestCases.TestCases" time="0">
    <skipped/>
  </testcase>
  <testcase name="before" classname="TestCases.TestCases" time="0">
    <skipped/>
  </testcase>
  <testcase name="before" classname="TestCases.TestCases" time="0">
    <skipped/>
  </testcase>
  <testcase name="before" classname="TestCases.TestCases" time="0">
    <skipped/>
  </testcase>
  <testcase name="before" classname="TestCases.TestCases" time="0">
    <skipped/>
  </testcase>
  <testcase name="before" classname="TestCases.TestCases" time="0">
    <skipped/>
  </testcase>
  <testcase name="before" classname="TestCases.TestCases" time="0">
    <skipped/>
  </testcase>
  <testcase name="before" classname="TestCases.TestCases" time="0">
    <skipped/>
  </testcase>
  <testcase name="before" classname="TestCases.TestCases" time="0">
    <skipped/>
  </testcase>
  <testcase name="before" classname="TestCases.TestCases" time="0">
    <skipped/>
  </testcase>
  <testcase name="before" classname="TestCases.TestCases" time="0">
    <skipped/>
  </testcase>
  <testcase name="before" classname="TestCases.TestCases" time="0">
    <skipped/>
  </testcase>
  <testcase name="before" classname="TestCases.TestCases" time="0">
    <skipped/>
  </testcase>
  <testcase name="before" classname="TestCases.TestCases" time="0">
    <skipped/>
  </testcase>
  <testcase name="before" classname="TestCases.TestCases" time="0">
    <skipped/>
  </testcase>
  <testcase name="before" classname="TestCases.TestCases" time="0">
    <skipped/>
  </testcase>
  <testcase name="before" classname="TestCases.TestCases" time="0">
    <skipped/>
  </testcase>
  <testcase name="before" classname="TestCases.TestCases" time="0">
    <skipped/>
  </testcase>
  <testcase name="before" classname="TestCases.TestCases" time="0">
    <skipped/>
  </testcase>
  <testcase name="before" classname="TestCases.TestCases" time="0">
    <skipped/>
  </testcase>
  <testcase name="before" classname="TestCases.TestCases" time="0">
    <skipped/>
  </testcase>
  <testcase name="before" classname="TestCases.TestCases" time="0">
    <skipped/>
  </testcase>
  <testcase name="before" classname="TestCases.TestCases" time="0">
    <skipped/>
  </testcase>
  <testcase name="before" classname="TestCases.TestCases" time="0">
    <skipped/>
  </testcase>
  <testcase name="before" classname="TestCases.TestCases" time="0">
    <skipped/>
  </testcase>
  <testcase name="before" classname="TestCases.TestCases" time="0">
    <skipped/>
  </testcase>
  <testcase name="before" classname="TestCases.TestCases" time="0">
    <skipped/>
  </testcase>
  <testcase name="before" classname="TestCases.TestCases" time="0">
    <skipped/>
  </testcase>
  <testcase name="before" classname="TestCases.TestCases" time="0">
    <skipped/>
  </testcase>
  <testcase name="before" classname="TestCases.TestCases" time="0">
    <skipped/>
  </testcase>
  <testcase name="before" classname="TestCases.TestCases" time="0">
    <skipped/>
  </testcase>
  <testcase name="before" classname="TestCases.TestCases" time="0">
    <skipped/>
  </testcase>
  <testcase name="before" classname="TestCases.TestCases" time="0">
    <skipped/>
  </testcase>
  <testcase name="before" classname="TestCases.TestCases" time="0">
    <skipped/>
  </testcase>
  <testcase name="before" classname="TestCases.TestCases" time="0">
    <skipped/>
  </testcase>
  <testcase name="before" classname="TestCases.TestCases" time="0">
    <skipped/>
  </testcase>
  <testcase name="before" classname="TestCases.TestCases" time="0">
    <skipped/>
  </testcase>
  <testcase name="before" classname="TestCases.TestCases" time="0">
    <skipped/>
  </testcase>
  <testcase name="before" classname="TestCases.TestCases" time="0">
    <skipped/>
  </testcase>
  <testcase name="before" classname="TestCases.TestCases" time="0">
    <skipped/>
  </testcase>
  <testcase name="before" classname="TestCases.TestCases" time="0">
    <skipped/>
  </testcase>
  <testcase name="before" classname="TestCases.TestCases" time="0">
    <skipped/>
  </testcase>
  <testcase name="before" classname="TestCases.TestCases" time="0">
    <skipped/>
  </testcase>
  <testcase name="before" classname="TestCases.TestCases" time="0">
    <skipped/>
  </testcase>
  <testcase name="before" classname="TestCases.TestCases" time="0">
    <skipped/>
  </testcase>
  <testcase name="before" classname="TestCases.TestCases" time="0">
    <skipped/>
  </testcase>
  <testcase name="before" classname="TestCases.TestCases" time="0">
    <skipped/>
  </testcase>
  <testcase name="before" classname="TestCases.TestCases" time="0">
    <skipped/>
  </testcase>
  <testcase name="before" classname="TestCases.TestCases" time="0">
    <skipped/>
  </testcase>
  <testcase name="before" classname="TestCases.TestCases" time="0">
    <skipped/>
  </testcase>
  <testcase name="before" classname="TestCases.TestCases" time="0">
    <skipped/>
  </testcase>
  <testcase name="before" classname="TestCases.TestCases" time="0">
    <skipped/>
  </testcase>
  <testcase name="before" classname="TestCases.TestCases" time="0">
    <skipped/>
  </testcase>
  <testcase name="before" classname="TestCases.TestCases" time="0">
    <skipped/>
  </testcase>
  <testcase name="before" classname="TestCases.TestCases" time="0">
    <skipped/>
  </testcase>
  <testcase name="before" classname="TestCases.TestCases" time="0">
    <skipped/>
  </testcase>
  <testcase name="before" classname="TestCases.TestCases" time="0">
    <skipped/>
  </testcase>
  <testcase name="before" classname="TestCases.TestCases" time="0">
    <skipped/>
  </testcase>
  <testcase name="before" classname="TestCases.TestCases" time="0">
    <skipped/>
  </testcase>
  <testcase name="before" classname="TestCases.TestCases" time="0">
    <skipped/>
  </testcase>
  <testcase name="before" classname="TestCases.TestCases" time="0">
    <skipped/>
  </testcase>
  <testcase name="before" classname="TestCases.TestCases" time="0">
    <skipped/>
  </testcase>
  <testcase name="before" classname="TestCases.TestCases" time="0">
    <skipped/>
  </testcase>
  <testcase name="before" classname="TestCases.TestCases" time="0">
    <skipped/>
  </testcase>
  <testcase name="before" classname="TestCases.TestCases" time="0">
    <skipped/>
  </testcase>
  <testcase name="before" classname="TestCases.TestCases" time="0">
    <skipped/>
  </testcase>
  <testcase name="before" classname="TestCases.TestCases" time="0">
    <skipped/>
  </testcase>
  <testcase name="before" classname="TestCases.TestCases" time="0">
    <skipped/>
  </testcase>
  <testcase name="before" classname="TestCases.TestCases" time="0">
    <skipped/>
  </testcase>
  <testcase name="before" classname="TestCases.TestCases" time="0">
    <skipped/>
  </testcase>
  <testcase name="before" classname="TestCases.TestCases" time="0">
    <skipped/>
  </testcase>
  <testcase name="before" classname="TestCases.TestCases" time="0">
    <skipped/>
  </testcase>
  <testcase name="before" classname="TestCases.TestCases" time="0">
    <skipped/>
  </testcase>
  <testcase name="before" classname="TestCases.TestCases" time="0">
    <skipped/>
  </testcase>
  <testcase name="before" classname="TestCases.TestCases" time="0">
    <skipped/>
  </testcase>
  <testcase name="before" classname="TestCases.TestCases" time="0">
    <skipped/>
  </testcase>
  <testcase name="before" classname="TestCases.TestCases" time="0">
    <skipped/>
  </testcase>
  <testcase name="before" classname="TestCases.TestCases" time="0">
    <skipped/>
  </testcase>
  <testcase name="before" classname="TestCases.TestCases" time="0">
    <skipped/>
  </testcase>
  <testcase name="before" classname="TestCases.TestCases" time="0">
    <skipped/>
  </testcase>
  <testcase name="before" classname="TestCases.TestCases" time="0">
    <skipped/>
  </testcase>
  <testcase name="before" classname="TestCases.TestCases" time="0">
    <skipped/>
  </testcase>
  <testcase name="before" classname="TestCases.TestCases" time="0">
    <skipped/>
  </testcase>
  <testcase name="before" classname="TestCases.TestCases" time="0">
    <skipped/>
  </testcase>
  <testcase name="before" classname="TestCases.TestCases" time="0">
    <skipped/>
  </testcase>
  <testcase name="before" classname="TestCases.TestCases" time="0">
    <skipped/>
  </testcase>
  <testcase name="before" classname="TestCases.TestCases" time="0">
    <skipped/>
  </testcase>
  <testcase name="before" classname="TestCases.TestCases" time="0">
    <skipped/>
  </testcase>
  <testcase name="before" classname="TestCases.TestCases" time="0">
    <skipped/>
  </testcase>
  <testcase name="before" classname="TestCases.TestCases" time="0">
    <skipped/>
  </testcase>
  <testcase name="before" classname="TestCases.TestCases" time="0">
    <skipped/>
  </testcase>
  <testcase name="before" classname="TestCases.TestCases" time="0">
    <skipped/>
  </testcase>
  <testcase name="before" classname="TestCases.TestCases" time="0">
    <skipped/>
  </testcase>
  <testcase name="before" classname="TestCases.TestCases" time="0">
    <skipped/>
  </testcase>
  <testcase name="before" classname="TestCases.TestCases" time="0">
    <skipped/>
  </testcase>
  <testcase name="before" classname="TestCases.TestCases" time="0">
    <skipped/>
  </testcase>
  <testcase name="before" classname="TestCases.TestCases" time="0">
    <skipped/>
  </testcase>
  <testcase name="before" classname="TestCases.TestCases" time="0">
    <skipped/>
  </testcase>
  <testcase name="before" classname="TestCases.TestCases" time="0">
    <skipped/>
  </testcase>
  <testcase name="before" classname="TestCases.TestCases" time="0">
    <skipped/>
  </testcase>
  <testcase name="before" classname="TestCases.TestCases" time="0">
    <skipped/>
  </testcase>
  <testcase name="before" classname="TestCases.TestCases" time="0">
    <skipped/>
  </testcase>
  <testcase name="before" classname="TestCases.TestCases" time="0">
    <skipped/>
  </testcase>
  <testcase name="before" classname="TestCases.TestCases" time="0">
    <skipped/>
  </testcase>
  <testcase name="before" classname="TestCases.TestCases" time="0">
    <skipped/>
  </testcase>
  <testcase name="before" classname="TestCases.TestCases" time="0">
    <skipped/>
  </testcase>
  <testcase name="before" classname="TestCases.TestCases" time="0">
    <skipped/>
  </testcase>
  <testcase name="before" classname="TestCases.TestCases" time="0">
    <skipped/>
  </testcase>
  <testcase name="before" classname="TestCases.TestCases" time="0">
    <skipped/>
  </testcase>
  <testcase name="before" classname="TestCases.TestCases" time="0">
    <skipped/>
  </testcase>
  <testcase name="before" classname="TestCases.TestCases" time="0">
    <skipped/>
  </testcase>
  <testcase name="before" classname="TestCases.TestCases" time="0">
    <skipped/>
  </testcase>
  <testcase name="before" classname="TestCases.TestCases" time="0">
    <skipped/>
  </testcase>
  <testcase name="before" classname="TestCases.TestCases" time="0">
    <skipped/>
  </testcase>
  <testcase name="before" classname="TestCases.TestCases" time="0">
    <skipped/>
  </testcase>
  <testcase name="before" classname="TestCases.TestCases" time="0">
    <skipped/>
  </testcase>
  <testcase name="before" classname="TestCases.TestCases" time="0">
    <skipped/>
  </testcase>
  <testcase name="before" classname="TestCases.TestCases" time="0">
    <skipped/>
  </testcase>
  <testcase name="before" classname="TestCases.TestCases" time="0">
    <skipped/>
  </testcase>
  <testcase name="before" classname="TestCases.TestCases" time="0">
    <skipped/>
  </testcase>
  <testcase name="before" classname="TestCases.TestCases" time="0">
    <skipped/>
  </testcase>
  <testcase name="before" classname="TestCases.TestCases" time="0">
    <skipped/>
  </testcase>
  <testcase name="before" classname="TestCases.TestCases" time="0">
    <skipped/>
  </testcase>
  <testcase name="before" classname="TestCases.TestCases" time="0">
    <skipped/>
  </testcase>
  <testcase name="before" classname="TestCases.TestCases" time="0">
    <skipped/>
  </testcase>
  <testcase name="before" classname="TestCases.TestCases" time="0">
    <skipped/>
  </testcase>
  <testcase name="before" classname="TestCases.TestCases" time="0">
    <skipped/>
  </testcase>
  <testcase name="before" classname="TestCases.TestCases" time="0">
    <skipped/>
  </testcase>
  <testcase name="before" classname="TestCases.TestCases" time="0">
    <skipped/>
  </testcase>
  <testcase name="before" classname="TestCases.TestCases" time="0">
    <skipped/>
  </testcase>
  <testcase name="before" classname="TestCases.TestCases" time="0">
    <skipped/>
  </testcase>
  <testcase name="before" classname="TestCases.TestCases" time="0">
    <skipped/>
  </testcase>
  <testcase name="before" classname="TestCases.TestCases" time="0">
    <skipped/>
  </testcase>
  <testcase name="before" classname="TestCases.TestCases" time="0">
    <skipped/>
  </testcase>
  <testcase name="before" classname="TestCases.TestCases" time="0">
    <skipped/>
  </testcase>
  <testcase name="before" classname="TestCases.TestCases" time="0">
    <skipped/>
  </testcase>
  <testcase name="before" classname="TestCases.TestCases" time="0">
    <skipped/>
  </testcase>
  <testcase name="before" classname="TestCases.TestCases" time="0">
    <skipped/>
  </testcase>
  <testcase name="before" classname="TestCases.TestCases" time="0">
    <skipped/>
  </testcase>
  <testcase name="before" classname="TestCases.TestCases" time="0">
    <skipped/>
  </testcase>
  <testcase name="before" classname="TestCases.TestCases" time="0">
    <skipped/>
  </testcase>
  <testcase name="before" classname="TestCases.TestCases" time="0">
    <skipped/>
  </testcase>
  <testcase name="before" classname="TestCases.TestCases" time="0">
    <skipped/>
  </testcase>
  <testcase name="before" classname="TestCases.TestCases" time="0">
    <skipped/>
  </testcase>
  <testcase name="before" classname="TestCases.TestCases" time="0">
    <skipped/>
  </testcase>
  <testcase name="before" classname="TestCases.TestCases" time="0">
    <skipped/>
  </testcase>
  <testcase name="before" classname="TestCases.TestCases" time="0">
    <skipped/>
  </testcase>
  <testcase name="before" classname="TestCases.TestCases" time="0">
    <skipped/>
  </testcase>
  <testcase name="before" classname="TestCases.TestCases" time="0">
    <skipped/>
  </testcase>
  <testcase name="before" classname="TestCases.TestCases" time="0">
    <skipped/>
  </testcase>
  <testcase name="before" classname="TestCases.TestCases" time="0">
    <skipped/>
  </testcase>
  <testcase name="before" classname="TestCases.TestCases" time="0">
    <skipped/>
  </testcase>
  <testcase name="before" classname="TestCases.TestCases" time="0">
    <skipped/>
  </testcase>
  <testcase name="before" classname="TestCases.TestCases" time="0">
    <skipped/>
  </testcase>
  <testcase name="before" classname="TestCases.TestCases" time="0">
    <skipped/>
  </testcase>
  <testcase name="before" classname="TestCases.TestCases" time="0">
    <skipped/>
  </testcase>
  <testcase name="before" classname="TestCases.TestCases" time="0">
    <skipped/>
  </testcase>
  <testcase name="before" classname="TestCases.TestCases" time="0">
    <skipped/>
  </testcase>
  <testcase name="before" classname="TestCases.TestCases" time="0">
    <skipped/>
  </testcase>
  <testcase name="before" classname="TestCases.TestCases" time="0">
    <skipped/>
  </testcase>
  <testcase name="before" classname="TestCases.TestCases" time="0">
    <skipped/>
  </testcase>
  <testcase name="before" classname="TestCases.TestCases" time="0">
    <skipped/>
  </testcase>
  <testcase name="before" classname="TestCases.TestCases" time="0">
    <skipped/>
  </testcase>
  <testcase name="before" classname="TestCases.TestCases" time="0">
    <skipped/>
  </testcase>
  <testcase name="before" classname="TestCases.TestCases" time="0">
    <skipped/>
  </testcase>
  <testcase name="before" classname="TestCases.TestCases" time="0">
    <skipped/>
  </testcase>
  <testcase name="before" classname="TestCases.TestCases" time="0">
    <skipped/>
  </testcase>
  <testcase name="before" classname="TestCases.TestCases" time="0">
    <skipped/>
  </testcase>
  <testcase name="before" classname="TestCases.TestCases" time="0">
    <skipped/>
  </testcase>
  <testcase name="before" classname="TestCases.TestCases" time="0">
    <skipped/>
  </testcase>
  <testcase name="before" classname="TestCases.TestCases" time="0">
    <skipped/>
  </testcase>
  <testcase name="before" classname="TestCases.TestCases" time="0">
    <skipped/>
  </testcase>
  <testcase name="before" classname="TestCases.TestCases" time="0">
    <skipped/>
  </testcase>
  <testcase name="before" classname="TestCases.TestCases" time="0">
    <skipped/>
  </testcase>
  <testcase name="before" classname="TestCases.TestCases" time="0">
    <skipped/>
  </testcase>
  <testcase name="before" classname="TestCases.TestCases" time="0">
    <skipped/>
  </testcase>
  <testcase name="before" classname="TestCases.TestCases" time="0">
    <skipped/>
  </testcase>
  <testcase name="before" classname="TestCases.TestCases" time="0">
    <skipped/>
  </testcase>
  <testcase name="before" classname="TestCases.TestCases" time="0">
    <skipped/>
  </testcase>
  <testcase name="before" classname="TestCases.TestCases" time="0">
    <skipped/>
  </testcase>
  <testcase name="before" classname="TestCases.TestCases" time="0">
    <skipped/>
  </testcase>
  <testcase name="before" classname="TestCases.TestCases" time="0">
    <skipped/>
  </testcase>
  <testcase name="before" classname="TestCases.TestCases" time="0">
    <skipped/>
  </testcase>
  <testcase name="before" classname="TestCases.TestCases" time="0">
    <skipped/>
  </testcase>
  <testcase name="before" classname="TestCases.TestCases" time="0">
    <skipped/>
  </testcase>
  <testcase name="before" classname="TestCases.TestCases" time="0">
    <skipped/>
  </testcase>
  <testcase name="before" classname="TestCases.TestCases" time="0">
    <skipped/>
  </testcase>
  <testcase name="before" classname="TestCases.TestCases" time="0">
    <skipped/>
  </testcase>
  <testcase name="before" classname="TestCases.TestCases" time="0">
    <skipped/>
  </testcase>
  <testcase name="before" classname="TestCases.TestCases" time="0">
    <skipped/>
  </testcase>
  <testcase name="before" classname="TestCases.TestCases" time="0">
    <skipped/>
  </testcase>
  <testcase name="before" classname="TestCases.TestCases" time="0">
    <skipped/>
  </testcase>
  <testcase name="before" classname="TestCases.TestCases" time="0">
    <skipped/>
  </testcase>
  <testcase name="before" classname="TestCases.TestCases" time="0">
    <skipped/>
  </testcase>
  <testcase name="before" classname="TestCases.TestCases" time="0">
    <skipped/>
  </testcase>
  <testcase name="before" classname="TestCases.TestCases" time="0">
    <skipped/>
  </testcase>
  <testcase name="before" classname="TestCases.TestCases" time="0">
    <skipped/>
  </testcase>
  <testcase name="before" classname="TestCases.TestCases" time="0">
    <skipped/>
  </testcase>
  <testcase name="before" classname="TestCases.TestCases" time="0">
    <skipped/>
  </testcase>
  <testcase name="before" classname="TestCases.TestCases" time="0">
    <skipped/>
  </testcase>
  <testcase name="before" classname="TestCases.TestCases" time="0">
    <skipped/>
  </testcase>
  <testcase name="before" classname="TestCases.TestCases" time="0">
    <skipped/>
  </testcase>
  <testcase name="before" classname="TestCases.TestCases" time="0">
    <skipped/>
  </testcase>
  <testcase name="before" classname="TestCases.TestCases" time="0">
    <skipped/>
  </testcase>
  <testcase name="before" classname="TestCases.TestCases" time="0">
    <skipped/>
  </testcase>
  <testcase name="before" classname="TestCases.TestCases" time="0">
    <skipped/>
  </testcase>
  <testcase name="before" classname="TestCases.TestCases" time="0">
    <skipped/>
  </testcase>
  <testcase name="before" classname="TestCases.TestCases" time="0">
    <skipped/>
  </testcase>
  <testcase name="before" classname="TestCases.TestCases" time="0">
    <skipped/>
  </testcase>
  <testcase name="before" classname="TestCases.TestCases" time="0">
    <skipped/>
  </testcase>
  <testcase name="before" classname="TestCases.TestCases" time="0">
    <skipped/>
  </testcase>
  <testcase name="before" classname="TestCases.TestCases" time="0">
    <skipped/>
  </testcase>
  <testcase name="before" classname="TestCases.TestCases" time="0">
    <skipped/>
  </testcase>
  <testcase name="before" classname="TestCases.TestCases" time="0">
    <skipped/>
  </testcase>
  <testcase name="before" classname="TestCases.TestCases" time="0">
    <skipped/>
  </testcase>
  <testcase name="before" classname="TestCases.TestCases" time="0">
    <skipped/>
  </testcase>
  <testcase name="before" classname="TestCases.TestCases" time="0">
    <skipped/>
  </testcase>
  <testcase name="before" classname="TestCases.TestCases" time="0">
    <skipped/>
  </testcase>
  <testcase name="before" classname="TestCases.TestCases" time="0">
    <skipped/>
  </testcase>
  <testcase name="before" classname="TestCases.TestCases" time="0">
    <skipped/>
  </testcase>
  <testcase name="before" classname="TestCases.TestCases" time="0">
    <skipped/>
  </testcase>
  <testcase name="before" classname="TestCases.TestCases" time="0">
    <skipped/>
  </testcase>
  <testcase name="before" classname="TestCases.TestCases" time="0">
    <skipped/>
  </testcase>
  <testcase name="before" classname="TestCases.TestCases" time="0">
    <skipped/>
  </testcase>
  <testcase name="before" classname="TestCases.TestCases" time="0">
    <skipped/>
  </testcase>
  <testcase name="before" classname="TestCases.TestCases" time="0">
    <skipped/>
  </testcase>
  <testcase name="before" classname="TestCases.TestCases" time="0">
    <skipped/>
  </testcase>
  <testcase name="before" classname="TestCases.TestCases" time="0">
    <skipped/>
  </testcase>
  <testcase name="before" classname="TestCases.TestCases" time="0">
    <skipped/>
  </testcase>
  <testcase name="before" classname="TestCases.TestCases" time="0">
    <skipped/>
  </testcase>
  <testcase name="before" classname="TestCases.TestCases" time="0">
    <skipped/>
  </testcase>
  <testcase name="before" classname="TestCases.TestCases" time="0">
    <skipped/>
  </testcase>
  <testcase name="before" classname="TestCases.TestCases" time="0">
    <skipped/>
  </testcase>
  <testcase name="before" classname="TestCases.TestCases" time="0">
    <skipped/>
  </testcase>
  <testcase name="before" classname="TestCases.TestCases" time="0">
    <skipped/>
  </testcase>
  <testcase name="before" classname="TestCases.TestCases" time="0">
    <skipped/>
  </testcase>
  <testcase name="before" classname="TestCases.TestCases" time="0">
    <skipped/>
  </testcase>
  <testcase name="before" classname="TestCases.TestCases" time="0">
    <skipped/>
  </testcase>
  <testcase name="before" classname="TestCases.TestCases" time="0">
    <skipped/>
  </testcase>
  <testcase name="before" classname="TestCases.TestCases" time="0">
    <skipped/>
  </testcase>
  <testcase name="before" classname="TestCases.TestCases" time="0">
    <skipped/>
  </testcase>
  <testcase name="before" classname="TestCases.TestCases" time="0">
    <skipped/>
  </testcase>
  <testcase name="before" classname="TestCases.TestCases" time="0">
    <skipped/>
  </testcase>
  <testcase name="before" classname="TestCases.TestCases" time="0">
    <skipped/>
  </testcase>
  <testcase name="before" classname="TestCases.TestCases" time="0">
    <skipped/>
  </testcase>
  <testcase name="before" classname="TestCases.TestCases" time="0">
    <skipped/>
  </testcase>
  <testcase name="before" classname="TestCases.TestCases" time="0">
    <skipped/>
  </testcase>
  <testcase name="before" classname="TestCases.TestCases" time="0">
    <skipped/>
  </testcase>
  <testcase name="before" classname="TestCases.TestCases" time="0">
    <skipped/>
  </testcase>
  <testcase name="before" classname="TestCases.TestCases" time="0">
    <skipped/>
  </testcase>
  <testcase name="before" classname="TestCases.TestCases" time="0">
    <skipped/>
  </testcase>
  <testcase name="before" classname="TestCases.TestCases" time="0">
    <skipped/>
  </testcase>
  <testcase name="before" classname="TestCases.TestCases" time="0">
    <skipped/>
  </testcase>
  <testcase name="before" classname="TestCases.TestCases" time="0">
    <skipped/>
  </testcase>
  <testcase name="before" classname="TestCases.TestCases" time="0">
    <skipped/>
  </testcase>
  <testcase name="before" classname="TestCases.TestCases" time="0">
    <skipped/>
  </testcase>
  <testcase name="before" classname="TestCases.TestCases" time="0">
    <skipped/>
  </testcase>
  <testcase name="before" classname="TestCases.TestCases" time="0">
    <skipped/>
  </testcase>
  <testcase name="before" classname="TestCases.TestCases" time="0">
    <skipped/>
  </testcase>
  <testcase name="before" classname="TestCases.TestCases" time="0">
    <skipped/>
  </testcase>
  <testcase name="before" classname="TestCases.TestCases" time="0">
    <skipped/>
  </testcase>
  <testcase name="before" classname="TestCases.TestCases" time="0">
    <skipped/>
  </testcase>
  <testcase name="before" classname="TestCases.TestCases" time="0">
    <skipped/>
  </testcase>
  <testcase name="before" classname="TestCases.TestCases" time="0">
    <skipped/>
  </testcase>
  <testcase name="before" classname="TestCases.TestCases" time="0">
    <skipped/>
  </testcase>
  <testcase name="before" classname="TestCases.TestCases" time="0">
    <skipped/>
  </testcase>
  <testcase name="before" classname="TestCases.TestCases" time="0">
    <skipped/>
  </testcase>
  <testcase name="before" classname="TestCases.TestCases" time="0">
    <skipped/>
  </testcase>
  <testcase name="before" classname="TestCases.TestCases" time="0">
    <skipped/>
  </testcase>
  <testcase name="before" classname="TestCases.TestCases" time="0">
    <skipped/>
  </testcase>
  <testcase name="before" classname="TestCases.TestCases" time="0">
    <skipped/>
  </testcase>
  <testcase name="before" classname="TestCases.TestCases" time="0">
    <skipped/>
  </testcase>
  <testcase name="before" classname="TestCases.TestCases" time="0">
    <skipped/>
  </testcase>
  <testcase name="before" classname="TestCases.TestCases" time="0">
    <skipped/>
  </testcase>
  <testcase name="before" classname="TestCases.TestCases" time="0">
    <skipped/>
  </testcase>
  <testcase name="before" classname="TestCases.TestCases" time="0">
    <skipped/>
  </testcase>
  <testcase name="before" classname="TestCases.TestCases" time="0">
    <skipped/>
  </testcase>
  <testcase name="before" classname="TestCases.TestCases" time="0">
    <skipped/>
  </testcase>
  <testcase name="before" classname="TestCases.TestCases" time="0">
    <skipped/>
  </testcase>
  <testcase name="before" classname="TestCases.TestCases" time="0">
    <skipped/>
  </testcase>
  <testcase name="before" classname="TestCases.TestCases" time="0">
    <skipped/>
  </testcase>
  <testcase name="before" classname="TestCases.TestCases" time="0">
    <skipped/>
  </testcase>
  <testcase name="before" classname="TestCases.TestCases" time="0">
    <skipped/>
  </testcase>
  <testcase name="before" classname="TestCases.TestCases" time="0">
    <skipped/>
  </testcase>
  <testcase name="before" classname="TestCases.TestCases" time="0">
    <skipped/>
  </testcase>
  <testcase name="before" classname="TestCases.TestCases" time="0">
    <skipped/>
  </testcase>
  <testcase name="before" classname="TestCases.TestCases" time="0">
    <skipped/>
  </testcase>
  <testcase name="before" classname="TestCases.TestCases" time="0">
    <skipped/>
  </testcase>
  <testcase name="before" classname="TestCases.TestCases" time="0">
    <skipped/>
  </testcase>
  <testcase name="before" classname="TestCases.TestCases" time="0">
    <skipped/>
  </testcase>
  <testcase name="before" classname="TestCases.TestCases" time="0">
    <skipped/>
  </testcase>
  <testcase name="before" classname="TestCases.TestCases" time="0">
    <skipped/>
  </testcase>
  <testcase name="before" classname="TestCases.TestCases" time="0">
    <skipped/>
  </testcase>
  <testcase name="before" classname="TestCases.TestCases" time="0">
    <skipped/>
  </testcase>
  <testcase name="before" classname="TestCases.TestCases" time="0">
    <skipped/>
  </testcase>
  <testcase name="before" classname="TestCases.TestCases" time="0">
    <skipped/>
  </testcase>
  <testcase name="before" classname="TestCases.TestCases" time="0">
    <skipped/>
  </testcase>
  <testcase name="before" classname="TestCases.TestCases" time="0">
    <skipped/>
  </testcase>
  <testcase name="before" classname="TestCases.TestCases" time="0">
    <skipped/>
  </testcase>
  <testcase name="before" classname="TestCases.TestCases" time="0">
    <skipped/>
  </testcase>
  <testcase name="before" classname="TestCases.TestCases" time="0">
    <skipped/>
  </testcase>
  <testcase name="before" classname="TestCases.TestCases" time="0">
    <skipped/>
  </testcase>
  <testcase name="before" classname="TestCases.TestCases" time="0">
    <skipped/>
  </testcase>
  <testcase name="before" classname="TestCases.TestCases" time="0">
    <skipped/>
  </testcase>
  <testcase name="before" classname="TestCases.TestCases" time="0">
    <skipped/>
  </testcase>
  <testcase name="before" classname="TestCases.TestCases" time="0">
    <skipped/>
  </testcase>
  <testcase name="before" classname="TestCases.TestCases" time="0">
    <skipped/>
  </testcase>
  <testcase name="before" classname="TestCases.TestCases" time="0">
    <skipped/>
  </testcase>
  <testcase name="before" classname="TestCases.TestCases" time="0">
    <skipped/>
  </testcase>
  <testcase name="before" classname="TestCases.TestCases" time="0">
    <skipped/>
  </testcase>
  <testcase name="before" classname="TestCases.TestCases" time="0">
    <skipped/>
  </testcase>
  <testcase name="before" classname="TestCases.TestCases" time="0">
    <skipped/>
  </testcase>
  <testcase name="before" classname="TestCases.TestCases" time="0">
    <skipped/>
  </testcase>
  <testcase name="before" classname="TestCases.TestCases" time="0">
    <skipped/>
  </testcase>
  <testcase name="before" classname="TestCases.TestCases" time="0">
    <skipped/>
  </testcase>
  <testcase name="before" classname="TestCases.TestCases" time="0">
    <skipped/>
  </testcase>
  <testcase name="before" classname="TestCases.TestCases" time="0">
    <skipped/>
  </testcase>
  <testcase name="before" classname="TestCases.TestCases" time="0">
    <skipped/>
  </testcase>
  <testcase name="before" classname="TestCases.TestCases" time="0">
    <skipped/>
  </testcase>
  <testcase name="before" classname="TestCases.TestCases" time="0">
    <skipped/>
  </testcase>
  <testcase name="before" classname="TestCases.TestCases" time="0">
    <skipped/>
  </testcase>
  <testcase name="before" classname="TestCases.TestCases" time="0">
    <skipped/>
  </testcase>
  <testcase name="before" classname="TestCases.TestCases" time="0">
    <skipped/>
  </testcase>
  <testcase name="before" classname="TestCases.TestCases" time="0">
    <skipped/>
  </testcase>
  <testcase name="before" classname="TestCases.TestCases" time="0">
    <skipped/>
  </testcase>
  <testcase name="before" classname="TestCases.TestCases" time="0">
    <skipped/>
  </testcase>
  <testcase name="before" classname="TestCases.TestCases" time="0">
    <skipped/>
  </testcase>
  <testcase name="before" classname="TestCases.TestCases" time="0">
    <skipped/>
  </testcase>
  <testcase name="before" classname="TestCases.TestCases" time="0">
    <skipped/>
  </testcase>
  <testcase name="before" classname="TestCases.TestCases" time="0">
    <skipped/>
  </testcase>
  <testcase name="before" classname="TestCases.TestCases" time="0">
    <skipped/>
  </testcase>
  <testcase name="before" classname="TestCases.TestCases" time="0">
    <skipped/>
  </testcase>
  <testcase name="before" classname="TestCases.TestCases" time="0">
    <skipped/>
  </testcase>
  <testcase name="before" classname="TestCases.TestCases" time="0">
    <skipped/>
  </testcase>
  <testcase name="before" classname="TestCases.TestCases" time="0">
    <skipped/>
  </testcase>
  <testcase name="before" classname="TestCases.TestCases" time="0">
    <skipped/>
  </testcase>
  <testcase name="before" classname="TestCases.TestCases" time="0">
    <skipped/>
  </testcase>
  <testcase name="before" classname="TestCases.TestCases" time="0">
    <skipped/>
  </testcase>
  <testcase name="before" classname="TestCases.TestCases" time="0">
    <skipped/>
  </testcase>
  <testcase name="before" classname="TestCases.TestCases" time="0">
    <skipped/>
  </testcase>
  <testcase name="before" classname="TestCases.TestCases" time="0">
    <skipped/>
  </testcase>
  <testcase name="before" classname="TestCases.TestCases" time="0">
    <skipped/>
  </testcase>
  <testcase name="before" classname="TestCases.TestCases" time="0">
    <skipped/>
  </testcase>
  <testcase name="before" classname="TestCases.TestCases" time="0">
    <skipped/>
  </testcase>
  <testcase name="before" classname="TestCases.TestCases" time="0">
    <skipped/>
  </testcase>
  <testcase name="before" classname="TestCases.TestCases" time="0">
    <skipped/>
  </testcase>
  <testcase name="before" classname="TestCases.TestCases" time="0">
    <skipped/>
  </testcase>
  <testcase name="before" classname="TestCases.TestCases" time="0">
    <skipped/>
  </testcase>
  <testcase name="before" classname="TestCases.TestCases" time="0">
    <skipped/>
  </testcase>
  <testcase name="before" classname="TestCases.TestCases" time="0">
    <skipped/>
  </testcase>
  <testcase name="before" classname="TestCases.TestCases" time="0">
    <skipped/>
  </testcase>
  <testcase name="before" classname="TestCases.TestCases" time="0">
    <skipped/>
  </testcase>
  <testcase name="before" classname="TestCases.TestCases" time="0">
    <skipped/>
  </testcase>
  <testcase name="before" classname="TestCases.TestCases" time="0">
    <skipped/>
  </testcase>
  <testcase name="before" classname="TestCases.TestCases" time="0">
    <skipped/>
  </testcase>
  <testcase name="before" classname="TestCases.TestCases" time="0">
    <skipped/>
  </testcase>
  <testcase name="before" classname="TestCases.TestCases" time="0">
    <skipped/>
  </testcase>
  <testcase name="before" classname="TestCases.TestCases" time="0">
    <skipped/>
  </testcase>
  <testcase name="before" classname="TestCases.TestCases" time="0">
    <skipped/>
  </testcase>
  <testcase name="before" classname="TestCases.TestCases" time="0">
    <skipped/>
  </testcase>
  <testcase name="before" classname="TestCases.TestCases" time="0">
    <skipped/>
  </testcase>
  <testcase name="before" classname="TestCases.TestCases" time="0">
    <skipped/>
  </testcase>
  <testcase name="before" classname="TestCases.TestCases" time="0">
    <skipped/>
  </testcase>
  <testcase name="before" classname="TestCases.TestCases" time="0">
    <skipped/>
  </testcase>
  <testcase name="before" classname="TestCases.TestCases" time="0">
    <skipped/>
  </testcase>
  <testcase name="before" classname="TestCases.TestCases" time="0">
    <skipped/>
  </testcase>
  <testcase name="before" classname="TestCases.TestCases" time="0">
    <skipped/>
  </testcase>
  <testcase name="before" classname="TestCases.TestCases" time="0">
    <skipped/>
  </testcase>
  <testcase name="before" classname="TestCases.TestCases" time="0">
    <skipped/>
  </testcase>
  <testcase name="before" classname="TestCases.TestCases" time="0">
    <skipped/>
  </testcase>
  <testcase name="before" classname="TestCases.TestCases" time="0">
    <skipped/>
  </testcase>
  <testcase name="before" classname="TestCases.TestCases" time="0">
    <skipped/>
  </testcase>
  <testcase name="before" classname="TestCases.TestCases" time="0">
    <skipped/>
  </testcase>
  <testcase name="before" classname="TestCases.TestCases" time="0">
    <skipped/>
  </testcase>
  <testcase name="before" classname="TestCases.TestCases" time="0">
    <skipped/>
  </testcase>
  <testcase name="before" classname="TestCases.TestCases" time="0">
    <skipped/>
  </testcase>
  <testcase name="before" classname="TestCases.TestCases" time="0">
    <skipped/>
  </testcase>
  <testcase name="before" classname="TestCases.TestCases" time="0">
    <skipped/>
  </testcase>
  <testcase name="before" classname="TestCases.TestCases" time="0">
    <skipped/>
  </testcase>
  <testcase name="before" classname="TestCases.TestCases" time="0">
    <skipped/>
  </testcase>
  <testcase name="before" classname="TestCases.TestCases" time="0">
    <skipped/>
  </testcase>
  <testcase name="before" classname="TestCases.TestCases" time="0">
    <skipped/>
  </testcase>
  <testcase name="before" classname="TestCases.TestCases" time="0">
    <skipped/>
  </testcase>
  <testcase name="before" classname="TestCases.TestCases" time="0">
    <skipped/>
  </testcase>
  <testcase name="before" classname="TestCases.TestCases" time="0">
    <skipped/>
  </testcase>
  <testcase name="before" classname="TestCases.TestCases" time="0">
    <skipped/>
  </testcase>
  <testcase name="before" classname="TestCases.TestCases" time="0">
    <skipped/>
  </testcase>
  <testcase name="before" classname="TestCases.TestCases" time="0">
    <skipped/>
  </testcase>
  <testcase name="before" classname="TestCases.TestCases" time="0">
    <skipped/>
  </testcase>
  <testcase name="before" classname="TestCases.TestCases" time="0">
    <skipped/>
  </testcase>
  <testcase name="before" classname="TestCases.TestCases" time="0">
    <skipped/>
  </testcase>
  <testcase name="before" classname="TestCases.TestCases" time="0">
    <skipped/>
  </testcase>
  <testcase name="before" classname="TestCases.TestCases" time="0">
    <skipped/>
  </testcase>
  <testcase name="before" classname="TestCases.TestCases" time="0">
    <skipped/>
  </testcase>
  <testcase name="before" classname="TestCases.TestCases" time="0">
    <skipped/>
  </testcase>
  <testcase name="before" classname="TestCases.TestCases" time="0">
    <skipped/>
  </testcase>
  <testcase name="before" classname="TestCases.TestCases" time="0">
    <skipped/>
  </testcase>
  <testcase name="before" classname="TestCases.TestCases" time="0">
    <skipped/>
  </testcase>
  <testcase name="before" classname="TestCases.TestCases" time="0">
    <skipped/>
  </testcase>
  <testcase name="before" classname="TestCases.TestCases" time="0">
    <skipped/>
  </testcase>
  <testcase name="before" classname="TestCases.TestCases" time="0">
    <skipped/>
  </testcase>
  <testcase name="before" classname="TestCases.TestCases" time="0">
    <skipped/>
  </testcase>
  <testcase name="before" classname="TestCases.TestCases" time="0">
    <skipped/>
  </testcase>
  <testcase name="before" classname="TestCases.TestCases" time="0">
    <skipped/>
  </testcase>
  <testcase name="before" classname="TestCases.TestCases" time="0">
    <skipped/>
  </testcase>
  <testcase name="before" classname="TestCases.TestCases" time="0">
    <skipped/>
  </testcase>
  <testcase name="before" classname="TestCases.TestCases" time="0">
    <skipped/>
  </testcase>
  <testcase name="before" classname="TestCases.TestCases" time="0">
    <skipped/>
  </testcase>
  <testcase name="before" classname="TestCases.TestCases" time="0">
    <skipped/>
  </testcase>
  <testcase name="before" classname="TestCases.TestCases" time="0">
    <skipped/>
  </testcase>
  <testcase name="before" classname="TestCases.TestCases" time="0">
    <skipped/>
  </testcase>
  <testcase name="before" classname="TestCases.TestCases" time="0">
    <skipped/>
  </testcase>
  <testcase name="before" classname="TestCases.TestCases" time="0">
    <skipped/>
  </testcase>
  <testcase name="before" classname="TestCases.TestCases" time="0">
    <skipped/>
  </testcase>
  <testcase name="before" classname="TestCases.TestCases" time="0">
    <skipped/>
  </testcase>
  <testcase name="before" classname="TestCases.TestCases" time="0">
    <skipped/>
  </testcase>
  <testcase name="before" classname="TestCases.TestCases" time="0">
    <skipped/>
  </testcase>
  <testcase name="before" classname="TestCases.TestCases" time="0">
    <skipped/>
  </testcase>
  <testcase name="before" classname="TestCases.TestCases" time="0">
    <skipped/>
  </testcase>
  <testcase name="before" classname="TestCases.TestCases" time="0">
    <skipped/>
  </testcase>
  <testcase name="before" classname="TestCases.TestCases" time="0">
    <skipped/>
  </testcase>
  <testcase name="before" classname="TestCases.TestCases" time="0">
    <skipped/>
  </testcase>
  <testcase name="before" classname="TestCases.TestCases" time="0">
    <skipped/>
  </testcase>
  <testcase name="before" classname="TestCases.TestCases" time="0">
    <skipped/>
  </testcase>
  <testcase name="before" classname="TestCases.TestCases" time="0">
    <skipped/>
  </testcase>
  <testcase name="before" classname="TestCases.TestCases" time="0">
    <skipped/>
  </testcase>
  <testcase name="before" classname="TestCases.TestCases" time="0">
    <skipped/>
  </testcase>
  <testcase name="before" classname="TestCases.TestCases" time="0">
    <skipped/>
  </testcase>
  <testcase name="before" classname="TestCases.TestCases" time="0">
    <skipped/>
  </testcase>
  <testcase name="before" classname="TestCases.TestCases" time="0">
    <skipped/>
  </testcase>
  <testcase name="before" classname="TestCases.TestCases" time="0">
    <skipped/>
  </testcase>
  <testcase name="before" classname="TestCases.TestCases" time="0">
    <skipped/>
  </testcase>
  <testcase name="before" classname="TestCases.TestCases" time="0">
    <skipped/>
  </testcase>
  <testcase name="before" classname="TestCases.TestCases" time="0">
    <skipped/>
  </testcase>
  <testcase name="before" classname="TestCases.TestCases" time="0">
    <skipped/>
  </testcase>
  <testcase name="before" classname="TestCases.TestCases" time="0">
    <skipped/>
  </testcase>
  <testcase name="before" classname="TestCases.TestCases" time="0">
    <skipped/>
  </testcase>
  <testcase name="before" classname="TestCases.TestCases" time="0">
    <skipped/>
  </testcase>
  <testcase name="before" classname="TestCases.TestCases" time="0">
    <skipped/>
  </testcase>
  <testcase name="before" classname="TestCases.TestCases" time="0">
    <skipped/>
  </testcase>
  <testcase name="before" classname="TestCases.TestCases" time="0">
    <skipped/>
  </testcase>
  <testcase name="before" classname="TestCases.TestCases" time="0">
    <skipped/>
  </testcase>
  <testcase name="before" classname="TestCases.TestCases" time="0">
    <skipped/>
  </testcase>
  <testcase name="before" classname="TestCases.TestCases" time="0">
    <skipped/>
  </testcase>
  <testcase name="before" classname="TestCases.TestCases" time="0">
    <skipped/>
  </testcase>
  <testcase name="before" classname="TestCases.TestCases" time="0">
    <skipped/>
  </testcase>
  <testcase name="before" classname="TestCases.TestCases" time="0">
    <skipped/>
  </testcase>
  <testcase name="before" classname="TestCases.TestCases" time="0">
    <skipped/>
  </testcase>
  <testcase name="before" classname="TestCases.TestCases" time="0">
    <skipped/>
  </testcase>
  <testcase name="before" classname="TestCases.TestCases" time="0">
    <skipped/>
  </testcase>
  <testcase name="before" classname="TestCases.TestCases" time="0">
    <skipped/>
  </testcase>
  <testcase name="before" classname="TestCases.TestCases" time="0">
    <skipped/>
  </testcase>
  <testcase name="before" classname="TestCases.TestCases" time="0">
    <skipped/>
  </testcase>
  <testcase name="before" classname="TestCases.TestCases" time="0">
    <skipped/>
  </testcase>
  <testcase name="before" classname="TestCases.TestCases" time="0">
    <skipped/>
  </testcase>
  <testcase name="before" classname="TestCases.TestCases" time="0">
    <skipped/>
  </testcase>
  <testcase name="before" classname="TestCases.TestCases" time="0">
    <skipped/>
  </testcase>
  <testcase name="before" classname="TestCases.TestCases" time="0">
    <skipped/>
  </testcase>
  <testcase name="before" classname="TestCases.TestCases" time="0">
    <skipped/>
  </testcase>
  <testcase name="before" classname="TestCases.TestCases" time="0">
    <skipped/>
  </testcase>
  <testcase name="before" classname="TestCases.TestCases" time="0">
    <skipped/>
  </testcase>
  <testcase name="before" classname="TestCases.TestCases" time="0">
    <skipped/>
  </testcase>
  <testcase name="before" classname="TestCases.TestCases" time="0">
    <skipped/>
  </testcase>
  <testcase name="before" classname="TestCases.TestCases" time="0">
    <skipped/>
  </testcase>
  <testcase name="before" classname="TestCases.TestCases" time="0">
    <skipped/>
  </testcase>
  <testcase name="before" classname="TestCases.TestCases" time="0">
    <skipped/>
  </testcase>
  <testcase name="before" classname="TestCases.TestCases" time="0">
    <skipped/>
  </testcase>
  <testcase name="before" classname="TestCases.TestCases" time="0">
    <skipped/>
  </testcase>
  <testcase name="before" classname="TestCases.TestCases" time="0">
    <skipped/>
  </testcase>
  <testcase name="before" classname="TestCases.TestCases" time="0">
    <skipped/>
  </testcase>
  <testcase name="before" classname="TestCases.TestCases" time="0">
    <skipped/>
  </testcase>
  <testcase name="before" classname="TestCases.TestCases" time="0">
    <skipped/>
  </testcase>
  <testcase name="before" classname="TestCases.TestCases" time="0">
    <skipped/>
  </testcase>
  <testcase name="before" classname="TestCases.TestCases" time="0">
    <skipped/>
  </testcase>
  <testcase name="before" classname="TestCases.TestCases" time="0">
    <skipped/>
  </testcase>
  <testcase name="before" classname="TestCases.TestCases" time="0">
    <skipped/>
  </testcase>
  <testcase name="before" classname="TestCases.TestCases" time="0">
    <skipped/>
  </testcase>
  <testcase name="before" classname="TestCases.TestCases" time="0">
    <skipped/>
  </testcase>
  <testcase name="before" classname="TestCases.TestCases" time="0">
    <skipped/>
  </testcase>
  <testcase name="before" classname="TestCases.TestCases" time="0">
    <skipped/>
  </testcase>
  <testcase name="before" classname="TestCases.TestCases" time="0">
    <skipped/>
  </testcase>
  <testcase name="before" classname="TestCases.TestCases" time="0">
    <skipped/>
  </testcase>
  <testcase name="before" classname="TestCases.TestCases" time="0">
    <skipped/>
  </testcase>
  <testcase name="before" classname="TestCases.TestCases" time="0">
    <skipped/>
  </testcase>
  <testcase name="before" classname="TestCases.TestCases" time="0">
    <skipped/>
  </testcase>
  <testcase name="before" classname="TestCases.TestCases" time="0">
    <skipped/>
  </testcase>
  <testcase name="before" classname="TestCases.TestCases" time="0">
    <skipped/>
  </testcase>
  <testcase name="before" classname="TestCases.TestCases" time="0">
    <skipped/>
  </testcase>
  <testcase name="before" classname="TestCases.TestCases" time="0">
    <skipped/>
  </testcase>
  <testcase name="before" classname="TestCases.TestCases" time="0">
    <skipped/>
  </testcase>
  <testcase name="before" classname="TestCases.TestCases" time="0">
    <skipped/>
  </testcase>
  <testcase name="before" classname="TestCases.TestCases" time="0">
    <skipped/>
  </testcase>
  <testcase name="before" classname="TestCases.TestCases" time="0">
    <skipped/>
  </testcase>
  <testcase name="before" classname="TestCases.TestCases" time="0">
    <skipped/>
  </testcase>
  <testcase name="before" classname="TestCases.TestCases" time="0">
    <skipped/>
  </testcase>
  <testcase name="before" classname="TestCases.TestCases" time="0">
    <skipped/>
  </testcase>
  <testcase name="before" classname="TestCases.TestCases" time="0">
    <skipped/>
  </testcase>
  <testcase name="before" classname="TestCases.TestCases" time="0">
    <skipped/>
  </testcase>
  <testcase name="before" classname="TestCases.TestCases" time="0">
    <skipped/>
  </testcase>
  <testcase name="before" classname="TestCases.TestCases" time="0">
    <skipped/>
  </testcase>
  <testcase name="before" classname="TestCases.TestCases" time="0">
    <skipped/>
  </testcase>
  <testcase name="before" classname="TestCases.TestCases" time="0">
    <skipped/>
  </testcase>
  <testcase name="before" classname="TestCases.TestCases" time="0">
    <skipped/>
  </testcase>
  <testcase name="before" classname="TestCases.TestCases" time="0">
    <skipped/>
  </testcase>
  <testcase name="before" classname="TestCases.TestCases" time="0">
    <skipped/>
  </testcase>
  <testcase name="before" classname="TestCases.TestCases" time="0">
    <skipped/>
  </testcase>
  <testcase name="before" classname="TestCases.TestCases" time="0">
    <skipped/>
  </testcase>
  <testcase name="before" classname="TestCases.TestCases" time="0">
    <skipped/>
  </testcase>
  <testcase name="before" classname="TestCases.TestCases" time="0">
    <skipped/>
  </testcase>
  <testcase name="before" classname="TestCases.TestCases" time="0">
    <skipped/>
  </testcase>
  <testcase name="before" classname="TestCases.TestCases" time="0">
    <skipped/>
  </testcase>
  <testcase name="before" classname="TestCases.TestCases" time="0">
    <skipped/>
  </testcase>
  <testcase name="before" classname="TestCases.TestCases" time="0">
    <skipped/>
  </testcase>
  <testcase name="before" classname="TestCases.TestCases" time="0">
    <skipped/>
  </testcase>
  <testcase name="before" classname="TestCases.TestCases" time="0">
    <skipped/>
  </testcase>
  <testcase name="before" classname="TestCases.TestCases" time="0">
    <skipped/>
  </testcase>
  <testcase name="before" classname="TestCases.TestCases" time="0">
    <skipped/>
  </testcase>
  <testcase name="before" classname="TestCases.TestCases" time="0">
    <skipped/>
  </testcase>
  <testcase name="before" classname="TestCases.TestCases" time="0">
    <skipped/>
  </testcase>
  <testcase name="before" classname="TestCases.TestCases" time="0">
    <skipped/>
  </testcase>
  <testcase name="before" classname="TestCases.TestCases" time="0">
    <skipped/>
  </testcase>
  <testcase name="before" classname="TestCases.TestCases" time="0">
    <skipped/>
  </testcase>
  <testcase name="before" classname="TestCases.TestCases" time="0">
    <skipped/>
  </testcase>
  <testcase name="before" classname="TestCases.TestCases" time="0">
    <skipped/>
  </testcase>
  <testcase name="before" classname="TestCases.TestCases" time="0">
    <skipped/>
  </testcase>
  <testcase name="before" classname="TestCases.TestCases" time="0">
    <skipped/>
  </testcase>
  <testcase name="before" classname="TestCases.TestCases" time="0">
    <skipped/>
  </testcase>
  <testcase name="before" classname="TestCases.TestCases" time="0">
    <skipped/>
  </testcase>
  <testcase name="before" classname="TestCases.TestCases" time="0">
    <skipped/>
  </testcase>
  <testcase name="before" classname="TestCases.TestCases" time="0">
    <skipped/>
  </testcase>
  <testcase name="before" classname="TestCases.TestCases" time="0">
    <skipped/>
  </testcase>
  <testcase name="before" classname="TestCases.TestCases" time="0">
    <skipped/>
  </testcase>
  <testcase name="before" classname="TestCases.TestCases" time="0">
    <skipped/>
  </testcase>
  <testcase name="before" classname="TestCases.TestCases" time="0">
    <skipped/>
  </testcase>
  <testcase name="before" classname="TestCases.TestCases" time="0">
    <skipped/>
  </testcase>
  <testcase name="before" classname="TestCases.TestCases" time="0">
    <skipped/>
  </testcase>
  <testcase name="before" classname="TestCases.TestCases" time="0">
    <skipped/>
  </testcase>
  <testcase name="before" classname="TestCases.TestCases" time="0">
    <skipped/>
  </testcase>
  <testcase name="before" classname="TestCases.TestCases" time="0">
    <skipped/>
  </testcase>
  <testcase name="before" classname="TestCases.TestCases" time="0">
    <skipped/>
  </testcase>
  <testcase name="before" classname="TestCases.TestCases" time="0">
    <skipped/>
  </testcase>
  <testcase name="before" classname="TestCases.TestCases" time="0">
    <skipped/>
  </testcase>
  <testcase name="before" classname="TestCases.TestCases" time="0">
    <skipped/>
  </testcase>
  <testcase name="before" classname="TestCases.TestCases" time="0">
    <skipped/>
  </testcase>
  <testcase name="before" classname="TestCases.TestCases" time="0">
    <skipped/>
  </testcase>
  <testcase name="before" classname="TestCases.TestCases" time="0">
    <skipped/>
  </testcase>
  <testcase name="before" classname="TestCases.TestCases" time="0">
    <skipped/>
  </testcase>
  <testcase name="before" classname="TestCases.TestCases" time="0">
    <skipped/>
  </testcase>
  <testcase name="before" classname="TestCases.TestCases" time="0">
    <skipped/>
  </testcase>
  <testcase name="before" classname="TestCases.TestCases" time="0">
    <skipped/>
  </testcase>
  <testcase name="before" classname="TestCases.TestCases" time="0">
    <skipped/>
  </testcase>
  <testcase name="before" classname="TestCases.TestCases" time="0">
    <skipped/>
  </testcase>
  <testcase name="before" classname="TestCases.TestCases" time="0">
    <skipped/>
  </testcase>
  <testcase name="before" classname="TestCases.TestCases" time="0">
    <skipped/>
  </testcase>
  <testcase name="before" classname="TestCases.TestCases" time="0">
    <skipped/>
  </testcase>
  <testcase name="before" classname="TestCases.TestCases" time="0">
    <skipped/>
  </testcase>
  <testcase name="before" classname="TestCases.TestCases" time="0">
    <skipped/>
  </testcase>
  <testcase name="before" classname="TestCases.TestCases" time="0">
    <skipped/>
  </testcase>
  <testcase name="before" classname="TestCases.TestCases" time="0">
    <skipped/>
  </testcase>
  <testcase name="before" classname="TestCases.TestCases" time="0">
    <skipped/>
  </testcase>
  <testcase name="before" classname="TestCases.TestCases" time="0">
    <skipped/>
  </testcase>
  <testcase name="before" classname="TestCases.TestCases" time="0">
    <skipped/>
  </testcase>
  <testcase name="before" classname="TestCases.TestCases" time="0">
    <skipped/>
  </testcase>
  <testcase name="before" classname="TestCases.TestCases" time="0">
    <skipped/>
  </testcase>
  <testcase name="before" classname="TestCases.TestCases" time="0">
    <skipped/>
  </testcase>
  <testcase name="before" classname="TestCases.TestCases" time="0">
    <skipped/>
  </testcase>
  <testcase name="before" classname="TestCases.TestCases" time="0">
    <skipped/>
  </testcase>
  <testcase name="before" classname="TestCases.TestCases" time="0">
    <skipped/>
  </testcase>
  <testcase name="before" classname="TestCases.TestCases" time="0">
    <skipped/>
  </testcase>
  <testcase name="before" classname="TestCases.TestCases" time="0">
    <skipped/>
  </testcase>
  <testcase name="before" classname="TestCases.TestCases" time="0">
    <skipped/>
  </testcase>
  <testcase name="before" classname="TestCases.TestCases" time="0">
    <skipped/>
  </testcase>
  <testcase name="before" classname="TestCases.TestCases" time="0">
    <skipped/>
  </testcase>
  <testcase name="TC_Login" classname="TestCases.TestCases" time="0">
    <skipped/>
  </testcase>
  <testcase name="TDR_EFS_01" classname="TestCases.TestCases" time="0">
    <skipped/>
  </testcase>
  <testcase name="TDR_EFS_02" classname="TestCases.TestCases" time="0">
    <skipped/>
  </testcase>
  <testcase name="TDR_EFS_03" classname="TestCases.TestCases" time="0">
    <skipped/>
  </testcase>
  <testcase name="TDR_EFS_04" classname="TestCases.TestCases" time="0">
    <skipped/>
  </testcase>
  <testcase name="TDR_EFS_05" classname="TestCases.TestCases" time="0">
    <skipped/>
  </testcase>
  <testcase name="TDR_EFS_06" classname="TestCases.TestCases" time="0">
    <skipped/>
  </testcase>
  <testcase name="TDR_EFS_07" classname="TestCases.TestCases" time="0">
    <skipped/>
  </testcase>
  <testcase name="TDR_EFS_08" classname="TestCases.TestCases" time="0">
    <skipped/>
  </testcase>
  <testcase name="TDR_EFS_09" classname="TestCases.TestCases" time="0">
    <skipped/>
  </testcase>
  <testcase name="TDR_EFS_10" classname="TestCases.TestCases" time="0">
    <skipped/>
  </testcase>
  <testcase name="TDR_EFS_11" classname="TestCases.TestCases" time="0">
    <skipped/>
  </testcase>
  <testcase name="TDR_EFS_12" classname="TestCases.TestCases" time="0">
    <skipped/>
  </testcase>
  <testcase name="TDR_EFS_13" classname="TestCases.TestCases" time="0">
    <skipped/>
  </testcase>
  <testcase name="TDR_EFS_14" classname="TestCases.TestCases" time="0">
    <skipped/>
  </testcase>
  <testcase name="TDR_EFS_15" classname="TestCases.TestCases" time="0">
    <skipped/>
  </testcase>
  <testcase name="TDR_EFS_16" classname="TestCases.TestCases" time="0">
    <skipped/>
  </testcase>
  <testcase name="TDR_EFS_17" classname="TestCases.TestCases" time="0">
    <skipped/>
  </testcase>
  <testcase name="TDR_DET_01" classname="TestCases.TestCases" time="0">
    <skipped/>
  </testcase>
  <testcase name="TDR_DET_02" classname="TestCases.TestCases" time="0">
    <skipped/>
  </testcase>
  <testcase name="TDR_DET_03" classname="TestCases.TestCases" time="0">
    <skipped/>
  </testcase>
  <testcase name="TDR_DET_04" classname="TestCases.TestCases" time="0">
    <skipped/>
  </testcase>
  <testcase name="TDR_DET_05" classname="TestCases.TestCases" time="0">
    <skipped/>
  </testcase>
  <testcase name="TDR_DET_06" classname="TestCases.TestCases" time="0">
    <skipped/>
  </testcase>
  <testcase name="TDR_DET_07" classname="TestCases.TestCases" time="0">
    <skipped/>
  </testcase>
  <testcase name="TDR_DET_08" classname="TestCases.TestCases" time="0">
    <skipped/>
  </testcase>
  <testcase name="TDR_DET_09" classname="TestCases.TestCases" time="0">
    <skipped/>
  </testcase>
  <testcase name="TDR_DET_10" classname="TestCases.TestCases" time="0">
    <skipped/>
  </testcase>
  <testcase name="TDR_DET_11" classname="TestCases.TestCases" time="0">
    <skipped/>
  </testcase>
  <testcase name="TDR_DET_12" classname="TestCases.TestCases" time="0">
    <skipped/>
  </testcase>
  <testcase name="TDR_DET_13" classname="TestCases.TestCases" time="0">
    <skipped/>
  </testcase>
  <testcase name="TDR_DET_14" classname="TestCases.TestCases" time="0">
    <skipped/>
  </testcase>
  <testcase name="TDR_DET_15" classname="TestCases.TestCases" time="0">
    <skipped/>
  </testcase>
  <testcase name="TDR_DET_16" classname="TestCases.TestCases" time="0">
    <skipped/>
  </testcase>
  <testcase name="TDR_DET_17" classname="TestCases.TestCases" time="0">
    <skipped/>
  </testcase>
  <testcase name="TDR_SBS_001" classname="TestCases.TestCases" time="0">
    <skipped/>
  </testcase>
  <testcase name="TDR_SBS_002" classname="TestCases.TestCases" time="0">
    <skipped/>
  </testcase>
  <testcase name="TDR_SBS_003" classname="TestCases.TestCases" time="0">
    <skipped/>
  </testcase>
  <testcase name="TDR_SBS_004" classname="TestCases.TestCases" time="0">
    <skipped/>
  </testcase>
  <testcase name="TDR_SBS_005" classname="TestCases.TestCases" time="0">
    <skipped/>
  </testcase>
  <testcase name="TDR_SBS_006" classname="TestCases.TestCases" time="0">
    <skipped/>
  </testcase>
  <testcase name="TDR_SBS_007" classname="TestCases.TestCases" time="0">
    <skipped/>
  </testcase>
  <testcase name="TDR_SBS_008" classname="TestCases.TestCases" time="0">
    <skipped/>
  </testcase>
  <testcase name="TDR_SBS_009" classname="TestCases.TestCases" time="0">
    <skipped/>
  </testcase>
  <testcase name="TDR_SBS_010" classname="TestCases.TestCases" time="0">
    <skipped/>
  </testcase>
  <testcase name="TDR_SBS_011" classname="TestCases.TestCases" time="0">
    <skipped/>
  </testcase>
  <testcase name="TDR_SBS_012" classname="TestCases.TestCases" time="0">
    <skipped/>
  </testcase>
  <testcase name="TDR_SBS_013" classname="TestCases.TestCases" time="0">
    <skipped/>
  </testcase>
  <testcase name="TDR_SBS_014" classname="TestCases.TestCases" time="0">
    <skipped/>
  </testcase>
  <testcase name="TDR_SBS_015" classname="TestCases.TestCases" time="0">
    <skipped/>
  </testcase>
  <testcase name="TDR_SBS_016" classname="TestCases.TestCases" time="0">
    <skipped/>
  </testcase>
  <testcase name="TDR_SBCE_001" classname="TestCases.TestCases" time="0">
    <skipped/>
  </testcase>
  <testcase name="TDR_SBCE_002" classname="TestCases.TestCases" time="0">
    <skipped/>
  </testcase>
  <testcase name="TDR_SBCE_003" classname="TestCases.TestCases" time="0">
    <skipped/>
  </testcase>
  <testcase name="TDR_SBCE_004" classname="TestCases.TestCases" time="0">
    <skipped/>
  </testcase>
  <testcase name="TDR_SBCE_005" classname="TestCases.TestCases" time="0">
    <skipped/>
  </testcase>
  <testcase name="TDR_SBCE_006" classname="TestCases.TestCases" time="0">
    <skipped/>
  </testcase>
  <testcase name="TDR_SBCE_007" classname="TestCases.TestCases" time="0">
    <skipped/>
  </testcase>
  <testcase name="TDR_SBCE_008" classname="TestCases.TestCases" time="0">
    <skipped/>
  </testcase>
  <testcase name="TDR_SBCE_009" classname="TestCases.TestCases" time="0">
    <skipped/>
  </testcase>
  <testcase name="TDR_SBCE_010" classname="TestCases.TestCases" time="0">
    <skipped/>
  </testcase>
  <testcase name="TDR_SBCE_011" classname="TestCases.TestCases" time="0">
    <skipped/>
  </testcase>
  <testcase name="TDR_SBCE_012" classname="TestCases.TestCases" time="0">
    <skipped/>
  </testcase>
  <testcase name="TDR_SBCE_013" classname="TestCases.TestCases" time="0">
    <skipped/>
  </testcase>
  <testcase name="TDR_SBCE_014" classname="TestCases.TestCases" time="0">
    <skipped/>
  </testcase>
  <testcase name="TDR_SBCE_015" classname="TestCases.TestCases" time="0">
    <skipped/>
  </testcase>
  <testcase name="TDR_SBCE_016" classname="TestCases.TestCases" time="0">
    <skipped/>
  </testcase>
  <testcase name="TDR_SBD_01" classname="TestCases.TestCases" time="0">
    <skipped/>
  </testcase>
  <testcase name="TDR_SBD_02" classname="TestCases.TestCases" time="0">
    <skipped/>
  </testcase>
  <testcase name="TDR_SBD_03" classname="TestCases.TestCases" time="0">
    <skipped/>
  </testcase>
  <testcase name="TDR_SBD_04" classname="TestCases.TestCases" time="0">
    <skipped/>
  </testcase>
  <testcase name="TDR_SBD_05" classname="TestCases.TestCases" time="0">
    <skipped/>
  </testcase>
  <testcase name="TDR_SBD_06" classname="TestCases.TestCases" time="0">
    <skipped/>
  </testcase>
  <testcase name="TDR_SBD_07" classname="TestCases.TestCases" time="0">
    <skipped/>
  </testcase>
  <testcase name="TDR_SBD_08" classname="TestCases.TestCases" time="0">
    <skipped/>
  </testcase>
  <testcase name="TDR_SBD_09" classname="TestCases.TestCases" time="0">
    <skipped/>
  </testcase>
  <testcase name="TDR_SBD_10" classname="TestCases.TestCases" time="0">
    <skipped/>
  </testcase>
  <testcase name="TDR_SBD_11" classname="TestCases.TestCases" time="0">
    <skipped/>
  </testcase>
  <testcase name="TDR_SBD_12" classname="TestCases.TestCases" time="0">
    <skipped/>
  </testcase>
  <testcase name="TDR_SBD_13" classname="TestCases.TestCases" time="0">
    <skipped/>
  </testcase>
  <testcase name="TDR_SBD_14" classname="TestCases.TestCases" time="0">
    <skipped/>
  </testcase>
  <testcase name="TDR_SBD_15" classname="TestCases.TestCases" time="0">
    <skipped/>
  </testcase>
  <testcase name="TDR_SBD_16" classname="TestCases.TestCases" time="0">
    <skipped/>
  </testcase>
  <testcase name="UR_IPO_01" classname="TestCases.TestCases" time="0">
    <skipped/>
  </testcase>
  <testcase name="UR_IPO_02" classname="TestCases.TestCases" time="0">
    <skipped/>
  </testcase>
  <testcase name="UR_IPO_03" classname="TestCases.TestCases" time="0">
    <skipped/>
  </testcase>
  <testcase name="UR_IPO_04" classname="TestCases.TestCases" time="0">
    <skipped/>
  </testcase>
  <testcase name="UR_IPO_05" classname="TestCases.TestCases" time="0">
    <skipped/>
  </testcase>
  <testcase name="UR_IPO_06" classname="TestCases.TestCases" time="0">
    <skipped/>
  </testcase>
  <testcase name="UR_IPO_07" classname="TestCases.TestCases" time="0">
    <skipped/>
  </testcase>
  <testcase name="UR_IPO_08" classname="TestCases.TestCases" time="0">
    <skipped/>
  </testcase>
  <testcase name="UR_IPO_09" classname="TestCases.TestCases" time="0">
    <skipped/>
  </testcase>
  <testcase name="UR_IPO_10" classname="TestCases.TestCases" time="0">
    <skipped/>
  </testcase>
  <testcase name="UR_IPO_11" classname="TestCases.TestCases" time="0">
    <skipped/>
  </testcase>
  <testcase name="UR_IPO_12" classname="TestCases.TestCases" time="0">
    <skipped/>
  </testcase>
  <testcase name="UR_IPO_13" classname="TestCases.TestCases" time="0">
    <skipped/>
  </testcase>
  <testcase name="UR_IPO_14" classname="TestCases.TestCases" time="0">
    <skipped/>
  </testcase>
  <testcase name="UR_IPO_15" classname="TestCases.TestCases" time="0">
    <skipped/>
  </testcase>
  <testcase name="UR_IPO_16" classname="TestCases.TestCases" time="0">
    <skipped/>
  </testcase>
  <testcase name="UR_IPO_17" classname="TestCases.TestCases" time="0">
    <skipped/>
  </testcase>
  <testcase name="UR_IPA_01" classname="TestCases.TestCases" time="0">
    <skipped/>
  </testcase>
  <testcase name="UR_IPA_02" classname="TestCases.TestCases" time="0">
    <skipped/>
  </testcase>
  <testcase name="UR_IPA_03" classname="TestCases.TestCases" time="0">
    <skipped/>
  </testcase>
  <testcase name="UR_IPA_04" classname="TestCases.TestCases" time="0">
    <skipped/>
  </testcase>
  <testcase name="UR_IPA_05" classname="TestCases.TestCases" time="0">
    <skipped/>
  </testcase>
  <testcase name="UR_IPA_06" classname="TestCases.TestCases" time="0">
    <skipped/>
  </testcase>
  <testcase name="UR_IPA_07" classname="TestCases.TestCases" time="0">
    <skipped/>
  </testcase>
  <testcase name="UR_IPA_08" classname="TestCases.TestCases" time="0">
    <skipped/>
  </testcase>
  <testcase name="UR_IPA_09" classname="TestCases.TestCases" time="0">
    <skipped/>
  </testcase>
  <testcase name="UR_IPA_10" classname="TestCases.TestCases" time="0">
    <skipped/>
  </testcase>
  <testcase name="UR_IPA_11" classname="TestCases.TestCases" time="0">
    <skipped/>
  </testcase>
  <testcase name="UR_IPA_12" classname="TestCases.TestCases" time="0">
    <skipped/>
  </testcase>
  <testcase name="UR_IPA_13" classname="TestCases.TestCases" time="0">
    <skipped/>
  </testcase>
  <testcase name="UR_IPA_14" classname="TestCases.TestCases" time="0">
    <skipped/>
  </testcase>
  <testcase name="UR_IPA_15" classname="TestCases.TestCases" time="0">
    <skipped/>
  </testcase>
  <testcase name="UR_IPA_16" classname="TestCases.TestCases" time="0">
    <skipped/>
  </testcase>
  <testcase name="UR_IPA_17" classname="TestCases.TestCases" time="0">
    <skipped/>
  </testcase>
  <testcase name="UR_CLS_01" classname="TestCases.TestCases" time="0">
    <skipped/>
  </testcase>
  <testcase name="UR_CLS_02" classname="TestCases.TestCases" time="0">
    <skipped/>
  </testcase>
  <testcase name="UR_CLS_03" classname="TestCases.TestCases" time="0">
    <skipped/>
  </testcase>
  <testcase name="UR_CLS_04" classname="TestCases.TestCases" time="0">
    <skipped/>
  </testcase>
  <testcase name="UR_CLS_05" classname="TestCases.TestCases" time="0">
    <skipped/>
  </testcase>
  <testcase name="UR_CLS_06" classname="TestCases.TestCases" time="0">
    <skipped/>
  </testcase>
  <testcase name="UR_CLS_07" classname="TestCases.TestCases" time="0">
    <skipped/>
  </testcase>
  <testcase name="UR_CLS_08" classname="TestCases.TestCases" time="0">
    <skipped/>
  </testcase>
  <testcase name="UR_CLS_09" classname="TestCases.TestCases" time="0">
    <skipped/>
  </testcase>
  <testcase name="UR_CLS_10" classname="TestCases.TestCases" time="0">
    <skipped/>
  </testcase>
  <testcase name="UR_CLS_11" classname="TestCases.TestCases" time="0">
    <skipped/>
  </testcase>
  <testcase name="UR_CLS_12" classname="TestCases.TestCases" time="0">
    <skipped/>
  </testcase>
  <testcase name="UR_CLS_13" classname="TestCases.TestCases" time="0">
    <skipped/>
  </testcase>
  <testcase name="UR_CLS_14" classname="TestCases.TestCases" time="0">
    <skipped/>
  </testcase>
  <testcase name="UR_CLS_15" classname="TestCases.TestCases" time="0">
    <skipped/>
  </testcase>
  <testcase name="UR_CLS_16" classname="TestCases.TestCases" time="0">
    <skipped/>
  </testcase>
  <testcase name="UR_CLS_17" classname="TestCases.TestCases" time="0">
    <skipped/>
  </testcase>
  <testcase name="UR_CLD_01" classname="TestCases.TestCases" time="0">
    <skipped/>
  </testcase>
  <testcase name="UR_CLD_02" classname="TestCases.TestCases" time="0">
    <skipped/>
  </testcase>
  <testcase name="UR_CLD_03" classname="TestCases.TestCases" time="0">
    <skipped/>
  </testcase>
  <testcase name="UR_CLD_04" classname="TestCases.TestCases" time="0">
    <skipped/>
  </testcase>
  <testcase name="UR_CLD_05" classname="TestCases.TestCases" time="0">
    <skipped/>
  </testcase>
  <testcase name="UR_CLD_06" classname="TestCases.TestCases" time="0">
    <skipped/>
  </testcase>
  <testcase name="UR_CLD_07" classname="TestCases.TestCases" time="0">
    <skipped/>
  </testcase>
  <testcase name="UR_CLD_08" classname="TestCases.TestCases" time="0">
    <skipped/>
  </testcase>
  <testcase name="UR_CLD_09" classname="TestCases.TestCases" time="0">
    <skipped/>
  </testcase>
  <testcase name="UR_CLD_10" classname="TestCases.TestCases" time="0">
    <skipped/>
  </testcase>
  <testcase name="UR_CLD_11" classname="TestCases.TestCases" time="0">
    <skipped/>
  </testcase>
  <testcase name="UR_CLD_12" classname="TestCases.TestCases" time="0">
    <skipped/>
  </testcase>
  <testcase name="UR_CLD_13" classname="TestCases.TestCases" time="0">
    <skipped/>
  </testcase>
  <testcase name="UR_CLD_14" classname="TestCases.TestCases" time="0">
    <skipped/>
  </testcase>
  <testcase name="UR_CLD_15" classname="TestCases.TestCases" time="0">
    <skipped/>
  </testcase>
  <testcase name="UR_CLD_16" classname="TestCases.TestCases" time="0">
    <skipped/>
  </testcase>
  <testcase name="UR_CLD_17" classname="TestCases.TestCases" time="0">
    <skipped/>
  </testcase>
  <testcase name="UR_CLD_18" classname="TestCases.TestCases" time="0">
    <skipped/>
  </testcase>
  <testcase name="UR_CLD_19" classname="TestCases.TestCases" time="0">
    <skipped/>
  </testcase>
  <testcase name="UR_CLD_20" classname="TestCases.TestCases" time="0">
    <skipped/>
  </testcase>
  <testcase name="UR_CLD_21" classname="TestCases.TestCases" time="0">
    <skipped/>
  </testcase>
  <testcase name="UR_MCT_01" classname="TestCases.TestCases" time="0">
    <skipped/>
  </testcase>
  <testcase name="UR_MCT_02" classname="TestCases.TestCases" time="0">
    <skipped/>
  </testcase>
  <testcase name="UR_MCT_03" classname="TestCases.TestCases" time="0">
    <skipped/>
  </testcase>
  <testcase name="UR_MCT_04" classname="TestCases.TestCases" time="0">
    <skipped/>
  </testcase>
  <testcase name="UR_MCT_05" classname="TestCases.TestCases" time="0">
    <skipped/>
  </testcase>
  <testcase name="UR_MCT_06" classname="TestCases.TestCases" time="0">
    <skipped/>
  </testcase>
  <testcase name="UR_MCT_07" classname="TestCases.TestCases" time="0">
    <skipped/>
  </testcase>
  <testcase name="UR_MCT_08" classname="TestCases.TestCases" time="0">
    <skipped/>
  </testcase>
  <testcase name="UR_MCT_09" classname="TestCases.TestCases" time="0">
    <skipped/>
  </testcase>
  <testcase name="UR_MCT_10" classname="TestCases.TestCases" time="0">
    <skipped/>
  </testcase>
  <testcase name="UR_MCT_11" classname="TestCases.TestCases" time="0">
    <skipped/>
  </testcase>
  <testcase name="UR_MCT_12" classname="TestCases.TestCases" time="0">
    <skipped/>
  </testcase>
  <testcase name="UR_MCT_13" classname="TestCases.TestCases" time="0">
    <skipped/>
  </testcase>
  <testcase name="UR_MCT_14" classname="TestCases.TestCases" time="0">
    <skipped/>
  </testcase>
  <testcase name="UR_MCT_15" classname="TestCases.TestCases" time="0">
    <skipped/>
  </testcase>
  <testcase name="UR_MCT_16" classname="TestCases.TestCases" time="0">
    <skipped/>
  </testcase>
  <testcase name="UR_TIM_01" classname="TestCases.TestCases" time="0">
    <skipped/>
  </testcase>
  <testcase name="UR_TIM_02" classname="TestCases.TestCases" time="0">
    <skipped/>
  </testcase>
  <testcase name="UR_TIM_03" classname="TestCases.TestCases" time="0">
    <skipped/>
  </testcase>
  <testcase name="UR_TIM_04" classname="TestCases.TestCases" time="0">
    <skipped/>
  </testcase>
  <testcase name="UR_TIM_05" classname="TestCases.TestCases" time="0">
    <skipped/>
  </testcase>
  <testcase name="UR_TIM_06" classname="TestCases.TestCases" time="0">
    <skipped/>
  </testcase>
  <testcase name="UR_TIM_07" classname="TestCases.TestCases" time="0">
    <skipped/>
  </testcase>
  <testcase name="UR_TIM_08" classname="TestCases.TestCases" time="0">
    <skipped/>
  </testcase>
  <testcase name="UR_TIM_09" classname="TestCases.TestCases" time="0">
    <skipped/>
  </testcase>
  <testcase name="UR_TIM_10" classname="TestCases.TestCases" time="0">
    <skipped/>
  </testcase>
  <testcase name="UR_TIM_11" classname="TestCases.TestCases" time="0">
    <skipped/>
  </testcase>
  <testcase name="UR_TIM_12" classname="TestCases.TestCases" time="0">
    <skipped/>
  </testcase>
  <testcase name="UR_TIM_13" classname="TestCases.TestCases" time="0">
    <skipped/>
  </testcase>
  <testcase name="UR_TIM_14" classname="TestCases.TestCases" time="0">
    <skipped/>
  </testcase>
  <testcase name="UR_TIM_15" classname="TestCases.TestCases" time="0">
    <skipped/>
  </testcase>
  <testcase name="UR_TIM_16" classname="TestCases.TestCases" time="0">
    <skipped/>
  </testcase>
  <testcase name="DDR_SUM_01" classname="TestCases.TestCases" time="0">
    <skipped/>
  </testcase>
  <testcase name="DDR_SUM_02" classname="TestCases.TestCases" time="0">
    <skipped/>
  </testcase>
  <testcase name="DDR_SUM_03" classname="TestCases.TestCases" time="0">
    <skipped/>
  </testcase>
  <testcase name="DDR_SUM_04" classname="TestCases.TestCases" time="0">
    <skipped/>
  </testcase>
  <testcase name="DDR_SUM_05" classname="TestCases.TestCases" time="0">
    <skipped/>
  </testcase>
  <testcase name="DDR_SUM_06" classname="TestCases.TestCases" time="0">
    <skipped/>
  </testcase>
  <testcase name="DDR_SUM_07" classname="TestCases.TestCases" time="0">
    <skipped/>
  </testcase>
  <testcase name="DDR_SUM_08" classname="TestCases.TestCases" time="0">
    <skipped/>
  </testcase>
  <testcase name="DDR_SUM_09" classname="TestCases.TestCases" time="0">
    <skipped/>
  </testcase>
  <testcase name="DDR_SUM_10" classname="TestCases.TestCases" time="0">
    <skipped/>
  </testcase>
  <testcase name="DDR_SUM_11" classname="TestCases.TestCases" time="0">
    <skipped/>
  </testcase>
  <testcase name="DDR_SUM_12" classname="TestCases.TestCases" time="0">
    <skipped/>
  </testcase>
  <testcase name="DDR_SUM_13" classname="TestCases.TestCases" time="0">
    <skipped/>
  </testcase>
  <testcase name="DDR_SUM_14" classname="TestCases.TestCases" time="0">
    <skipped/>
  </testcase>
  <testcase name="DDR_SUM_15" classname="TestCases.TestCases" time="0">
    <skipped/>
  </testcase>
  <testcase name="DDR_SUM_16" classname="TestCases.TestCases" time="0">
    <skipped/>
  </testcase>
  <testcase name="DDR_SUM_17" classname="TestCases.TestCases" time="0">
    <skipped/>
  </testcase>
  <testcase name="DDR_BD_01" classname="TestCases.TestCases" time="0">
    <skipped/>
  </testcase>
  <testcase name="DDR_BD_02" classname="TestCases.TestCases" time="0">
    <skipped/>
  </testcase>
  <testcase name="DDR_BD_03" classname="TestCases.TestCases" time="0">
    <skipped/>
  </testcase>
  <testcase name="DDR_BD_04" classname="TestCases.TestCases" time="0">
    <skipped/>
  </testcase>
  <testcase name="DDR_BD_05" classname="TestCases.TestCases" time="0">
    <skipped/>
  </testcase>
  <testcase name="DDR_BD_06" classname="TestCases.TestCases" time="0">
    <skipped/>
  </testcase>
  <testcase name="DDR_BD_07" classname="TestCases.TestCases" time="0">
    <skipped/>
  </testcase>
  <testcase name="DDR_BD_08" classname="TestCases.TestCases" time="0">
    <skipped/>
  </testcase>
  <testcase name="DDR_BD_09" classname="TestCases.TestCases" time="0">
    <skipped/>
  </testcase>
  <testcase name="DDR_BD_10" classname="TestCases.TestCases" time="0">
    <skipped/>
  </testcase>
  <testcase name="DDR_BD_11" classname="TestCases.TestCases" time="0">
    <skipped/>
  </testcase>
  <testcase name="DDR_BD_12" classname="TestCases.TestCases" time="0">
    <skipped/>
  </testcase>
  <testcase name="DDR_BD_13" classname="TestCases.TestCases" time="0">
    <skipped/>
  </testcase>
  <testcase name="DDR_BD_14" classname="TestCases.TestCases" time="0">
    <skipped/>
  </testcase>
  <testcase name="DDR_BD_15" classname="TestCases.TestCases" time="0">
    <skipped/>
  </testcase>
  <testcase name="DDR_BD_16" classname="TestCases.TestCases" time="0">
    <skipped/>
  </testcase>
  <testcase name="DDR_BD_17" classname="TestCases.TestCases" time="0">
    <skipped/>
  </testcase>
  <testcase name="DDR_EXT_01" classname="TestCases.TestCases" time="0">
    <skipped/>
  </testcase>
  <testcase name="DDR_EXT_02" classname="TestCases.TestCases" time="0">
    <skipped/>
  </testcase>
  <testcase name="DDR_EXT_03" classname="TestCases.TestCases" time="0">
    <skipped/>
  </testcase>
  <testcase name="DDR_EXT_04" classname="TestCases.TestCases" time="0">
    <skipped/>
  </testcase>
  <testcase name="DDR_EXT_05" classname="TestCases.TestCases" time="0">
    <skipped/>
  </testcase>
  <testcase name="DDR_EXT_06" classname="TestCases.TestCases" time="0">
    <skipped/>
  </testcase>
  <testcase name="DDR_EXT_07" classname="TestCases.TestCases" time="0">
    <skipped/>
  </testcase>
  <testcase name="DDR_EXT_08" classname="TestCases.TestCases" time="0">
    <skipped/>
  </testcase>
  <testcase name="DDR_EXT_09" classname="TestCases.TestCases" time="0">
    <skipped/>
  </testcase>
  <testcase name="DDR_EXT_10" classname="TestCases.TestCases" time="0">
    <skipped/>
  </testcase>
  <testcase name="DDR_EXT_11" classname="TestCases.TestCases" time="0">
    <skipped/>
  </testcase>
  <testcase name="DDR_EXT_12" classname="TestCases.TestCases" time="0">
    <skipped/>
  </testcase>
  <testcase name="DDR_EXT_13" classname="TestCases.TestCases" time="0">
    <skipped/>
  </testcase>
  <testcase name="DDR_EXT_14" classname="TestCases.TestCases" time="0">
    <skipped/>
  </testcase>
  <testcase name="DDR_EXT_15" classname="TestCases.TestCases" time="0">
    <skipped/>
  </testcase>
  <testcase name="DDR_EXT_16" classname="TestCases.TestCases" time="0">
    <skipped/>
  </testcase>
  <testcase name="DDR_EXT_17" classname="TestCases.TestCases" time="0">
    <skipped/>
  </testcase>
  <testcase name="DDR_BDDF_01" classname="TestCases.TestCases" time="0">
    <skipped/>
  </testcase>
  <testcase name="DDR_BDDF_02" classname="TestCases.TestCases" time="0">
    <skipped/>
  </testcase>
  <testcase name="DDR_BDDF_03" classname="TestCases.TestCases" time="0">
    <skipped/>
  </testcase>
  <testcase name="DDR_BDDF_04" classname="TestCases.TestCases" time="0">
    <skipped/>
  </testcase>
  <testcase name="DDR_BDDF_05" classname="TestCases.TestCases" time="0">
    <skipped/>
  </testcase>
  <testcase name="DDR_BDDF_06" classname="TestCases.TestCases" time="0">
    <skipped/>
  </testcase>
  <testcase name="DDR_BDDF_07" classname="TestCases.TestCases" time="0">
    <skipped/>
  </testcase>
  <testcase name="DDR_BDDF_08" classname="TestCases.TestCases" time="0">
    <skipped/>
  </testcase>
  <testcase name="DDR_BDDF_09" classname="TestCases.TestCases" time="0">
    <skipped/>
  </testcase>
  <testcase name="DDR_BDDF_10" classname="TestCases.TestCases" time="0">
    <skipped/>
  </testcase>
  <testcase name="DDR_BDDF_11" classname="TestCases.TestCases" time="0">
    <skipped/>
  </testcase>
  <testcase name="DDR_BDDF_12" classname="TestCases.TestCases" time="0">
    <skipped/>
  </testcase>
  <testcase name="DDR_BDDF_13" classname="TestCases.TestCases" time="0">
    <skipped/>
  </testcase>
  <testcase name="DDR_BDDF_14" classname="TestCases.TestCases" time="0">
    <skipped/>
  </testcase>
  <testcase name="DDR_BDDF_15" classname="TestCases.TestCases" time="0">
    <skipped/>
  </testcase>
  <testcase name="DDR_BDDF_16" classname="TestCases.TestCases" time="0">
    <skipped/>
  </testcase>
  <testcase name="DDR_BDDF_17" classname="TestCases.TestCases" time="0">
    <skipped/>
  </testcase>
  <testcase name="DDR_SDF_01" classname="TestCases.TestCases" time="0">
    <skipped/>
  </testcase>
  <testcase name="DDR_SDF_02" classname="TestCases.TestCases" time="0">
    <skipped/>
  </testcase>
  <testcase name="DDR_SDF_03" classname="TestCases.TestCases" time="0">
    <skipped/>
  </testcase>
  <testcase name="DDR_SDF_04" classname="TestCases.TestCases" time="0">
    <skipped/>
  </testcase>
  <testcase name="DDR_SDF_05" classname="TestCases.TestCases" time="0">
    <skipped/>
  </testcase>
  <testcase name="DDR_SDF_06" classname="TestCases.TestCases" time="0">
    <skipped/>
  </testcase>
  <testcase name="DDR_SDF_07" classname="TestCases.TestCases" time="0">
    <skipped/>
  </testcase>
  <testcase name="DDR_SDF_08" classname="TestCases.TestCases" time="0">
    <skipped/>
  </testcase>
  <testcase name="DDR_SDF_09" classname="TestCases.TestCases" time="0">
    <skipped/>
  </testcase>
  <testcase name="DDR_SDF_10" classname="TestCases.TestCases" time="0">
    <skipped/>
  </testcase>
  <testcase name="DDR_SDF_11" classname="TestCases.TestCases" time="0">
    <skipped/>
  </testcase>
  <testcase name="DDR_SDF_12" classname="TestCases.TestCases" time="0">
    <skipped/>
  </testcase>
  <testcase name="DDR_SDF_13" classname="TestCases.TestCases" time="0">
    <skipped/>
  </testcase>
  <testcase name="DDR_SDF_14" classname="TestCases.TestCases" time="0">
    <skipped/>
  </testcase>
  <testcase name="DDR_SDF_15" classname="TestCases.TestCases" time="0">
    <skipped/>
  </testcase>
  <testcase name="DDR_SDF_16" classname="TestCases.TestCases" time="0">
    <skipped/>
  </testcase>
  <testcase name="DDR_SDF_17" classname="TestCases.TestCases" time="0">
    <skipped/>
  </testcase>
  <testcase name="DDR_BDDS_01" classname="TestCases.TestCases" time="0">
    <skipped/>
  </testcase>
  <testcase name="DDR_BDDS_02" classname="TestCases.TestCases" time="0">
    <skipped/>
  </testcase>
  <testcase name="DDR_BDDS_03" classname="TestCases.TestCases" time="0">
    <skipped/>
  </testcase>
  <testcase name="DDR_BDDS_04" classname="TestCases.TestCases" time="0">
    <skipped/>
  </testcase>
  <testcase name="DDR_BDDS_05" classname="TestCases.TestCases" time="0">
    <skipped/>
  </testcase>
  <testcase name="DDR_BDDS_06" classname="TestCases.TestCases" time="0">
    <skipped/>
  </testcase>
  <testcase name="DDR_BDDS_07" classname="TestCases.TestCases" time="0">
    <skipped/>
  </testcase>
  <testcase name="DDR_BDDS_08" classname="TestCases.TestCases" time="0">
    <skipped/>
  </testcase>
  <testcase name="DDR_BDDS_09" classname="TestCases.TestCases" time="0">
    <skipped/>
  </testcase>
  <testcase name="DDR_BDDS_10" classname="TestCases.TestCases" time="0">
    <skipped/>
  </testcase>
  <testcase name="DDR_BDDS_11" classname="TestCases.TestCases" time="0">
    <skipped/>
  </testcase>
  <testcase name="DDR_BDDS_12" classname="TestCases.TestCases" time="0">
    <skipped/>
  </testcase>
  <testcase name="DDR_BDDS_13" classname="TestCases.TestCases" time="0">
    <skipped/>
  </testcase>
  <testcase name="DDR_BDDS_14" classname="TestCases.TestCases" time="0">
    <skipped/>
  </testcase>
  <testcase name="DDR_BDDS_15" classname="TestCases.TestCases" time="0">
    <skipped/>
  </testcase>
  <testcase name="DDR_BDDS_16" classname="TestCases.TestCases" time="0">
    <skipped/>
  </testcase>
  <testcase name="DDR_BDDS_17" classname="TestCases.TestCases" time="0">
    <skipped/>
  </testcase>
  <testcase name="TDR_OUT_01" classname="TestCases.TestCases" time="0">
    <skipped/>
  </testcase>
  <testcase name="TDR_OUT_02" classname="TestCases.TestCases" time="0">
    <skipped/>
  </testcase>
  <testcase name="TDR_OUT_03" classname="TestCases.TestCases" time="0">
    <skipped/>
  </testcase>
  <testcase name="TDR_OUT_04" classname="TestCases.TestCases" time="0">
    <skipped/>
  </testcase>
  <testcase name="TDR_OUT_05" classname="TestCases.TestCases" time="0">
    <skipped/>
  </testcase>
  <testcase name="TDR_OUT_06" classname="TestCases.TestCases" time="0">
    <skipped/>
  </testcase>
  <testcase name="TDR_OUT_07" classname="TestCases.TestCases" time="0">
    <skipped/>
  </testcase>
  <testcase name="TDR_OUT_08" classname="TestCases.TestCases" time="0">
    <skipped/>
  </testcase>
  <testcase name="TDR_OUT_09" classname="TestCases.TestCases" time="0">
    <skipped/>
  </testcase>
  <testcase name="TDR_OUT_10" classname="TestCases.TestCases" time="0">
    <skipped/>
  </testcase>
  <testcase name="TDR_OUT_11" classname="TestCases.TestCases" time="0">
    <skipped/>
  </testcase>
  <testcase name="TDR_OUT_12" classname="TestCases.TestCases" time="0">
    <skipped/>
  </testcase>
  <testcase name="TDR_OUT_13" classname="TestCases.TestCases" time="0">
    <skipped/>
  </testcase>
  <testcase name="TDR_OUT_14" classname="TestCases.TestCases" time="0">
    <skipped/>
  </testcase>
  <testcase name="TDR_OUT_15" classname="TestCases.TestCases" time="0">
    <skipped/>
  </testcase>
  <testcase name="TDR_OUT_16" classname="TestCases.TestCases" time="0">
    <skipped/>
  </testcase>
  <testcase name="TDR_TTC_01" classname="TestCases.TestCases" time="0">
    <skipped/>
  </testcase>
  <testcase name="TDR_TTC_02" classname="TestCases.TestCases" time="0">
    <skipped/>
  </testcase>
  <testcase name="TDR_TTC_03" classname="TestCases.TestCases" time="0">
    <skipped/>
  </testcase>
  <testcase name="TDR_TTC_04" classname="TestCases.TestCases" time="0">
    <skipped/>
  </testcase>
  <testcase name="TDR_TTC_05" classname="TestCases.TestCases" time="0">
    <skipped/>
  </testcase>
  <testcase name="TDR_TTC_06" classname="TestCases.TestCases" time="0">
    <skipped/>
  </testcase>
  <testcase name="TDR_TTC_07" classname="TestCases.TestCases" time="0">
    <skipped/>
  </testcase>
  <testcase name="TDR_TTC_08" classname="TestCases.TestCases" time="0">
    <skipped/>
  </testcase>
  <testcase name="TDR_TTC_09" classname="TestCases.TestCases" time="0">
    <skipped/>
  </testcase>
  <testcase name="TDR_TTC_10" classname="TestCases.TestCases" time="0">
    <skipped/>
  </testcase>
  <testcase name="TDR_TTC_11" classname="TestCases.TestCases" time="0">
    <skipped/>
  </testcase>
  <testcase name="TDR_TTC_12" classname="TestCases.TestCases" time="0">
    <skipped/>
  </testcase>
  <testcase name="TDR_TTC_13" classname="TestCases.TestCases" time="0">
    <skipped/>
  </testcase>
  <testcase name="TDR_TTC_14" classname="TestCases.TestCases" time="0">
    <skipped/>
  </testcase>
  <testcase name="TDR_TTC_15" classname="TestCases.TestCases" time="0">
    <skipped/>
  </testcase>
  <testcase name="TDR_TTC_16" classname="TestCases.TestCases" time="0">
    <skipped/>
  </testcase>
  <testcase name="TDR_TTC_17" classname="TestCases.TestCases" time="0">
    <skipped/>
  </testcase>
  <testcase name="TDR_BA_01" classname="TestCases.TestCases" time="0">
    <skipped/>
  </testcase>
  <testcase name="TDR_BS_01" classname="TestCases.TestCases" time="0">
    <skipped/>
  </testcase>
  <testcase name="TDR_EA_01" classname="TestCases.TestCases" time="0">
    <skipped/>
  </testcase>
  <testcase name="TDR_TSA_01" classname="TestCases.TestCases" time="0">
    <skipped/>
  </testcase>
  <testcase name="TDR_TSA_02" classname="TestCases.TestCases" time="0">
    <skipped/>
  </testcase>
  <testcase name="TDR_TSA_03" classname="TestCases.TestCases" time="0">
    <skipped/>
  </testcase>
  <testcase name="TDR_TSA_04" classname="TestCases.TestCases" time="0">
    <skipped/>
  </testcase>
  <testcase name="TDR_TSA_05" classname="TestCases.TestCases" time="0">
    <skipped/>
  </testcase>
  <testcase name="TDR_TSA_06" classname="TestCases.TestCases" time="0">
    <skipped/>
  </testcase>
  <testcase name="TDR_TSA_07" classname="TestCases.TestCases" time="0">
    <skipped/>
  </testcase>
  <testcase name="TDR_TSA_08" classname="TestCases.TestCases" time="0">
    <skipped/>
  </testcase>
  <testcase name="TDR_TSA_09" classname="TestCases.TestCases" time="0">
    <skipped/>
  </testcase>
  <testcase name="TDR_TSA_10" classname="TestCases.TestCases" time="0">
    <skipped/>
  </testcase>
  <testcase name="TDR_TSA_11" classname="TestCases.TestCases" time="0">
    <skipped/>
  </testcase>
  <testcase name="TDR_TSA_12" classname="TestCases.TestCases" time="0">
    <skipped/>
  </testcase>
  <testcase name="TDR_TSA_13" classname="TestCases.TestCases" time="0">
    <skipped/>
  </testcase>
  <testcase name="TDR_TSA_14" classname="TestCases.TestCases" time="0">
    <skipped/>
  </testcase>
  <testcase name="TDR_TSA_15" classname="TestCases.TestCases" time="0">
    <skipped/>
  </testcase>
  <testcase name="TDR_TSA_16" classname="TestCases.TestCases" time="0">
    <skipped/>
  </testcase>
  <testcase name="TDR_CAS_01" classname="TestCases.TestCases" time="0">
    <skipped/>
  </testcase>
  <testcase name="TDR_CAS_02" classname="TestCases.TestCases" time="0">
    <skipped/>
  </testcase>
  <testcase name="TDR_CAS_03" classname="TestCases.TestCases" time="0">
    <skipped/>
  </testcase>
  <testcase name="TDR_CAS_04" classname="TestCases.TestCases" time="0">
    <skipped/>
  </testcase>
  <testcase name="TDR_CAS_05" classname="TestCases.TestCases" time="0">
    <skipped/>
  </testcase>
  <testcase name="TDR_CAS_06" classname="TestCases.TestCases" time="0">
    <skipped/>
  </testcase>
  <testcase name="TDR_CAS_07" classname="TestCases.TestCases" time="0">
    <skipped/>
  </testcase>
  <testcase name="TDR_CAS_08" classname="TestCases.TestCases" time="0">
    <skipped/>
  </testcase>
  <testcase name="TDR_CAS_09" classname="TestCases.TestCases" time="0">
    <skipped/>
  </testcase>
  <testcase name="TDR_CAS_10" classname="TestCases.TestCases" time="0">
    <skipped/>
  </testcase>
  <testcase name="TDR_CAS_11" classname="TestCases.TestCases" time="0">
    <skipped/>
  </testcase>
  <testcase name="TDR_CAS_12" classname="TestCases.TestCases" time="0">
    <skipped/>
  </testcase>
  <testcase name="TDR_CAS_13" classname="TestCases.TestCases" time="0">
    <skipped/>
  </testcase>
  <testcase name="TDR_CAS_14" classname="TestCases.TestCases" time="0">
    <skipped/>
  </testcase>
  <testcase name="TDR_CAS_15" classname="TestCases.TestCases" time="0">
    <skipped/>
  </testcase>
  <testcase name="TDR_CAS_16" classname="TestCases.TestCases" time="0">
    <skipped/>
  </testcase>
  <testcase name="CR_ESR_01" classname="TestCases.TestCases" time="0">
    <skipped/>
  </testcase>
  <testcase name="CR_ESR_02" classname="TestCases.TestCases" time="0">
    <skipped/>
  </testcase>
  <testcase name="CR_ESR_03" classname="TestCases.TestCases" time="0">
    <skipped/>
  </testcase>
  <testcase name="CR_ESR_04" classname="TestCases.TestCases" time="0">
    <skipped/>
  </testcase>
  <testcase name="CR_ESR_05" classname="TestCases.TestCases" time="0">
    <skipped/>
  </testcase>
  <testcase name="CR_ESR_06" classname="TestCases.TestCases" time="0">
    <skipped/>
  </testcase>
  <testcase name="CR_ESR_07" classname="TestCases.TestCases" time="0">
    <skipped/>
  </testcase>
  <testcase name="CR_ESR_08" classname="TestCases.TestCases" time="0">
    <skipped/>
  </testcase>
  <testcase name="CR_ESR_09" classname="TestCases.TestCases" time="0">
    <skipped/>
  </testcase>
  <testcase name="CR_ESR_10" classname="TestCases.TestCases" time="0">
    <skipped/>
  </testcase>
  <testcase name="CR_ESR_11" classname="TestCases.TestCases" time="0">
    <skipped/>
  </testcase>
  <testcase name="CR_ESR_12" classname="TestCases.TestCases" time="0">
    <skipped/>
  </testcase>
  <testcase name="CR_ESR_13" classname="TestCases.TestCases" time="0">
    <skipped/>
  </testcase>
  <testcase name="CR_ESR_14" classname="TestCases.TestCases" time="0">
    <skipped/>
  </testcase>
  <testcase name="CR_ESR_15" classname="TestCases.TestCases" time="0">
    <skipped/>
  </testcase>
  <testcase name="CR_ESR_16" classname="TestCases.TestCases" time="0">
    <skipped/>
  </testcase>
  <testcase name="CR_ESR_17" classname="TestCases.TestCases" time="0">
    <skipped/>
  </testcase>
  <testcase name="CR_ED_01" classname="TestCases.TestCases" time="0">
    <skipped/>
  </testcase>
  <testcase name="CR_ED_02" classname="TestCases.TestCases" time="0">
    <skipped/>
  </testcase>
  <testcase name="CR_ED_03" classname="TestCases.TestCases" time="0">
    <skipped/>
  </testcase>
  <testcase name="CR_ED_04" classname="TestCases.TestCases" time="0">
    <skipped/>
  </testcase>
  <testcase name="CR_ED_05" classname="TestCases.TestCases" time="0">
    <skipped/>
  </testcase>
  <testcase name="CR_ED_06" classname="TestCases.TestCases" time="0">
    <skipped/>
  </testcase>
  <testcase name="CR_ED_07" classname="TestCases.TestCases" time="0">
    <skipped/>
  </testcase>
  <testcase name="CR_ED_08" classname="TestCases.TestCases" time="0">
    <skipped/>
  </testcase>
  <testcase name="CR_ED_09" classname="TestCases.TestCases" time="0">
    <skipped/>
  </testcase>
  <testcase name="CR_ED_10" classname="TestCases.TestCases" time="0">
    <skipped/>
  </testcase>
  <testcase name="CR_ED_11" classname="TestCases.TestCases" time="0">
    <skipped/>
  </testcase>
  <testcase name="CR_ED_12" classname="TestCases.TestCases" time="0">
    <skipped/>
  </testcase>
  <testcase name="CR_ED_13" classname="TestCases.TestCases" time="0">
    <skipped/>
  </testcase>
  <testcase name="CR_ED_14" classname="TestCases.TestCases" time="0">
    <skipped/>
  </testcase>
  <testcase name="CR_ED_15" classname="TestCases.TestCases" time="0">
    <skipped/>
  </testcase>
  <testcase name="CR_ED_16" classname="TestCases.TestCases" time="0">
    <skipped/>
  </testcase>
  <testcase name="CR_ED_17" classname="TestCases.TestCases" time="0">
    <skipped/>
  </testcase>
  <testcase name="CR_EDTL_01" classname="TestCases.TestCases" time="0">
    <skipped/>
  </testcase>
  <testcase name="CR_EDTL_02" classname="TestCases.TestCases" time="0">
    <skipped/>
  </testcase>
  <testcase name="CR_EDTL_03" classname="TestCases.TestCases" time="0">
    <skipped/>
  </testcase>
  <testcase name="CR_EDTL_04" classname="TestCases.TestCases" time="0">
    <skipped/>
  </testcase>
  <testcase name="CR_EDTL_05" classname="TestCases.TestCases" time="0">
    <skipped/>
  </testcase>
  <testcase name="CR_EDTL_06" classname="TestCases.TestCases" time="0">
    <skipped/>
  </testcase>
  <testcase name="CR_EDTL_07" classname="TestCases.TestCases" time="0">
    <skipped/>
  </testcase>
  <testcase name="CR_EDTL_08" classname="TestCases.TestCases" time="0">
    <skipped/>
  </testcase>
  <testcase name="CR_EDTL_09" classname="TestCases.TestCases" time="0">
    <skipped/>
  </testcase>
  <testcase name="CR_EDTL_10" classname="TestCases.TestCases" time="0">
    <skipped/>
  </testcase>
  <testcase name="CR_EDTL_11" classname="TestCases.TestCases" time="0">
    <skipped/>
  </testcase>
  <testcase name="CR_EDTL_12" classname="TestCases.TestCases" time="0">
    <skipped/>
  </testcase>
  <testcase name="CR_EDTL_13" classname="TestCases.TestCases" time="0">
    <skipped/>
  </testcase>
  <testcase name="CR_EDTL_14" classname="TestCases.TestCases" time="0">
    <skipped/>
  </testcase>
  <testcase name="CR_EDTL_15" classname="TestCases.TestCases" time="0">
    <skipped/>
  </testcase>
  <testcase name="CR_EDTL_16" classname="TestCases.TestCases" time="0">
    <skipped/>
  </testcase>
  <testcase name="CR_EDTL_17" classname="TestCases.TestCases" time="0">
    <skipped/>
  </testcase>
  <testcase name="CR_SO_01" classname="TestCases.TestCases" time="0">
    <skipped/>
  </testcase>
  <testcase name="CR_SO_02" classname="TestCases.TestCases" time="0">
    <skipped/>
  </testcase>
  <testcase name="CR_SO_03" classname="TestCases.TestCases" time="0">
    <skipped/>
  </testcase>
  <testcase name="CR_SO_04" classname="TestCases.TestCases" time="0">
    <skipped/>
  </testcase>
  <testcase name="CR_SO_05" classname="TestCases.TestCases" time="0">
    <skipped/>
  </testcase>
  <testcase name="CR_SO_06" classname="TestCases.TestCases" time="0">
    <skipped/>
  </testcase>
  <testcase name="CR_SO_07" classname="TestCases.TestCases" time="0">
    <skipped/>
  </testcase>
  <testcase name="CR_SO_08" classname="TestCases.TestCases" time="0">
    <skipped/>
  </testcase>
  <testcase name="CR_SO_09" classname="TestCases.TestCases" time="0">
    <skipped/>
  </testcase>
  <testcase name="CR_SO_10" classname="TestCases.TestCases" time="0">
    <skipped/>
  </testcase>
  <testcase name="CR_SO_13" classname="TestCases.TestCases" time="0">
    <skipped/>
  </testcase>
  <testcase name="CR_SO_14" classname="TestCases.TestCases" time="0">
    <skipped/>
  </testcase>
  <testcase name="CR_SO_15" classname="TestCases.TestCases" time="0">
    <skipped/>
  </testcase>
  <testcase name="CR_SO_16" classname="TestCases.TestCases" time="0">
    <skipped/>
  </testcase>
  <testcase name="CR_SO_17" classname="TestCases.TestCases" time="0">
    <skipped/>
  </testcase>
  <testcase name="CR_SOD_01" classname="TestCases.TestCases" time="0">
    <skipped/>
  </testcase>
  <testcase name="CR_SOD_02" classname="TestCases.TestCases" time="0">
    <skipped/>
  </testcase>
  <testcase name="CR_SOD_03" classname="TestCases.TestCases" time="0">
    <skipped/>
  </testcase>
  <testcase name="CR_SOD_04" classname="TestCases.TestCases" time="0">
    <skipped/>
  </testcase>
  <testcase name="CR_SOD_05" classname="TestCases.TestCases" time="0">
    <skipped/>
  </testcase>
  <testcase name="CR_SOD_06" classname="TestCases.TestCases" time="0">
    <skipped/>
  </testcase>
  <testcase name="CR_SOD_07" classname="TestCases.TestCases" time="0">
    <skipped/>
  </testcase>
  <testcase name="CR_SOD_08" classname="TestCases.TestCases" time="0">
    <skipped/>
  </testcase>
  <testcase name="CR_SOD_09" classname="TestCases.TestCases" time="0">
    <skipped/>
  </testcase>
  <testcase name="CR_SOD_10" classname="TestCases.TestCases" time="0">
    <skipped/>
  </testcase>
  <testcase name="CR_SOD_13" classname="TestCases.TestCases" time="0">
    <skipped/>
  </testcase>
  <testcase name="CR_SOD_14" classname="TestCases.TestCases" time="0">
    <skipped/>
  </testcase>
  <testcase name="CR_SOD_15" classname="TestCases.TestCases" time="0">
    <skipped/>
  </testcase>
  <testcase name="CR_SOD_16" classname="TestCases.TestCases" time="0">
    <skipped/>
  </testcase>
  <testcase name="CR_SOD_17" classname="TestCases.TestCases" time="0">
    <skipped/>
  </testcase>
  <testcase name="CR_SOD_18" classname="TestCases.TestCases" time="0">
    <skipped/>
  </testcase>
  <testcase name="CR_SOD_19" classname="TestCases.TestCases" time="0">
    <skipped/>
  </testcase>
  <testcase name="CR_SOD_20" classname="TestCases.TestCases" time="0">
    <skipped/>
  </testcase>
  <testcase name="SR_UW_01" classname="TestCases.TestCases" time="0">
    <skipped/>
  </testcase>
  <testcase name="SR_UW_02" classname="TestCases.TestCases" time="0">
    <skipped/>
  </testcase>
  <testcase name="SR_UW_03" classname="TestCases.TestCases" time="0">
    <skipped/>
  </testcase>
  <testcase name="SR_UW_04" classname="TestCases.TestCases" time="0">
    <skipped/>
  </testcase>
  <testcase name="SR_UW_05" classname="TestCases.TestCases" time="0">
    <skipped/>
  </testcase>
  <testcase name="SR_UW_06" classname="TestCases.TestCases" time="0">
    <skipped/>
  </testcase>
  <testcase name="SR_UW_07" classname="TestCases.TestCases" time="0">
    <skipped/>
  </testcase>
  <testcase name="SR_UW_08" classname="TestCases.TestCases" time="0">
    <skipped/>
  </testcase>
  <testcase name="SR_UW_09" classname="TestCases.TestCases" time="0">
    <skipped/>
  </testcase>
  <testcase name="SR_UW_10" classname="TestCases.TestCases" time="0">
    <skipped/>
  </testcase>
  <testcase name="SR_UW_13" classname="TestCases.TestCases" time="0">
    <skipped/>
  </testcase>
  <testcase name="SR_UW_14" classname="TestCases.TestCases" time="0">
    <skipped/>
  </testcase>
  <testcase name="SR_UW_15" classname="TestCases.TestCases" time="0">
    <skipped/>
  </testcase>
  <testcase name="SR_UW_16" classname="TestCases.TestCases" time="0">
    <skipped/>
  </testcase>
  <testcase name="SR_UW_19" classname="TestCases.TestCases" time="0">
    <skipped/>
  </testcase>
  <testcase name="SR_UW_20" classname="TestCases.TestCases" time="0">
    <skipped/>
  </testcase>
  <testcase name="SR_BUD_01" classname="TestCases.TestCases" time="0">
    <skipped/>
  </testcase>
  <testcase name="SR_BUD_02" classname="TestCases.TestCases" time="0">
    <skipped/>
  </testcase>
  <testcase name="SR_BUD_03" classname="TestCases.TestCases" time="0">
    <skipped/>
  </testcase>
  <testcase name="SR_BUD_04" classname="TestCases.TestCases" time="0">
    <skipped/>
  </testcase>
  <testcase name="SR_BUD_05" classname="TestCases.TestCases" time="0">
    <skipped/>
  </testcase>
  <testcase name="SR_BUD_06" classname="TestCases.TestCases" time="0">
    <skipped/>
  </testcase>
  <testcase name="SR_BUD_07" classname="TestCases.TestCases" time="0">
    <skipped/>
  </testcase>
  <testcase name="SR_BUD_08" classname="TestCases.TestCases" time="0">
    <skipped/>
  </testcase>
  <testcase name="SR_BUD_09" classname="TestCases.TestCases" time="0">
    <skipped/>
  </testcase>
  <testcase name="SR_BUD_10" classname="TestCases.TestCases" time="0">
    <skipped/>
  </testcase>
  <testcase name="SR_BUD_13" classname="TestCases.TestCases" time="0">
    <skipped/>
  </testcase>
  <testcase name="SR_BUD_14" classname="TestCases.TestCases" time="0">
    <skipped/>
  </testcase>
  <testcase name="SR_BUD_15" classname="TestCases.TestCases" time="0">
    <skipped/>
  </testcase>
  <testcase name="SR_BUD_16" classname="TestCases.TestCases" time="0">
    <skipped/>
  </testcase>
  <testcase name="SR_TTT_01" classname="TestCases.TestCases" time="0">
    <skipped/>
  </testcase>
  <testcase name="SR_TTT_02" classname="TestCases.TestCases" time="0">
    <skipped/>
  </testcase>
  <testcase name="SR_TTT_03" classname="TestCases.TestCases" time="0">
    <skipped/>
  </testcase>
  <testcase name="SR_TTT_04" classname="TestCases.TestCases" time="0">
    <skipped/>
  </testcase>
  <testcase name="SR_TTT_05" classname="TestCases.TestCases" time="0">
    <skipped/>
  </testcase>
  <testcase name="SR_TTT_06" classname="TestCases.TestCases" time="0">
    <skipped/>
  </testcase>
  <testcase name="SR_TTT_07" classname="TestCases.TestCases" time="0">
    <skipped/>
  </testcase>
  <testcase name="SR_TTT_08" classname="TestCases.TestCases" time="0">
    <skipped/>
  </testcase>
  <testcase name="SR_TTT_09" classname="TestCases.TestCases" time="0">
    <skipped/>
  </testcase>
  <testcase name="SR_TTT_10" classname="TestCases.TestCases" time="0">
    <skipped/>
  </testcase>
  <testcase name="SR_TTT_11" classname="TestCases.TestCases" time="0">
    <skipped/>
  </testcase>
  <testcase name="SR_TTT_12" classname="TestCases.TestCases" time="0">
    <skipped/>
  </testcase>
  <testcase name="SR_TTT_13" classname="TestCases.TestCases" time="0">
    <skipped/>
  </testcase>
  <testcase name="SR_TTT_14" classname="TestCases.TestCases" time="0">
    <skipped/>
  </testcase>
  <testcase name="SR_TTT_15" classname="TestCases.TestCases" time="0">
    <skipped/>
  </testcase>
  <testcase name="SR_TTT_16" classname="TestCases.TestCases" time="0">
    <skipped/>
  </testcase>
  <testcase name="SR_TTT_17" classname="TestCases.TestCases" time="0">
    <skipped/>
  </testcase>
  <testcase name="SR_TBS_01" classname="TestCases.TestCases" time="0">
    <skipped/>
  </testcase>
  <testcase name="SR_TBS_02" classname="TestCases.TestCases" time="0">
    <skipped/>
  </testcase>
  <testcase name="SR_TBS_03" classname="TestCases.TestCases" time="0">
    <skipped/>
  </testcase>
  <testcase name="SR_TBS_04" classname="TestCases.TestCases" time="0">
    <skipped/>
  </testcase>
  <testcase name="SR_TBS_05" classname="TestCases.TestCases" time="0">
    <skipped/>
  </testcase>
  <testcase name="SR_TBS_06" classname="TestCases.TestCases" time="0">
    <skipped/>
  </testcase>
  <testcase name="SR_TBS_07" classname="TestCases.TestCases" time="0">
    <skipped/>
  </testcase>
  <testcase name="SR_TBS_08" classname="TestCases.TestCases" time="0">
    <skipped/>
  </testcase>
  <testcase name="SR_TBS_09" classname="TestCases.TestCases" time="0">
    <skipped/>
  </testcase>
  <testcase name="SR_TBS_10" classname="TestCases.TestCases" time="0">
    <skipped/>
  </testcase>
  <testcase name="SR_TBS_11" classname="TestCases.TestCases" time="0">
    <skipped/>
  </testcase>
  <testcase name="SR_TBS_12" classname="TestCases.TestCases" time="0">
    <skipped/>
  </testcase>
  <testcase name="SR_TBS_13" classname="TestCases.TestCases" time="0">
    <skipped/>
  </testcase>
  <testcase name="SR_TBS_14" classname="TestCases.TestCases" time="0">
    <skipped/>
  </testcase>
  <testcase name="SR_TBS_15" classname="TestCases.TestCases" time="0">
    <skipped/>
  </testcase>
  <testcase name="SR_TBS_16" classname="TestCases.TestCases" time="0">
    <skipped/>
  </testcase>
  <testcase name="SR_TBS_17" classname="TestCases.TestCases" time="0">
    <skipped/>
  </testcase>
  <testcase name="AR_RT_01" classname="TestCases.TestCases" time="0">
    <skipped/>
  </testcase>
  <testcase name="AR_RT_02" classname="TestCases.TestCases" time="0">
    <skipped/>
  </testcase>
  <testcase name="AR_RT_03" classname="TestCases.TestCases" time="0">
    <skipped/>
  </testcase>
  <testcase name="AR_RT_04" classname="TestCases.TestCases" time="0">
    <skipped/>
  </testcase>
  <testcase name="AR_RT_05" classname="TestCases.TestCases" time="0">
    <skipped/>
  </testcase>
  <testcase name="AR_RT_06" classname="TestCases.TestCases" time="0">
    <skipped/>
  </testcase>
  <testcase name="AR_RT_07" classname="TestCases.TestCases" time="0">
    <skipped/>
  </testcase>
  <testcase name="AR_RT_08" classname="TestCases.TestCases" time="0">
    <skipped/>
  </testcase>
  <testcase name="AR_RT_09" classname="TestCases.TestCases" time="0">
    <skipped/>
  </testcase>
  <testcase name="AR_RT_10" classname="TestCases.TestCases" time="0">
    <skipped/>
  </testcase>
  <testcase name="AR_RT_11" classname="TestCases.TestCases" time="0">
    <skipped/>
  </testcase>
  <testcase name="AR_RT_12" classname="TestCases.TestCases" time="0">
    <skipped/>
  </testcase>
  <testcase name="AR_RT_13" classname="TestCases.TestCases" time="0">
    <skipped/>
  </testcase>
  <testcase name="AR_RT_14" classname="TestCases.TestCases" time="0">
    <skipped/>
  </testcase>
  <testcase name="AR_RT_15" classname="TestCases.TestCases" time="0">
    <skipped/>
  </testcase>
  <testcase name="AR_RT_16" classname="TestCases.TestCases" time="0">
    <skipped/>
  </testcase>
  <testcase name="AR_UD_01" classname="TestCases.TestCases" time="0">
    <skipped/>
  </testcase>
  <testcase name="AR_UD_02" classname="TestCases.TestCases" time="0">
    <skipped/>
  </testcase>
  <testcase name="AR_UD_03" classname="TestCases.TestCases" time="0">
    <skipped/>
  </testcase>
  <testcase name="AR_UD_04" classname="TestCases.TestCases" time="0">
    <skipped/>
  </testcase>
  <testcase name="AR_UD_05" classname="TestCases.TestCases" time="0">
    <skipped/>
  </testcase>
  <testcase name="AR_UD_06" classname="TestCases.TestCases" time="0">
    <skipped/>
  </testcase>
  <testcase name="AR_UD_07" classname="TestCases.TestCases" time="0">
    <skipped/>
  </testcase>
  <testcase name="AR_UD_08" classname="TestCases.TestCases" time="0">
    <skipped/>
  </testcase>
  <testcase name="AR_UD_09" classname="TestCases.TestCases" time="0">
    <skipped/>
  </testcase>
  <testcase name="AR_UD_10" classname="TestCases.TestCases" time="0">
    <skipped/>
  </testcase>
  <testcase name="AR_UD_13" classname="TestCases.TestCases" time="0">
    <skipped/>
  </testcase>
  <testcase name="AR_UD_14" classname="TestCases.TestCases" time="0">
    <skipped/>
  </testcase>
  <testcase name="AR_UD_15" classname="TestCases.TestCases" time="0">
    <skipped/>
  </testcase>
  <testcase name="AR_UD_16" classname="TestCases.TestCases" time="0">
    <skipped/>
  </testcase>
  <testcase name="AR_SA_01" classname="TestCases.TestCases" time="0">
    <skipped/>
  </testcase>
  <testcase name="AR_SA_02" classname="TestCases.TestCases" time="0">
    <skipped/>
  </testcase>
  <testcase name="AR_SA_03" classname="TestCases.TestCases" time="0">
    <skipped/>
  </testcase>
  <testcase name="AR_SA_04" classname="TestCases.TestCases" time="0">
    <skipped/>
  </testcase>
  <testcase name="AR_SA_05" classname="TestCases.TestCases" time="0">
    <skipped/>
  </testcase>
  <testcase name="AR_SA_06" classname="TestCases.TestCases" time="0">
    <skipped/>
  </testcase>
  <testcase name="AR_SA_07" classname="TestCases.TestCases" time="0">
    <skipped/>
  </testcase>
  <testcase name="AR_SA_08" classname="TestCases.TestCases" time="0">
    <skipped/>
  </testcase>
  <testcase name="AR_SA_09" classname="TestCases.TestCases" time="0">
    <skipped/>
  </testcase>
  <testcase name="AR_SA_10" classname="TestCases.TestCases" time="0">
    <skipped/>
  </testcase>
  <testcase name="AR_SA_11" classname="TestCases.TestCases" time="0">
    <skipped/>
  </testcase>
  <testcase name="AR_SA_12" classname="TestCases.TestCases" time="0">
    <skipped/>
  </testcase>
  <testcase name="AR_SA_13" classname="TestCases.TestCases" time="0">
    <skipped/>
  </testcase>
  <testcase name="AR_SA_14" classname="TestCases.TestCases" time="0">
    <skipped/>
  </testcase>
  <testcase name="AR_SA_15" classname="TestCases.TestCases" time="0">
    <skipped/>
  </testcase>
  <testcase name="AR_SA_16" classname="TestCases.TestCases" time="0">
    <skipped/>
  </testcase>
  <testcase name="AR_SA_19" classname="TestCases.TestCases" time="0">
    <skipped/>
  </testcase>
  <testcase name="AR_SA_20" classname="TestCases.TestCases" time="0">
    <skipped/>
  </testcase>
  <testcase name="AR_SA_21" classname="TestCases.TestCases" time="0">
    <skipped/>
  </testcase>
  <testcase name="AR_CED_01" classname="TestCases.TestCases" time="0">
    <skipped/>
  </testcase>
  <testcase name="AR_CED_02" classname="TestCases.TestCases" time="0">
    <skipped/>
  </testcase>
  <testcase name="AR_CED_03" classname="TestCases.TestCases" time="0">
    <skipped/>
  </testcase>
  <testcase name="AR_CED_04" classname="TestCases.TestCases" time="0">
    <skipped/>
  </testcase>
  <testcase name="AR_CED_05" classname="TestCases.TestCases" time="0">
    <skipped/>
  </testcase>
  <testcase name="AR_CED_06" classname="TestCases.TestCases" time="0">
    <skipped/>
  </testcase>
  <testcase name="AR_CED_07" classname="TestCases.TestCases" time="0">
    <skipped/>
  </testcase>
  <testcase name="AR_CED_08" classname="TestCases.TestCases" time="0">
    <skipped/>
  </testcase>
  <testcase name="AR_CED_09" classname="TestCases.TestCases" time="0">
    <skipped/>
  </testcase>
  <testcase name="AR_CED_10" classname="TestCases.TestCases" time="0">
    <skipped/>
  </testcase>
  <testcase name="AR_CED_11" classname="TestCases.TestCases" time="0">
    <skipped/>
  </testcase>
  <testcase name="AR_CED_12" classname="TestCases.TestCases" time="0">
    <skipped/>
  </testcase>
  <testcase name="AR_CED_13" classname="TestCases.TestCases" time="0">
    <skipped/>
  </testcase>
  <testcase name="AR_CED_14" classname="TestCases.TestCases" time="0">
    <skipped/>
  </testcase>
  <testcase name="AR_CED_15" classname="TestCases.TestCases" time="0">
    <skipped/>
  </testcase>
  <testcase name="AR_CED_16" classname="TestCases.TestCases" time="0">
    <skipped/>
  </testcase>
  <testcase name="AR_GD_01" classname="TestCases.TestCases" time="0">
    <skipped/>
  </testcase>
  <testcase name="AR_GD_02" classname="TestCases.TestCases" time="0">
    <skipped/>
  </testcase>
  <testcase name="AR_GD_03" classname="TestCases.TestCases" time="0">
    <skipped/>
  </testcase>
  <testcase name="AR_GD_04" classname="TestCases.TestCases" time="0">
    <skipped/>
  </testcase>
  <testcase name="AR_GD_05" classname="TestCases.TestCases" time="0">
    <skipped/>
  </testcase>
  <testcase name="AR_GD_06" classname="TestCases.TestCases" time="0">
    <skipped/>
  </testcase>
  <testcase name="AR_GD_07" classname="TestCases.TestCases" time="0">
    <skipped/>
  </testcase>
  <testcase name="AR_GD_08" classname="TestCases.TestCases" time="0">
    <skipped/>
  </testcase>
  <testcase name="AR_GD_09" classname="TestCases.TestCases" time="0">
    <skipped/>
  </testcase>
  <testcase name="AR_GD_10" classname="TestCases.TestCases" time="0">
    <skipped/>
  </testcase>
  <testcase name="AR_GD_11" classname="TestCases.TestCases" time="0">
    <skipped/>
  </testcase>
  <testcase name="AR_GD_12" classname="TestCases.TestCases" time="0">
    <skipped/>
  </testcase>
  <testcase name="AR_GD_13" classname="TestCases.TestCases" time="0">
    <skipped/>
  </testcase>
  <testcase name="AR_GD_14" classname="TestCases.TestCases" time="0">
    <skipped/>
  </testcase>
  <testcase name="AR_GD_15" classname="TestCases.TestCases" time="0">
    <skipped/>
  </testcase>
  <testcase name="AR_GD_16" classname="TestCases.TestCases" time="0">
    <skipped/>
  </testcase>
  <testcase name="AR_OB_01" classname="TestCases.TestCases" time="0">
    <skipped/>
  </testcase>
  <testcase name="AR_OB_02" classname="TestCases.TestCases" time="0">
    <skipped/>
  </testcase>
  <testcase name="AR_OB_03" classname="TestCases.TestCases" time="0">
    <skipped/>
  </testcase>
  <testcase name="AR_OB_04" classname="TestCases.TestCases" time="0">
    <skipped/>
  </testcase>
  <testcase name="AR_OB_05" classname="TestCases.TestCases" time="0">
    <skipped/>
  </testcase>
  <testcase name="AR_OB_06" classname="TestCases.TestCases" time="0">
    <skipped/>
  </testcase>
  <testcase name="AR_OB_07" classname="TestCases.TestCases" time="0">
    <skipped/>
  </testcase>
  <testcase name="AR_OB_08" classname="TestCases.TestCases" time="0">
    <skipped/>
  </testcase>
  <testcase name="AR_OB_09" classname="TestCases.TestCases" time="0">
    <skipped/>
  </testcase>
  <testcase name="AR_OB_10" classname="TestCases.TestCases" time="0">
    <skipped/>
  </testcase>
  <testcase name="AR_OB_11" classname="TestCases.TestCases" time="0">
    <skipped/>
  </testcase>
  <testcase name="AR_OB_12" classname="TestCases.TestCases" time="0">
    <skipped/>
  </testcase>
  <testcase name="AR_OB_13" classname="TestCases.TestCases" time="0">
    <skipped/>
  </testcase>
  <testcase name="AR_OB_14" classname="TestCases.TestCases" time="0">
    <skipped/>
  </testcase>
  <testcase name="AR_OB_15" classname="TestCases.TestCases" time="0">
    <skipped/>
  </testcase>
  <testcase name="AR_OB_16" classname="TestCases.TestCases" time="0">
    <skipped/>
  </testcase>
  <testcase name="AR_YTCR_01" classname="TestCases.TestCases" time="0">
    <skipped/>
  </testcase>
  <testcase name="AR_YTCR_02" classname="TestCases.TestCases" time="0">
    <skipped/>
  </testcase>
  <testcase name="AR_YTCR_03" classname="TestCases.TestCases" time="0">
    <skipped/>
  </testcase>
  <testcase name="AR_YTCR_04" classname="TestCases.TestCases" time="0">
    <skipped/>
  </testcase>
  <testcase name="AR_YTCR_05" classname="TestCases.TestCases" time="0">
    <skipped/>
  </testcase>
  <testcase name="AR_YTCR_06" classname="TestCases.TestCases" time="0">
    <skipped/>
  </testcase>
  <testcase name="AR_YTCR_07" classname="TestCases.TestCases" time="0">
    <skipped/>
  </testcase>
  <testcase name="AR_YTCR_08" classname="TestCases.TestCases" time="0">
    <skipped/>
  </testcase>
  <testcase name="AR_YTCR_09" classname="TestCases.TestCases" time="0">
    <skipped/>
  </testcase>
  <testcase name="AR_YTCR_10" classname="TestCases.TestCases" time="0">
    <skipped/>
  </testcase>
  <testcase name="AR_YTCR_13" classname="TestCases.TestCases" time="0">
    <skipped/>
  </testcase>
  <testcase name="AR_YTCR_14" classname="TestCases.TestCases" time="0">
    <skipped/>
  </testcase>
  <testcase name="AR_YTCR_15" classname="TestCases.TestCases" time="0">
    <skipped/>
  </testcase>
  <testcase name="AR_YTCR_16" classname="TestCases.TestCases" time="0">
    <skipped/>
  </testcase>
  <testcase name="AR_YTCR_17" classname="TestCases.TestCases" time="0">
    <skipped/>
  </testcase>
  <testcase name="AR_WSM_01" classname="TestCases.TestCases" time="0">
    <skipped/>
  </testcase>
  <testcase name="AR_WSM_02" classname="TestCases.TestCases" time="0">
    <skipped/>
  </testcase>
  <testcase name="AR_WSM_03" classname="TestCases.TestCases" time="0">
    <skipped/>
  </testcase>
  <testcase name="AR_WSM_04" classname="TestCases.TestCases" time="0">
    <skipped/>
  </testcase>
  <testcase name="AR_WSM_05" classname="TestCases.TestCases" time="0">
    <skipped/>
  </testcase>
  <testcase name="AR_WSM_06" classname="TestCases.TestCases" time="0">
    <skipped/>
  </testcase>
  <testcase name="AR_WSM_07" classname="TestCases.TestCases" time="0">
    <skipped/>
  </testcase>
  <testcase name="AR_WSM_08" classname="TestCases.TestCases" time="0">
    <skipped/>
  </testcase>
  <testcase name="AR_WSM_09" classname="TestCases.TestCases" time="0">
    <skipped/>
  </testcase>
  <testcase name="AR_WSM_10" classname="TestCases.TestCases" time="0">
    <skipped/>
  </testcase>
  <testcase name="AR_WSM_13" classname="TestCases.TestCases" time="0">
    <skipped/>
  </testcase>
  <testcase name="AR_WSM_14" classname="TestCases.TestCases" time="0">
    <skipped/>
  </testcase>
  <testcase name="AR_WSM_15" classname="TestCases.TestCases" time="0">
    <skipped/>
  </testcase>
  <testcase name="AR_WSM_16" classname="TestCases.TestCases" time="0">
    <skipped/>
  </testcase>
  <testcase name="TC_Logout" classname="TestCases.TestCases" time="0">
    <skipped/>
  </testcase>
  <testcase name="closeSessions" classname="TestCases.TestCases" time="0">
    <skipped/>
  </testcase>
</testsuite>