<?xml version="1.0" encoding="UTF-8"?>
<testsuite xmlns:xsi="http://www.w3.org/2001/XMLSchema-instance" xsi:noNamespaceSchemaLocation="https://maven.apache.org/surefire/maven-surefire-plugin/xsd/surefire-test-report-3.0.xsd" version="3.0" name="TestSuite" time="17.913" tests="214" errors="0" skipped="213" failures="1">
  <properties>
    <property name="sun.desktop" value="windows"/>
    <property name="awt.toolkit" value="sun.awt.windows.WToolkit"/>
    <property name="testNGFile" value="Regression_TestNG.xml"/>
    <property name="java.specification.version" value="1.8"/>
    <property name="file.encoding.pkg" value="sun.io"/>
    <property name="sun.cpu.isalist" value="amd64"/>
    <property name="sun.jnu.encoding" value="Cp1252"/>
    <property name="java.class.path" value="E:\Naveenkumar-11568\REPORTSautomation\ScriptVersions\Script6\target\test-classes;E:\Naveenkumar-11568\REPORTSautomation\ScriptVersions\Script6\target\classes;C:\Users\NThimmaiah\.m2\repository\com\iSafe\maven\iSafe\1.0\iSafe-1.0.jar;C:\Users\NThimmaiah\.m2\repository\org\json\json\20180130\json-20180130.jar;C:\Users\NThimmaiah\.m2\repository\org\apache\clerezza\ext\org.json.simple\0.4\org.json.simple-0.4.jar;C:\Users\NThimmaiah\.m2\repository\com\googlecode\json-simple\json-simple\1.1\json-simple-1.1.jar;C:\Users\NThimmaiah\.m2\repository\org\apache\directory\studio\org.apache.commons.lang\2.6\org.apache.commons.lang-2.6.jar;C:\Users\NThimmaiah\.m2\repository\commons-lang\commons-lang\2.6\commons-lang-2.6.jar;C:\Users\NThimmaiah\.m2\repository\org\apache\poi\poi\3.17\poi-3.17.jar;C:\Users\NThimmaiah\.m2\repository\commons-codec\commons-codec\1.10\commons-codec-1.10.jar;C:\Users\NThimmaiah\.m2\repository\org\apache\commons\commons-collections4\4.1\commons-collections4-4.1.jar;C:\Users\NThimmaiah\.m2\repository\org\apache\poi\poi-ooxml\3.17\poi-ooxml-3.17.jar;C:\Users\NThimmaiah\.m2\repository\org\apache\poi\poi-ooxml-schemas\3.17\poi-ooxml-schemas-3.17.jar;C:\Users\NThimmaiah\.m2\repository\org\apache\xmlbeans\xmlbeans\2.6.0\xmlbeans-2.6.0.jar;C:\Users\NThimmaiah\.m2\repository\stax\stax-api\1.0.1\stax-api-1.0.1.jar;C:\Users\NThimmaiah\.m2\repository\com\github\virtuald\curvesapi\1.04\curvesapi-1.04.jar;C:\Users\NThimmaiah\.m2\repository\org\seleniumhq\selenium\selenium-java\3.6.0\selenium-java-3.6.0.jar;C:\Users\NThimmaiah\.m2\repository\org\seleniumhq\selenium\selenium-api\3.6.0\selenium-api-3.6.0.jar;C:\Users\NThimmaiah\.m2\repository\org\seleniumhq\selenium\selenium-edge-driver\3.6.0\selenium-edge-driver-3.6.0.jar;C:\Users\NThimmaiah\.m2\repository\org\seleniumhq\selenium\selenium-firefox-driver\3.6.0\selenium-firefox-driver-3.6.0.jar;C:\Users\NThimmaiah\.m2\repository\org\seleniumhq\selenium\selenium-ie-driver\3.6.0\selenium-ie-driver-3.6.0.jar;C:\Users\NThimmaiah\.m2\repository\org\seleniumhq\selenium\selenium-opera-driver\3.6.0\selenium-opera-driver-3.6.0.jar;C:\Users\NThimmaiah\.m2\repository\org\seleniumhq\selenium\selenium-remote-driver\3.6.0\selenium-remote-driver-3.6.0.jar;C:\Users\NThimmaiah\.m2\repository\org\seleniumhq\selenium\selenium-safari-driver\3.6.0\selenium-safari-driver-3.6.0.jar;C:\Users\NThimmaiah\.m2\repository\org\seleniumhq\selenium\selenium-support\3.6.0\selenium-support-3.6.0.jar;C:\Users\NThimmaiah\.m2\repository\net\bytebuddy\byte-buddy\1.7.5\byte-buddy-1.7.5.jar;C:\Users\NThimmaiah\.m2\repository\org\apache\commons\commons-exec\1.3\commons-exec-1.3.jar;C:\Users\NThimmaiah\.m2\repository\commons-logging\commons-logging\1.2\commons-logging-1.2.jar;C:\Users\NThimmaiah\.m2\repository\com\google\code\gson\gson\2.8.0\gson-2.8.0.jar;C:\Users\NThimmaiah\.m2\repository\com\google\guava\guava\23.0\guava-23.0.jar;C:\Users\NThimmaiah\.m2\repository\com\google\code\findbugs\jsr305\1.3.9\jsr305-1.3.9.jar;C:\Users\NThimmaiah\.m2\repository\com\google\errorprone\error_prone_annotations\2.0.18\error_prone_annotations-2.0.18.jar;C:\Users\NThimmaiah\.m2\repository\com\google\j2objc\j2objc-annotations\1.1\j2objc-annotations-1.1.jar;C:\Users\NThimmaiah\.m2\repository\org\codehaus\mojo\animal-sniffer-annotations\1.14\animal-sniffer-annotations-1.14.jar;C:\Users\NThimmaiah\.m2\repository\org\apache\httpcomponents\httpclient\4.5.3\httpclient-4.5.3.jar;C:\Users\NThimmaiah\.m2\repository\org\apache\httpcomponents\httpcore\4.4.6\httpcore-4.4.6.jar;C:\Users\NThimmaiah\.m2\repository\net\java\dev\jna\jna\4.1.0\jna-4.1.0.jar;C:\Users\NThimmaiah\.m2\repository\net\java\dev\jna\jna-platform\4.1.0\jna-platform-4.1.0.jar;C:\Users\NThimmaiah\.m2\repository\org\testng\testng\6.10\testng-6.10.jar;C:\Users\NThimmaiah\.m2\repository\com\beust\jcommander\1.48\jcommander-1.48.jar;C:\Users\NThimmaiah\.m2\repository\io\appium\java-client\5.0.0-BETA6\java-client-5.0.0-BETA6.jar;C:\Users\NThimmaiah\.m2\repository\cglib\cglib\3.2.4\cglib-3.2.4.jar;C:\Users\NThimmaiah\.m2\repository\org\ow2\asm\asm\5.1\asm-5.1.jar;C:\Users\NThimmaiah\.m2\repository\org\apache\ant\ant\1.9.6\ant-1.9.6.jar;C:\Users\NThimmaiah\.m2\repository\org\apache\ant\ant-launcher\1.9.6\ant-launcher-1.9.6.jar;C:\Users\NThimmaiah\.m2\repository\commons-validator\commons-validator\1.5.1\commons-validator-1.5.1.jar;C:\Users\NThimmaiah\.m2\repository\commons-beanutils\commons-beanutils\1.9.2\commons-beanutils-1.9.2.jar;C:\Users\NThimmaiah\.m2\repository\commons-digester\commons-digester\1.8.1\commons-digester-1.8.1.jar;C:\Users\NThimmaiah\.m2\repository\commons-collections\commons-collections\3.2.2\commons-collections-3.2.2.jar;C:\Users\NThimmaiah\.m2\repository\org\apache\commons\commons-lang3\3.5\commons-lang3-3.5.jar;C:\Users\NThimmaiah\.m2\repository\commons-io\commons-io\2.5\commons-io-2.5.jar;C:\Users\NThimmaiah\.m2\repository\org\springframework\spring-context\4.3.5.RELEASE\spring-context-4.3.5.RELEASE.jar;C:\Users\NThimmaiah\.m2\repository\org\springframework\spring-aop\4.3.5.RELEASE\spring-aop-4.3.5.RELEASE.jar;C:\Users\NThimmaiah\.m2\repository\org\springframework\spring-beans\4.3.5.RELEASE\spring-beans-4.3.5.RELEASE.jar;C:\Users\NThimmaiah\.m2\repository\org\springframework\spring-core\4.3.5.RELEASE\spring-core-4.3.5.RELEASE.jar;C:\Users\NThimmaiah\.m2\repository\org\springframework\spring-expression\4.3.5.RELEASE\spring-expression-4.3.5.RELEASE.jar;C:\Users\NThimmaiah\.m2\repository\org\aspectj\aspectjweaver\1.8.10\aspectjweaver-1.8.10.jar;C:\Users\NThimmaiah\.m2\repository\log4j\log4j\1.2.17\log4j-1.2.17.jar;C:\Users\NThimmaiah\.m2\repository\net\sourceforge\jexcelapi\jxl\2.6.12\jxl-2.6.12.jar;C:\Users\NThimmaiah\.m2\repository\javax\mail\javax.mail-api\1.6.0-rc2\javax.mail-api-1.6.0-rc2.jar;C:\Users\NThimmaiah\.m2\repository\org\seleniumhq\selenium\selenium-chrome-driver\3.4.0\selenium-chrome-driver-3.4.0.jar;C:\Users\NThimmaiah\.m2\repository\cglib\cglib-nodep\3.2.4\cglib-nodep-3.2.4.jar;"/>
    <property name="java.vm.vendor" value="Oracle Corporation"/>
    <property name="screenshotPath" value="E:\Naveenkumar-11568\REPORTSautomation\ScriptVersions\Script6/SureFireReports/20210203-070541/Screenshots"/>
    <property name="sun.arch.data.model" value="64"/>
    <property name="user.variant" value=""/>
    <property name="java.vendor.url" value="http://java.oracle.com/"/>
    <property name="user.timezone" value="Asia/Calcutta"/>
    <property name="environmentName" value="LOCAL"/>
    <property name="java.vm.specification.version" value="1.8"/>
    <property name="os.name" value="Windows 10"/>
    <property name="user.country" value="IN"/>
    <property name="sun.java.launcher" value="SUN_STANDARD"/>
    <property name="suiteName" value=""/>
    <property name="environmentURL" value="https://uat.xcmsolutions.com/xcmv2/account/login?ReturnUrl=%2Fxcmv2%2F"/>
    <property name="sun.boot.library.path" value="C:\Program Files\Java\jre1.8.0_191\bin"/>
    <property name="sun.java.command" value="C:\Users\NThimmaiah\AppData\Local\Temp\surefire7403064570104686640\surefirebooter8687606477273905282.jar C:\Users\NThimmaiah\AppData\Local\Temp\surefire7403064570104686640 2021-02-03T12-35-45_573-jvmRun1 surefire4978129271329927542tmp surefire_01341793606046846163tmp"/>
    <property name="surefire.test.class.path" value="E:\Naveenkumar-11568\REPORTSautomation\ScriptVersions\Script6\target\test-classes;E:\Naveenkumar-11568\REPORTSautomation\ScriptVersions\Script6\target\classes;C:\Users\NThimmaiah\.m2\repository\com\iSafe\maven\iSafe\1.0\iSafe-1.0.jar;C:\Users\NThimmaiah\.m2\repository\org\json\json\20180130\json-20180130.jar;C:\Users\NThimmaiah\.m2\repository\org\apache\clerezza\ext\org.json.simple\0.4\org.json.simple-0.4.jar;C:\Users\NThimmaiah\.m2\repository\com\googlecode\json-simple\json-simple\1.1\json-simple-1.1.jar;C:\Users\NThimmaiah\.m2\repository\org\apache\directory\studio\org.apache.commons.lang\2.6\org.apache.commons.lang-2.6.jar;C:\Users\NThimmaiah\.m2\repository\commons-lang\commons-lang\2.6\commons-lang-2.6.jar;C:\Users\NThimmaiah\.m2\repository\org\apache\poi\poi\3.17\poi-3.17.jar;C:\Users\NThimmaiah\.m2\repository\commons-codec\commons-codec\1.10\commons-codec-1.10.jar;C:\Users\NThimmaiah\.m2\repository\org\apache\commons\commons-collections4\4.1\commons-collections4-4.1.jar;C:\Users\NThimmaiah\.m2\repository\org\apache\poi\poi-ooxml\3.17\poi-ooxml-3.17.jar;C:\Users\NThimmaiah\.m2\repository\org\apache\poi\poi-ooxml-schemas\3.17\poi-ooxml-schemas-3.17.jar;C:\Users\NThimmaiah\.m2\repository\org\apache\xmlbeans\xmlbeans\2.6.0\xmlbeans-2.6.0.jar;C:\Users\NThimmaiah\.m2\repository\stax\stax-api\1.0.1\stax-api-1.0.1.jar;C:\Users\NThimmaiah\.m2\repository\com\github\virtuald\curvesapi\1.04\curvesapi-1.04.jar;C:\Users\NThimmaiah\.m2\repository\org\seleniumhq\selenium\selenium-java\3.6.0\selenium-java-3.6.0.jar;C:\Users\NThimmaiah\.m2\repository\org\seleniumhq\selenium\selenium-api\3.6.0\selenium-api-3.6.0.jar;C:\Users\NThimmaiah\.m2\repository\org\seleniumhq\selenium\selenium-edge-driver\3.6.0\selenium-edge-driver-3.6.0.jar;C:\Users\NThimmaiah\.m2\repository\org\seleniumhq\selenium\selenium-firefox-driver\3.6.0\selenium-firefox-driver-3.6.0.jar;C:\Users\NThimmaiah\.m2\repository\org\seleniumhq\selenium\selenium-ie-driver\3.6.0\selenium-ie-driver-3.6.0.jar;C:\Users\NThimmaiah\.m2\repository\org\seleniumhq\selenium\selenium-opera-driver\3.6.0\selenium-opera-driver-3.6.0.jar;C:\Users\NThimmaiah\.m2\repository\org\seleniumhq\selenium\selenium-remote-driver\3.6.0\selenium-remote-driver-3.6.0.jar;C:\Users\NThimmaiah\.m2\repository\org\seleniumhq\selenium\selenium-safari-driver\3.6.0\selenium-safari-driver-3.6.0.jar;C:\Users\NThimmaiah\.m2\repository\org\seleniumhq\selenium\selenium-support\3.6.0\selenium-support-3.6.0.jar;C:\Users\NThimmaiah\.m2\repository\net\bytebuddy\byte-buddy\1.7.5\byte-buddy-1.7.5.jar;C:\Users\NThimmaiah\.m2\repository\org\apache\commons\commons-exec\1.3\commons-exec-1.3.jar;C:\Users\NThimmaiah\.m2\repository\commons-logging\commons-logging\1.2\commons-logging-1.2.jar;C:\Users\NThimmaiah\.m2\repository\com\google\code\gson\gson\2.8.0\gson-2.8.0.jar;C:\Users\NThimmaiah\.m2\repository\com\google\guava\guava\23.0\guava-23.0.jar;C:\Users\NThimmaiah\.m2\repository\com\google\code\findbugs\jsr305\1.3.9\jsr305-1.3.9.jar;C:\Users\NThimmaiah\.m2\repository\com\google\errorprone\error_prone_annotations\2.0.18\error_prone_annotations-2.0.18.jar;C:\Users\NThimmaiah\.m2\repository\com\google\j2objc\j2objc-annotations\1.1\j2objc-annotations-1.1.jar;C:\Users\NThimmaiah\.m2\repository\org\codehaus\mojo\animal-sniffer-annotations\1.14\animal-sniffer-annotations-1.14.jar;C:\Users\NThimmaiah\.m2\repository\org\apache\httpcomponents\httpclient\4.5.3\httpclient-4.5.3.jar;C:\Users\NThimmaiah\.m2\repository\org\apache\httpcomponents\httpcore\4.4.6\httpcore-4.4.6.jar;C:\Users\NThimmaiah\.m2\repository\net\java\dev\jna\jna\4.1.0\jna-4.1.0.jar;C:\Users\NThimmaiah\.m2\repository\net\java\dev\jna\jna-platform\4.1.0\jna-platform-4.1.0.jar;C:\Users\NThimmaiah\.m2\repository\org\testng\testng\6.10\testng-6.10.jar;C:\Users\NThimmaiah\.m2\repository\com\beust\jcommander\1.48\jcommander-1.48.jar;C:\Users\NThimmaiah\.m2\repository\io\appium\java-client\5.0.0-BETA6\java-client-5.0.0-BETA6.jar;C:\Users\NThimmaiah\.m2\repository\cglib\cglib\3.2.4\cglib-3.2.4.jar;C:\Users\NThimmaiah\.m2\repository\org\ow2\asm\asm\5.1\asm-5.1.jar;C:\Users\NThimmaiah\.m2\repository\org\apache\ant\ant\1.9.6\ant-1.9.6.jar;C:\Users\NThimmaiah\.m2\repository\org\apache\ant\ant-launcher\1.9.6\ant-launcher-1.9.6.jar;C:\Users\NThimmaiah\.m2\repository\commons-validator\commons-validator\1.5.1\commons-validator-1.5.1.jar;C:\Users\NThimmaiah\.m2\repository\commons-beanutils\commons-beanutils\1.9.2\commons-beanutils-1.9.2.jar;C:\Users\NThimmaiah\.m2\repository\commons-digester\commons-digester\1.8.1\commons-digester-1.8.1.jar;C:\Users\NThimmaiah\.m2\repository\commons-collections\commons-collections\3.2.2\commons-collections-3.2.2.jar;C:\Users\NThimmaiah\.m2\repository\org\apache\commons\commons-lang3\3.5\commons-lang3-3.5.jar;C:\Users\NThimmaiah\.m2\repository\commons-io\commons-io\2.5\commons-io-2.5.jar;C:\Users\NThimmaiah\.m2\repository\org\springframework\spring-context\4.3.5.RELEASE\spring-context-4.3.5.RELEASE.jar;C:\Users\NThimmaiah\.m2\repository\org\springframework\spring-aop\4.3.5.RELEASE\spring-aop-4.3.5.RELEASE.jar;C:\Users\NThimmaiah\.m2\repository\org\springframework\spring-beans\4.3.5.RELEASE\spring-beans-4.3.5.RELEASE.jar;C:\Users\NThimmaiah\.m2\repository\org\springframework\spring-core\4.3.5.RELEASE\spring-core-4.3.5.RELEASE.jar;C:\Users\NThimmaiah\.m2\repository\org\springframework\spring-expression\4.3.5.RELEASE\spring-expression-4.3.5.RELEASE.jar;C:\Users\NThimmaiah\.m2\repository\org\aspectj\aspectjweaver\1.8.10\aspectjweaver-1.8.10.jar;C:\Users\NThimmaiah\.m2\repository\log4j\log4j\1.2.17\log4j-1.2.17.jar;C:\Users\NThimmaiah\.m2\repository\net\sourceforge\jexcelapi\jxl\2.6.12\jxl-2.6.12.jar;C:\Users\NThimmaiah\.m2\repository\javax\mail\javax.mail-api\1.6.0-rc2\javax.mail-api-1.6.0-rc2.jar;C:\Users\NThimmaiah\.m2\repository\org\seleniumhq\selenium\selenium-chrome-driver\3.4.0\selenium-chrome-driver-3.4.0.jar;C:\Users\NThimmaiah\.m2\repository\cglib\cglib-nodep\3.2.4\cglib-nodep-3.2.4.jar;"/>
    <property name="sun.cpu.endian" value="little"/>
    <property name="user.home" value="C:\Users\NThimmaiah"/>
    <property name="user.language" value="en"/>
    <property name="java.specification.vendor" value="Oracle Corporation"/>
    <property name="java.home" value="C:\Program Files\Java\jre1.8.0_191"/>
    <property name="basedir" value="E:\Naveenkumar-11568\REPORTSautomation\ScriptVersions\Script6"/>
    <property name="file.separator" value="\"/>
    <property name="line.separator" value="&#10;"/>
    <property name="java.vm.specification.vendor" value="Oracle Corporation"/>
    <property name="java.specification.name" value="Java Platform API Specification"/>
    <property name="java.awt.graphicsenv" value="sun.awt.Win32GraphicsEnvironment"/>
    <property name="surefire.real.class.path" value="C:\Users\NThimmaiah\AppData\Local\Temp\surefire7403064570104686640\surefirebooter8687606477273905282.jar"/>
    <property name="sun.boot.class.path" value="C:\Program Files\Java\jre1.8.0_191\lib\resources.jar;C:\Program Files\Java\jre1.8.0_191\lib\rt.jar;C:\Program Files\Java\jre1.8.0_191\lib\sunrsasign.jar;C:\Program Files\Java\jre1.8.0_191\lib\jsse.jar;C:\Program Files\Java\jre1.8.0_191\lib\jce.jar;C:\Program Files\Java\jre1.8.0_191\lib\charsets.jar;C:\Program Files\Java\jre1.8.0_191\lib\jfr.jar;C:\Program Files\Java\jre1.8.0_191\classes"/>
    <property name="user.script" value=""/>
    <property name="sun.management.compiler" value="HotSpot 64-Bit Tiered Compilers"/>
    <property name="java.runtime.version" value="1.8.0_191-b12"/>
    <property name="user.name" value="NThimmaiah"/>
    <property name="path.separator" value=";"/>
    <property name="os.version" value="10.0"/>
    <property name="java.endorsed.dirs" value="C:\Program Files\Java\jre1.8.0_191\lib\endorsed"/>
    <property name="java.runtime.name" value="Java(TM) SE Runtime Environment"/>
    <property name="file.encoding" value="Cp1252"/>
    <property name="java.vm.name" value="Java HotSpot(TM) 64-Bit Server VM"/>
    <property name="localRepository" value="C:\Users\NThimmaiah\.m2\repository"/>
    <property name="java.vendor.url.bug" value="http://bugreport.sun.com/bugreport/"/>
    <property name="java.io.tmpdir" value="C:\Users\NTHIMM~1\AppData\Local\Temp\"/>
    <property name="java.version" value="1.8.0_191"/>
    <property name="user.dir" value="E:\Naveenkumar-11568\REPORTSautomation\ScriptVersions\Script6"/>
    <property name="os.arch" value="amd64"/>
    <property name="java.vm.specification.name" value="Java Virtual Machine Specification"/>
    <property name="java.awt.printerjob" value="sun.awt.windows.WPrinterJob"/>
    <property name="sun.os.patch.level" value=""/>
    <property name="java.library.path" value="C:\Program Files\Java\jre1.8.0_191\bin;C:\WINDOWS\Sun\Java\bin;C:\WINDOWS\system32;C:\WINDOWS;C:/Program Files/Java/jre1.8.0_191/bin/server;C:/Program Files/Java/jre1.8.0_191/bin;C:/Program Files/Java/jre1.8.0_191/lib/amd64;C:\Program Files (x86)\Common Files\Oracle\Java\javapath;C:\WINDOWS\system32;C:\WINDOWS;C:\WINDOWS\System32\Wbem;C:\WINDOWS\System32\WindowsPowerShell\v1.0\;C:\WINDOWS\System32\OpenSSH\;C:\Program Files (x86)\Microsoft SQL Server\Client SDK\ODBC\130\Tools\Binn\;C:\Program Files (x86)\Microsoft SQL Server\140\Tools\Binn\;C:\Program Files (x86)\Microsoft SQL Server\140\DTS\Binn\;C:\Program Files (x86)\Microsoft SQL Server\140\Tools\Binn\ManagementStudio\;C:\Program Files\Java\jdk1.8.0_191\bin;E:\XCMFrameWork\apache-maven-3.6.1\bin;C:\Program Files\dotnet\;C:\Program Files\Microsoft SQL Server\130\Tools\Binn\;C:\Program Files\nodejs\;C:\Users\NThimmaiah\AppData\Local\Programs\Python\Python38\Scripts\;C:\Users\NThimmaiah\AppData\Local\Programs\Python\Python38\;C:\Users\NThimmaiah\AppData\Local\Microsoft\WindowsApps;C:\Users\NThimmaiah\AppData\Local\Programs\Microsoft VS Code\bin;C:\Users\NThimmaiah\AppData\Local\Programs\Git\cmd;;C:\Users\NThimmaiah\AppData\Local\JetBrains\PyCharm Community Edition 2019.3.1\bin;;C:\Users\NThimmaiah\AppData\Roaming\npm;E:\AutoBackup\eclipse-java-2019-03-R-win32-x86_64\eclipse;;."/>
    <property name="java.vm.info" value="mixed mode"/>
    <property name="java.vendor" value="Oracle Corporation"/>
    <property name="java.vm.version" value="25.191-b12"/>
    <property name="java.ext.dirs" value="C:\Program Files\Java\jre1.8.0_191\lib\ext;C:\WINDOWS\Sun\Java\lib\ext"/>
    <property name="sun.io.unicode.encoding" value="UnicodeLittle"/>
    <property name="java.class.version" value="52.0"/>
  </properties>
  <testcase name="precondition" classname="TestCases.TestCases" time="17.021">
    <failure type="java.lang.NullPointerException">java.lang.NullPointerException
	at TestCases.TestCases.precondition(TestCases.java:112)
</failure>
    <system-out><![CDATA[[TestNGContentHandler] [WARN] It is strongly recommended to add "<!DOCTYPE suite SYSTEM "http://testng.org/testng-1.0.dtd" >" at the top of your file, otherwise TestNG may fail or not work as expected.
4063 [TestNG] ERROR ./TestResults/2021_02_03_00_35_57_PM/LogFile.log  - Browser: Open Failure/Navigation cancelled, please check the application window. Error: org.openqa.selenium.remote.UnreachableBrowserException: Could not start a new session. Possible causes are invalid address of the remote server or browser start-up failure.
Build info: version: '3.6.0', revision: '6fbf3ec767', time: '2017-09-27T15:28:36.4Z'
System info: host: 'XPITAX-11568', ip: '192.168.0.102', os.name: 'Windows 10', os.arch: 'amd64', os.version: '10.0', java.version: '1.8.0_191'
Driver info: driver.version: RemoteWebDriver
Screenshot path: E:\Naveenkumar-11568\REPORTSautomation\ScriptVersions\Script6/SureFireReports/20210203-070541/Screenshots/
]]></system-out>
  </testcase>
  <testcase name="before" classname="TestCases.TestCases" time="0">
    <skipped/>
  </testcase>
  <testcase name="before" classname="TestCases.TestCases" time="0">
    <skipped/>
  </testcase>
  <testcase name="before" classname="TestCases.TestCases" time="0">
    <skipped/>
  </testcase>
  <testcase name="before" classname="TestCases.TestCases" time="0">
    <skipped/>
  </testcase>
  <testcase name="before" classname="TestCases.TestCases" time="0">
    <skipped/>
  </testcase>
  <testcase name="before" classname="TestCases.TestCases" time="0">
    <skipped/>
  </testcase>
  <testcase name="before" classname="TestCases.TestCases" time="0">
    <skipped/>
  </testcase>
  <testcase name="before" classname="TestCases.TestCases" time="0">
    <skipped/>
  </testcase>
  <testcase name="before" classname="TestCases.TestCases" time="0">
    <skipped/>
  </testcase>
  <testcase name="before" classname="TestCases.TestCases" time="0">
    <skipped/>
  </testcase>
  <testcase name="before" classname="TestCases.TestCases" time="0">
    <skipped/>
  </testcase>
  <testcase name="before" classname="TestCases.TestCases" time="0">
    <skipped/>
  </testcase>
  <testcase name="before" classname="TestCases.TestCases" time="0">
    <skipped/>
  </testcase>
  <testcase name="before" classname="TestCases.TestCases" time="0">
    <skipped/>
  </testcase>
  <testcase name="before" classname="TestCases.TestCases" time="0">
    <skipped/>
  </testcase>
  <testcase name="before" classname="TestCases.TestCases" time="0">
    <skipped/>
  </testcase>
  <testcase name="before" classname="TestCases.TestCases" time="0">
    <skipped/>
  </testcase>
  <testcase name="before" classname="TestCases.TestCases" time="0">
    <skipped/>
  </testcase>
  <testcase name="before" classname="TestCases.TestCases" time="0">
    <skipped/>
  </testcase>
  <testcase name="before" classname="TestCases.TestCases" time="0">
    <skipped/>
  </testcase>
  <testcase name="before" classname="TestCases.TestCases" time="0">
    <skipped/>
  </testcase>
  <testcase name="before" classname="TestCases.TestCases" time="0">
    <skipped/>
  </testcase>
  <testcase name="before" classname="TestCases.TestCases" time="0">
    <skipped/>
  </testcase>
  <testcase name="before" classname="TestCases.TestCases" time="0">
    <skipped/>
  </testcase>
  <testcase name="before" classname="TestCases.TestCases" time="0">
    <skipped/>
  </testcase>
  <testcase name="before" classname="TestCases.TestCases" time="0">
    <skipped/>
  </testcase>
  <testcase name="before" classname="TestCases.TestCases" time="0">
    <skipped/>
  </testcase>
  <testcase name="before" classname="TestCases.TestCases" time="0">
    <skipped/>
  </testcase>
  <testcase name="before" classname="TestCases.TestCases" time="0">
    <skipped/>
  </testcase>
  <testcase name="before" classname="TestCases.TestCases" time="0">
    <skipped/>
  </testcase>
  <testcase name="before" classname="TestCases.TestCases" time="0">
    <skipped/>
  </testcase>
  <testcase name="before" classname="TestCases.TestCases" time="0">
    <skipped/>
  </testcase>
  <testcase name="before" classname="TestCases.TestCases" time="0">
    <skipped/>
  </testcase>
  <testcase name="before" classname="TestCases.TestCases" time="0">
    <skipped/>
  </testcase>
  <testcase name="before" classname="TestCases.TestCases" time="0">
    <skipped/>
  </testcase>
  <testcase name="before" classname="TestCases.TestCases" time="0">
    <skipped/>
  </testcase>
  <testcase name="before" classname="TestCases.TestCases" time="0">
    <skipped/>
  </testcase>
  <testcase name="before" classname="TestCases.TestCases" time="0">
    <skipped/>
  </testcase>
  <testcase name="before" classname="TestCases.TestCases" time="0">
    <skipped/>
  </testcase>
  <testcase name="before" classname="TestCases.TestCases" time="0">
    <skipped/>
  </testcase>
  <testcase name="before" classname="TestCases.TestCases" time="0">
    <skipped/>
  </testcase>
  <testcase name="before" classname="TestCases.TestCases" time="0">
    <skipped/>
  </testcase>
  <testcase name="before" classname="TestCases.TestCases" time="0">
    <skipped/>
  </testcase>
  <testcase name="before" classname="TestCases.TestCases" time="0">
    <skipped/>
  </testcase>
  <testcase name="before" classname="TestCases.TestCases" time="0">
    <skipped/>
  </testcase>
  <testcase name="before" classname="TestCases.TestCases" time="0">
    <skipped/>
  </testcase>
  <testcase name="before" classname="TestCases.TestCases" time="0">
    <skipped/>
  </testcase>
  <testcase name="before" classname="TestCases.TestCases" time="0">
    <skipped/>
  </testcase>
  <testcase name="before" classname="TestCases.TestCases" time="0">
    <skipped/>
  </testcase>
  <testcase name="before" classname="TestCases.TestCases" time="0">
    <skipped/>
  </testcase>
  <testcase name="before" classname="TestCases.TestCases" time="0">
    <skipped/>
  </testcase>
  <testcase name="before" classname="TestCases.TestCases" time="0">
    <skipped/>
  </testcase>
  <testcase name="before" classname="TestCases.TestCases" time="0">
    <skipped/>
  </testcase>
  <testcase name="before" classname="TestCases.TestCases" time="0">
    <skipped/>
  </testcase>
  <testcase name="before" classname="TestCases.TestCases" time="0">
    <skipped/>
  </testcase>
  <testcase name="before" classname="TestCases.TestCases" time="0">
    <skipped/>
  </testcase>
  <testcase name="before" classname="TestCases.TestCases" time="0">
    <skipped/>
  </testcase>
  <testcase name="before" classname="TestCases.TestCases" time="0">
    <skipped/>
  </testcase>
  <testcase name="before" classname="TestCases.TestCases" time="0">
    <skipped/>
  </testcase>
  <testcase name="before" classname="TestCases.TestCases" time="0">
    <skipped/>
  </testcase>
  <testcase name="before" classname="TestCases.TestCases" time="0">
    <skipped/>
  </testcase>
  <testcase name="before" classname="TestCases.TestCases" time="0">
    <skipped/>
  </testcase>
  <testcase name="before" classname="TestCases.TestCases" time="0">
    <skipped/>
  </testcase>
  <testcase name="before" classname="TestCases.TestCases" time="0">
    <skipped/>
  </testcase>
  <testcase name="before" classname="TestCases.TestCases" time="0">
    <skipped/>
  </testcase>
  <testcase name="before" classname="TestCases.TestCases" time="0">
    <skipped/>
  </testcase>
  <testcase name="before" classname="TestCases.TestCases" time="0">
    <skipped/>
  </testcase>
  <testcase name="before" classname="TestCases.TestCases" time="0">
    <skipped/>
  </testcase>
  <testcase name="before" classname="TestCases.TestCases" time="0">
    <skipped/>
  </testcase>
  <testcase name="before" classname="TestCases.TestCases" time="0">
    <skipped/>
  </testcase>
  <testcase name="before" classname="TestCases.TestCases" time="0">
    <skipped/>
  </testcase>
  <testcase name="before" classname="TestCases.TestCases" time="0">
    <skipped/>
  </testcase>
  <testcase name="before" classname="TestCases.TestCases" time="0">
    <skipped/>
  </testcase>
  <testcase name="before" classname="TestCases.TestCases" time="0">
    <skipped/>
  </testcase>
  <testcase name="before" classname="TestCases.TestCases" time="0">
    <skipped/>
  </testcase>
  <testcase name="before" classname="TestCases.TestCases" time="0">
    <skipped/>
  </testcase>
  <testcase name="before" classname="TestCases.TestCases" time="0">
    <skipped/>
  </testcase>
  <testcase name="before" classname="TestCases.TestCases" time="0">
    <skipped/>
  </testcase>
  <testcase name="before" classname="TestCases.TestCases" time="0">
    <skipped/>
  </testcase>
  <testcase name="before" classname="TestCases.TestCases" time="0">
    <skipped/>
  </testcase>
  <testcase name="before" classname="TestCases.TestCases" time="0">
    <skipped/>
  </testcase>
  <testcase name="before" classname="TestCases.TestCases" time="0">
    <skipped/>
  </testcase>
  <testcase name="before" classname="TestCases.TestCases" time="0">
    <skipped/>
  </testcase>
  <testcase name="before" classname="TestCases.TestCases" time="0">
    <skipped/>
  </testcase>
  <testcase name="before" classname="TestCases.TestCases" time="0">
    <skipped/>
  </testcase>
  <testcase name="before" classname="TestCases.TestCases" time="0">
    <skipped/>
  </testcase>
  <testcase name="before" classname="TestCases.TestCases" time="0">
    <skipped/>
  </testcase>
  <testcase name="before" classname="TestCases.TestCases" time="0">
    <skipped/>
  </testcase>
  <testcase name="before" classname="TestCases.TestCases" time="0">
    <skipped/>
  </testcase>
  <testcase name="before" classname="TestCases.TestCases" time="0">
    <skipped/>
  </testcase>
  <testcase name="before" classname="TestCases.TestCases" time="0">
    <skipped/>
  </testcase>
  <testcase name="before" classname="TestCases.TestCases" time="0">
    <skipped/>
  </testcase>
  <testcase name="before" classname="TestCases.TestCases" time="0">
    <skipped/>
  </testcase>
  <testcase name="before" classname="TestCases.TestCases" time="0">
    <skipped/>
  </testcase>
  <testcase name="before" classname="TestCases.TestCases" time="0">
    <skipped/>
  </testcase>
  <testcase name="before" classname="TestCases.TestCases" time="0">
    <skipped/>
  </testcase>
  <testcase name="before" classname="TestCases.TestCases" time="0">
    <skipped/>
  </testcase>
  <testcase name="before" classname="TestCases.TestCases" time="0">
    <skipped/>
  </testcase>
  <testcase name="before" classname="TestCases.TestCases" time="0">
    <skipped/>
  </testcase>
  <testcase name="before" classname="TestCases.TestCases" time="0">
    <skipped/>
  </testcase>
  <testcase name="before" classname="TestCases.TestCases" time="0">
    <skipped/>
  </testcase>
  <testcase name="before" classname="TestCases.TestCases" time="0">
    <skipped/>
  </testcase>
  <testcase name="before" classname="TestCases.TestCases" time="0">
    <skipped/>
  </testcase>
  <testcase name="before" classname="TestCases.TestCases" time="0">
    <skipped/>
  </testcase>
  <testcase name="before" classname="TestCases.TestCases" time="0">
    <skipped/>
  </testcase>
  <testcase name="before" classname="TestCases.TestCases" time="0">
    <skipped/>
  </testcase>
  <testcase name="TC_Login" classname="TestCases.TestCases" time="0">
    <skipped/>
  </testcase>
  <testcase name="UR_IPO_01" classname="TestCases.TestCases" time="0">
    <skipped/>
  </testcase>
  <testcase name="UR_IPO_02" classname="TestCases.TestCases" time="0">
    <skipped/>
  </testcase>
  <testcase name="UR_IPO_03" classname="TestCases.TestCases" time="0">
    <skipped/>
  </testcase>
  <testcase name="UR_IPO_04" classname="TestCases.TestCases" time="0">
    <skipped/>
  </testcase>
  <testcase name="UR_IPO_05" classname="TestCases.TestCases" time="0">
    <skipped/>
  </testcase>
  <testcase name="UR_IPO_06" classname="TestCases.TestCases" time="0">
    <skipped/>
  </testcase>
  <testcase name="UR_IPO_07" classname="TestCases.TestCases" time="0">
    <skipped/>
  </testcase>
  <testcase name="UR_IPO_08" classname="TestCases.TestCases" time="0">
    <skipped/>
  </testcase>
  <testcase name="UR_IPO_09" classname="TestCases.TestCases" time="0">
    <skipped/>
  </testcase>
  <testcase name="UR_IPO_10" classname="TestCases.TestCases" time="0">
    <skipped/>
  </testcase>
  <testcase name="UR_IPO_11" classname="TestCases.TestCases" time="0">
    <skipped/>
  </testcase>
  <testcase name="UR_IPO_12" classname="TestCases.TestCases" time="0">
    <skipped/>
  </testcase>
  <testcase name="UR_IPO_13" classname="TestCases.TestCases" time="0">
    <skipped/>
  </testcase>
  <testcase name="UR_IPO_14" classname="TestCases.TestCases" time="0">
    <skipped/>
  </testcase>
  <testcase name="UR_IPO_15" classname="TestCases.TestCases" time="0">
    <skipped/>
  </testcase>
  <testcase name="UR_IPO_16" classname="TestCases.TestCases" time="0">
    <skipped/>
  </testcase>
  <testcase name="UR_IPO_17" classname="TestCases.TestCases" time="0">
    <skipped/>
  </testcase>
  <testcase name="UR_IPA_01" classname="TestCases.TestCases" time="0">
    <skipped/>
  </testcase>
  <testcase name="UR_IPA_02" classname="TestCases.TestCases" time="0">
    <skipped/>
  </testcase>
  <testcase name="UR_IPA_03" classname="TestCases.TestCases" time="0">
    <skipped/>
  </testcase>
  <testcase name="UR_IPA_04" classname="TestCases.TestCases" time="0">
    <skipped/>
  </testcase>
  <testcase name="UR_IPA_05" classname="TestCases.TestCases" time="0">
    <skipped/>
  </testcase>
  <testcase name="UR_IPA_06" classname="TestCases.TestCases" time="0">
    <skipped/>
  </testcase>
  <testcase name="UR_IPA_07" classname="TestCases.TestCases" time="0">
    <skipped/>
  </testcase>
  <testcase name="UR_IPA_08" classname="TestCases.TestCases" time="0">
    <skipped/>
  </testcase>
  <testcase name="UR_IPA_09" classname="TestCases.TestCases" time="0">
    <skipped/>
  </testcase>
  <testcase name="UR_IPA_10" classname="TestCases.TestCases" time="0">
    <skipped/>
  </testcase>
  <testcase name="UR_IPA_11" classname="TestCases.TestCases" time="0">
    <skipped/>
  </testcase>
  <testcase name="UR_IPA_12" classname="TestCases.TestCases" time="0">
    <skipped/>
  </testcase>
  <testcase name="UR_IPA_13" classname="TestCases.TestCases" time="0">
    <skipped/>
  </testcase>
  <testcase name="UR_IPA_14" classname="TestCases.TestCases" time="0">
    <skipped/>
  </testcase>
  <testcase name="UR_IPA_15" classname="TestCases.TestCases" time="0">
    <skipped/>
  </testcase>
  <testcase name="UR_IPA_16" classname="TestCases.TestCases" time="0">
    <skipped/>
  </testcase>
  <testcase name="UR_IPA_17" classname="TestCases.TestCases" time="0">
    <skipped/>
  </testcase>
  <testcase name="UR_CLS_01" classname="TestCases.TestCases" time="0">
    <skipped/>
  </testcase>
  <testcase name="UR_CLS_02" classname="TestCases.TestCases" time="0">
    <skipped/>
  </testcase>
  <testcase name="UR_CLS_03" classname="TestCases.TestCases" time="0">
    <skipped/>
  </testcase>
  <testcase name="UR_CLS_04" classname="TestCases.TestCases" time="0">
    <skipped/>
  </testcase>
  <testcase name="UR_CLS_05" classname="TestCases.TestCases" time="0">
    <skipped/>
  </testcase>
  <testcase name="UR_CLS_06" classname="TestCases.TestCases" time="0">
    <skipped/>
  </testcase>
  <testcase name="UR_CLS_07" classname="TestCases.TestCases" time="0">
    <skipped/>
  </testcase>
  <testcase name="UR_CLS_08" classname="TestCases.TestCases" time="0">
    <skipped/>
  </testcase>
  <testcase name="UR_CLS_09" classname="TestCases.TestCases" time="0">
    <skipped/>
  </testcase>
  <testcase name="UR_CLS_10" classname="TestCases.TestCases" time="0">
    <skipped/>
  </testcase>
  <testcase name="UR_CLS_11" classname="TestCases.TestCases" time="0">
    <skipped/>
  </testcase>
  <testcase name="UR_CLS_12" classname="TestCases.TestCases" time="0">
    <skipped/>
  </testcase>
  <testcase name="UR_CLS_13" classname="TestCases.TestCases" time="0">
    <skipped/>
  </testcase>
  <testcase name="UR_CLS_14" classname="TestCases.TestCases" time="0">
    <skipped/>
  </testcase>
  <testcase name="UR_CLS_15" classname="TestCases.TestCases" time="0">
    <skipped/>
  </testcase>
  <testcase name="UR_CLS_16" classname="TestCases.TestCases" time="0">
    <skipped/>
  </testcase>
  <testcase name="UR_CLS_17" classname="TestCases.TestCases" time="0">
    <skipped/>
  </testcase>
  <testcase name="UR_CLD_01" classname="TestCases.TestCases" time="0">
    <skipped/>
  </testcase>
  <testcase name="UR_CLD_02" classname="TestCases.TestCases" time="0">
    <skipped/>
  </testcase>
  <testcase name="UR_CLD_03" classname="TestCases.TestCases" time="0">
    <skipped/>
  </testcase>
  <testcase name="UR_CLD_04" classname="TestCases.TestCases" time="0">
    <skipped/>
  </testcase>
  <testcase name="UR_CLD_05" classname="TestCases.TestCases" time="0">
    <skipped/>
  </testcase>
  <testcase name="UR_CLD_06" classname="TestCases.TestCases" time="0">
    <skipped/>
  </testcase>
  <testcase name="UR_CLD_07" classname="TestCases.TestCases" time="0">
    <skipped/>
  </testcase>
  <testcase name="UR_CLD_08" classname="TestCases.TestCases" time="0">
    <skipped/>
  </testcase>
  <testcase name="UR_CLD_09" classname="TestCases.TestCases" time="0">
    <skipped/>
  </testcase>
  <testcase name="UR_CLD_10" classname="TestCases.TestCases" time="0">
    <skipped/>
  </testcase>
  <testcase name="UR_CLD_11" classname="TestCases.TestCases" time="0">
    <skipped/>
  </testcase>
  <testcase name="UR_CLD_12" classname="TestCases.TestCases" time="0">
    <skipped/>
  </testcase>
  <testcase name="UR_CLD_13" classname="TestCases.TestCases" time="0">
    <skipped/>
  </testcase>
  <testcase name="UR_CLD_14" classname="TestCases.TestCases" time="0">
    <skipped/>
  </testcase>
  <testcase name="UR_CLD_15" classname="TestCases.TestCases" time="0">
    <skipped/>
  </testcase>
  <testcase name="UR_CLD_16" classname="TestCases.TestCases" time="0">
    <skipped/>
  </testcase>
  <testcase name="UR_CLD_17" classname="TestCases.TestCases" time="0">
    <skipped/>
  </testcase>
  <testcase name="UR_CLD_18" classname="TestCases.TestCases" time="0">
    <skipped/>
  </testcase>
  <testcase name="UR_CLD_19" classname="TestCases.TestCases" time="0">
    <skipped/>
  </testcase>
  <testcase name="UR_CLD_20" classname="TestCases.TestCases" time="0">
    <skipped/>
  </testcase>
  <testcase name="UR_CLD_21" classname="TestCases.TestCases" time="0">
    <skipped/>
  </testcase>
  <testcase name="UR_MCT_01" classname="TestCases.TestCases" time="0">
    <skipped/>
  </testcase>
  <testcase name="UR_MCT_02" classname="TestCases.TestCases" time="0">
    <skipped/>
  </testcase>
  <testcase name="UR_MCT_03" classname="TestCases.TestCases" time="0">
    <skipped/>
  </testcase>
  <testcase name="UR_MCT_04" classname="TestCases.TestCases" time="0">
    <skipped/>
  </testcase>
  <testcase name="UR_MCT_05" classname="TestCases.TestCases" time="0">
    <skipped/>
  </testcase>
  <testcase name="UR_MCT_06" classname="TestCases.TestCases" time="0">
    <skipped/>
  </testcase>
  <testcase name="UR_MCT_07" classname="TestCases.TestCases" time="0">
    <skipped/>
  </testcase>
  <testcase name="UR_MCT_08" classname="TestCases.TestCases" time="0">
    <skipped/>
  </testcase>
  <testcase name="UR_MCT_09" classname="TestCases.TestCases" time="0">
    <skipped/>
  </testcase>
  <testcase name="UR_MCT_10" classname="TestCases.TestCases" time="0">
    <skipped/>
  </testcase>
  <testcase name="UR_MCT_11" classname="TestCases.TestCases" time="0">
    <skipped/>
  </testcase>
  <testcase name="UR_MCT_12" classname="TestCases.TestCases" time="0">
    <skipped/>
  </testcase>
  <testcase name="UR_MCT_13" classname="TestCases.TestCases" time="0">
    <skipped/>
  </testcase>
  <testcase name="UR_MCT_14" classname="TestCases.TestCases" time="0">
    <skipped/>
  </testcase>
  <testcase name="UR_MCT_15" classname="TestCases.TestCases" time="0">
    <skipped/>
  </testcase>
  <testcase name="UR_MCT_16" classname="TestCases.TestCases" time="0">
    <skipped/>
  </testcase>
  <testcase name="UR_TIM_01" classname="TestCases.TestCases" time="0">
    <skipped/>
  </testcase>
  <testcase name="UR_TIM_02" classname="TestCases.TestCases" time="0">
    <skipped/>
  </testcase>
  <testcase name="UR_TIM_03" classname="TestCases.TestCases" time="0">
    <skipped/>
  </testcase>
  <testcase name="UR_TIM_04" classname="TestCases.TestCases" time="0">
    <skipped/>
  </testcase>
  <testcase name="UR_TIM_05" classname="TestCases.TestCases" time="0">
    <skipped/>
  </testcase>
  <testcase name="UR_TIM_06" classname="TestCases.TestCases" time="0">
    <skipped/>
  </testcase>
  <testcase name="UR_TIM_07" classname="TestCases.TestCases" time="0">
    <skipped/>
  </testcase>
  <testcase name="UR_TIM_08" classname="TestCases.TestCases" time="0">
    <skipped/>
  </testcase>
  <testcase name="UR_TIM_09" classname="TestCases.TestCases" time="0">
    <skipped/>
  </testcase>
  <testcase name="UR_TIM_10" classname="TestCases.TestCases" time="0">
    <skipped/>
  </testcase>
  <testcase name="UR_TIM_11" classname="TestCases.TestCases" time="0">
    <skipped/>
  </testcase>
  <testcase name="UR_TIM_12" classname="TestCases.TestCases" time="0">
    <skipped/>
  </testcase>
  <testcase name="UR_TIM_13" classname="TestCases.TestCases" time="0">
    <skipped/>
  </testcase>
  <testcase name="UR_TIM_14" classname="TestCases.TestCases" time="0">
    <skipped/>
  </testcase>
  <testcase name="UR_TIM_15" classname="TestCases.TestCases" time="0">
    <skipped/>
  </testcase>
  <testcase name="UR_TIM_16" classname="TestCases.TestCases" time="0">
    <skipped/>
  </testcase>
  <testcase name="TC_Logout" classname="TestCases.TestCases" time="0">
    <skipped/>
  </testcase>
  <testcase name="closeSessions" classname="TestCases.TestCases" time="0">
    <skipped/>
  </testcase>
</testsuite>